-- Found ament_cmake: 2.5.2 (/opt/ros/jazzy/share/ament_cmake/cmake)
-- Found Python3: /usr/bin/python3 (found version "3.12.3") found components: Interpreter 
-- Found rosidl_default_generators: 1.6.0 (/opt/ros/jazzy/share/rosidl_default_generators/cmake)
-- Using all available rosidl_typesupport_c: rosidl_typesupport_fastrtps_c;rosidl_typesupport_introspection_c
-- Using all available rosidl_typesupport_cpp: rosidl_typesupport_fastrtps_cpp;rosidl_typesupport_introspection_cpp
-- Found rosidl_adapter: 4.6.4 (/opt/ros/jazzy/share/rosidl_adapter/cmake)
-- Found ament_cmake_ros: 0.12.0 (/opt/ros/jazzy/share/ament_cmake_ros/cmake)
-- Using all available rosidl_typesupport_c: rosidl_typesupport_fastrtps_c;rosidl_typesupport_introspection_c
-- Using all available rosidl_typesupport_cpp: rosidl_typesupport_fastrtps_cpp;rosidl_typesupport_introspection_cpp
-- Found python_cmake_module: 0.11.1 (/opt/ros/jazzy/share/python_cmake_module/cmake)
-- Found Python3: /usr/bin/python3 (found version "3.12.3") found components: Interpreter Development NumPy Development.Module Development.Embed 
-- Found ament_lint_auto: 0.17.1 (/opt/ros/jazzy/share/ament_lint_auto/cmake)
-- Added test 'lint_cmake' to check CMake code style
-- Added test 'xmllint' to check XML markup files
-- Configuring done (2.3s)
-- Generating done (0.0s)
-- Build files have been written to: /home/tatenami/ros2/ws/pad/build/pad_msg
[  2%] [34m[1mGenerating type hashes for ROS interfaces[0m
[  2%] Built target ament_cmake_python_copy_pad_msg
[  2%] Built target pad_msg__rosidl_generator_type_description
[  5%] [34m[1mGenerating C code for ROS interfaces[0m
[  8%] [34m[1mGenerating C++ code for ROS interfaces[0m
running egg_info
writing pad_msg.egg-info/PKG-INFO
writing dependency_links to pad_msg.egg-info/dependency_links.txt
writing top-level names to pad_msg.egg-info/top_level.txt
reading manifest file 'pad_msg.egg-info/SOURCES.txt'
writing manifest file 'pad_msg.egg-info/SOURCES.txt'
[  8%] Built target ament_cmake_python_build_pad_msg_egg
[  8%] Built target pad_msg__cpp
[ 11%] [32mBuilding C object CMakeFiles/pad_msg__rosidl_generator_c.dir/rosidl_generator_c/pad_msg/msg/detail/pad__description.c.o[0m
[ 14%] [32mBuilding C object CMakeFiles/pad_msg__rosidl_generator_c.dir/rosidl_generator_c/pad_msg/msg/detail/pad__functions.c.o[0m
[ 17%] [32mBuilding C object CMakeFiles/pad_msg__rosidl_generator_c.dir/rosidl_generator_c/pad_msg/msg/detail/pad__type_support.c.o[0m
[ 20%] [32m[1mLinking C shared library libpad_msg__rosidl_generator_c.so[0m
[ 20%] Built target pad_msg__rosidl_generator_c
[ 29%] [34m[1mGenerating C++ introspection for ROS interfaces[0m
[ 29%] [34m[1mGenerating C introspection for ROS interfaces[0m
[ 29%] [34m[1mGenerating C++ type support for eProsima Fast-RTPS[0m
[ 32%] [34m[1mGenerating C++ type support dispatch for ROS interfaces[0m
[ 35%] [32mBuilding CXX object CMakeFiles/pad_msg__rosidl_typesupport_cpp.dir/rosidl_typesupport_cpp/pad_msg/msg/pad__type_support.cpp.o[0m
[ 38%] [32mBuilding CXX object CMakeFiles/pad_msg__rosidl_typesupport_fastrtps_cpp.dir/rosidl_typesupport_fastrtps_cpp/pad_msg/msg/detail/dds_fastrtps/pad__type_support.cpp.o[0m
[ 41%] [32mBuilding CXX object CMakeFiles/pad_msg__rosidl_typesupport_introspection_cpp.dir/rosidl_typesupport_introspection_cpp/pad_msg/msg/detail/pad__type_support.cpp.o[0m
[ 44%] [32mBuilding C object CMakeFiles/pad_msg__rosidl_typesupport_introspection_c.dir/rosidl_typesupport_introspection_c/pad_msg/msg/detail/pad__type_support.c.o[0m
[ 47%] [32m[1mLinking C shared library libpad_msg__rosidl_typesupport_introspection_c.so[0m
[ 47%] Built target pad_msg__rosidl_typesupport_introspection_c
[ 50%] [34m[1mGenerating C type support dispatch for ROS interfaces[0m
[ 52%] [32m[1mLinking CXX shared library libpad_msg__rosidl_typesupport_cpp.so[0m
[ 55%] [32mBuilding CXX object CMakeFiles/pad_msg__rosidl_typesupport_c.dir/rosidl_typesupport_c/pad_msg/msg/pad__type_support.cpp.o[0m
[ 55%] Built target pad_msg__rosidl_typesupport_cpp
[ 58%] [34m[1mGenerating C type support for eProsima Fast-RTPS[0m
[ 61%] [32m[1mLinking CXX shared library libpad_msg__rosidl_typesupport_c.so[0m
[ 61%] Built target pad_msg__rosidl_typesupport_c
[ 64%] [32m[1mLinking CXX shared library libpad_msg__rosidl_typesupport_introspection_cpp.so[0m
[ 64%] Built target pad_msg__rosidl_typesupport_introspection_cpp
[ 67%] [32m[1mLinking CXX shared library libpad_msg__rosidl_typesupport_fastrtps_cpp.so[0m
[ 70%] [32mBuilding CXX object CMakeFiles/pad_msg__rosidl_typesupport_fastrtps_c.dir/rosidl_typesupport_fastrtps_c/pad_msg/msg/detail/pad__type_support_c.cpp.o[0m
[ 70%] Built target pad_msg__rosidl_typesupport_fastrtps_cpp
[ 73%] [32m[1mLinking CXX shared library libpad_msg__rosidl_typesupport_fastrtps_c.so[0m
[ 73%] Built target pad_msg__rosidl_typesupport_fastrtps_c
[ 73%] Built target pad_msg
[ 76%] [34m[1mGenerating Python code for ROS interfaces[0m
[ 76%] Built target pad_msg__py
[ 79%] [32mBuilding C object CMakeFiles/pad_msg__rosidl_generator_py.dir/rosidl_generator_py/pad_msg/msg/_pad_s.c.o[0m
[ 82%] [32m[1mLinking C shared library libpad_msg__rosidl_generator_py.so[0m
[ 82%] Built target pad_msg__rosidl_generator_py
[ 91%] [32mBuilding C object CMakeFiles/pad_msg_s__rosidl_typesupport_fastrtps_c.dir/rosidl_generator_py/pad_msg/_pad_msg_s.ep.rosidl_typesupport_fastrtps_c.c.o[0m
[ 91%] [32mBuilding C object CMakeFiles/pad_msg_s__rosidl_typesupport_introspection_c.dir/rosidl_generator_py/pad_msg/_pad_msg_s.ep.rosidl_typesupport_introspection_c.c.o[0m
[ 91%] [32mBuilding C object CMakeFiles/pad_msg_s__rosidl_typesupport_c.dir/rosidl_generator_py/pad_msg/_pad_msg_s.ep.rosidl_typesupport_c.c.o[0m
[ 94%] [32m[1mLinking C shared module rosidl_generator_py/pad_msg/pad_msg_s__rosidl_typesupport_c.so[0m
[ 97%] [32m[1mLinking C shared module rosidl_generator_py/pad_msg/pad_msg_s__rosidl_typesupport_introspection_c.so[0m
[100%] [32m[1mLinking C shared module rosidl_generator_py/pad_msg/pad_msg_s__rosidl_typesupport_fastrtps_c.so[0m
[100%] Built target pad_msg_s__rosidl_typesupport_c
[100%] Built target pad_msg_s__rosidl_typesupport_introspection_c
[100%] Built target pad_msg_s__rosidl_typesupport_fastrtps_c
-- Install configuration: ""
-- Up-to-date: /home/tatenami/ros2/ws/pad/install/pad_msg/share/ament_index/resource_index/rosidl_interfaces/pad_msg
-- Installing: /home/tatenami/ros2/ws/pad/install/pad_msg/share/pad_msg/msg/Pad.json
-- Up-to-date: /home/tatenami/ros2/ws/pad/install/pad_msg/include/pad_msg/pad_msg
-- Up-to-date: /home/tatenami/ros2/ws/pad/install/pad_msg/include/pad_msg/pad_msg/msg
-- Installing: /home/tatenami/ros2/ws/pad/install/pad_msg/include/pad_msg/pad_msg/msg/pad.h
-- Up-to-date: /home/tatenami/ros2/ws/pad/install/pad_msg/include/pad_msg/pad_msg/msg/rosidl_generator_c__visibility_control.h
-- Up-to-date: /home/tatenami/ros2/ws/pad/install/pad_msg/include/pad_msg/pad_msg/msg/detail
-- Installing: /home/tatenami/ros2/ws/pad/install/pad_msg/include/pad_msg/pad_msg/msg/detail/pad__type_support.h
-- Installing: /home/tatenami/ros2/ws/pad/install/pad_msg/include/pad_msg/pad_msg/msg/detail/pad__functions.c
-- Installing: /home/tatenami/ros2/ws/pad/install/pad_msg/include/pad_msg/pad_msg/msg/detail/pad__functions.h
-- Installing: /home/tatenami/ros2/ws/pad/install/pad_msg/include/pad_msg/pad_msg/msg/detail/pad__type_support.c
-- Installing: /home/tatenami/ros2/ws/pad/install/pad_msg/include/pad_msg/pad_msg/msg/detail/pad__description.c
-- Installing: /home/tatenami/ros2/ws/pad/install/pad_msg/include/pad_msg/pad_msg/msg/detail/pad__struct.h
-- Up-to-date: /home/tatenami/ros2/ws/pad/install/pad_msg/share/pad_msg/environment/library_path.sh
-- Up-to-date: /home/tatenami/ros2/ws/pad/install/pad_msg/share/pad_msg/environment/library_path.dsv
-- Installing: /home/tatenami/ros2/ws/pad/install/pad_msg/lib/libpad_msg__rosidl_generator_c.so
-- Set non-toolchain portion of runtime path of "/home/tatenami/ros2/ws/pad/install/pad_msg/lib/libpad_msg__rosidl_generator_c.so" to ""
-- Up-to-date: /home/tatenami/ros2/ws/pad/install/pad_msg/include/pad_msg/pad_msg
-- Up-to-date: /home/tatenami/ros2/ws/pad/install/pad_msg/include/pad_msg/pad_msg/msg
-- Up-to-date: /home/tatenami/ros2/ws/pad/install/pad_msg/include/pad_msg/pad_msg/msg/detail
-- Installing: /home/tatenami/ros2/ws/pad/install/pad_msg/include/pad_msg/pad_msg/msg/detail/pad__rosidl_typesupport_fastrtps_c.h
-- Up-to-date: /home/tatenami/ros2/ws/pad/install/pad_msg/include/pad_msg/pad_msg/msg/rosidl_typesupport_fastrtps_c__visibility_control.h
-- Installing: /home/tatenami/ros2/ws/pad/install/pad_msg/lib/libpad_msg__rosidl_typesupport_fastrtps_c.so
-- Set non-toolchain portion of runtime path of "/home/tatenami/ros2/ws/pad/install/pad_msg/lib/libpad_msg__rosidl_typesupport_fastrtps_c.so" to ""
-- Up-to-date: /home/tatenami/ros2/ws/pad/install/pad_msg/include/pad_msg/pad_msg
-- Up-to-date: /home/tatenami/ros2/ws/pad/install/pad_msg/include/pad_msg/pad_msg/msg
-- Up-to-date: /home/tatenami/ros2/ws/pad/install/pad_msg/include/pad_msg/pad_msg/msg/rosidl_typesupport_introspection_c__visibility_control.h
-- Up-to-date: /home/tatenami/ros2/ws/pad/install/pad_msg/include/pad_msg/pad_msg/msg/detail
-- Installing: /home/tatenami/ros2/ws/pad/install/pad_msg/include/pad_msg/pad_msg/msg/detail/pad__rosidl_typesupport_introspection_c.h
-- Installing: /home/tatenami/ros2/ws/pad/install/pad_msg/include/pad_msg/pad_msg/msg/detail/pad__type_support.c
-- Installing: /home/tatenami/ros2/ws/pad/install/pad_msg/lib/libpad_msg__rosidl_typesupport_introspection_c.so
-- Set non-toolchain portion of runtime path of "/home/tatenami/ros2/ws/pad/install/pad_msg/lib/libpad_msg__rosidl_typesupport_introspection_c.so" to ""
-- Installing: /home/tatenami/ros2/ws/pad/install/pad_msg/lib/libpad_msg__rosidl_typesupport_c.so
-- Set non-toolchain portion of runtime path of "/home/tatenami/ros2/ws/pad/install/pad_msg/lib/libpad_msg__rosidl_typesupport_c.so" to ""
-- Up-to-date: /home/tatenami/ros2/ws/pad/install/pad_msg/include/pad_msg/pad_msg
-- Up-to-date: /home/tatenami/ros2/ws/pad/install/pad_msg/include/pad_msg/pad_msg/msg
-- Installing: /home/tatenami/ros2/ws/pad/install/pad_msg/include/pad_msg/pad_msg/msg/pad.hpp
-- Installing: /home/tatenami/ros2/ws/pad/install/pad_msg/include/pad_msg/pad_msg/msg/rosidl_generator_cpp__visibility_control.hpp
-- Up-to-date: /home/tatenami/ros2/ws/pad/install/pad_msg/include/pad_msg/pad_msg/msg/detail
-- Installing: /home/tatenami/ros2/ws/pad/install/pad_msg/include/pad_msg/pad_msg/msg/detail/pad__type_support.hpp
-- Installing: /home/tatenami/ros2/ws/pad/install/pad_msg/include/pad_msg/pad_msg/msg/detail/pad__builder.hpp
-- Installing: /home/tatenami/ros2/ws/pad/install/pad_msg/include/pad_msg/pad_msg/msg/detail/pad__traits.hpp
-- Installing: /home/tatenami/ros2/ws/pad/install/pad_msg/include/pad_msg/pad_msg/msg/detail/pad__struct.hpp
-- Up-to-date: /home/tatenami/ros2/ws/pad/install/pad_msg/include/pad_msg/pad_msg
-- Up-to-date: /home/tatenami/ros2/ws/pad/install/pad_msg/include/pad_msg/pad_msg/msg
-- Up-to-date: /home/tatenami/ros2/ws/pad/install/pad_msg/include/pad_msg/pad_msg/msg/rosidl_typesupport_fastrtps_cpp__visibility_control.h
-- Up-to-date: /home/tatenami/ros2/ws/pad/install/pad_msg/include/pad_msg/pad_msg/msg/detail
-- Installing: /home/tatenami/ros2/ws/pad/install/pad_msg/include/pad_msg/pad_msg/msg/detail/pad__rosidl_typesupport_fastrtps_cpp.hpp
-- Up-to-date: /home/tatenami/ros2/ws/pad/install/pad_msg/include/pad_msg/pad_msg/msg/detail/dds_fastrtps
-- Installing: /home/tatenami/ros2/ws/pad/install/pad_msg/lib/libpad_msg__rosidl_typesupport_fastrtps_cpp.so
-- Set non-toolchain portion of runtime path of "/home/tatenami/ros2/ws/pad/install/pad_msg/lib/libpad_msg__rosidl_typesupport_fastrtps_cpp.so" to ""
-- Up-to-date: /home/tatenami/ros2/ws/pad/install/pad_msg/include/pad_msg/pad_msg
-- Up-to-date: /home/tatenami/ros2/ws/pad/install/pad_msg/include/pad_msg/pad_msg/msg
-- Up-to-date: /home/tatenami/ros2/ws/pad/install/pad_msg/include/pad_msg/pad_msg/msg/detail
-- Installing: /home/tatenami/ros2/ws/pad/install/pad_msg/include/pad_msg/pad_msg/msg/detail/pad__rosidl_typesupport_introspection_cpp.hpp
-- Installing: /home/tatenami/ros2/ws/pad/install/pad_msg/include/pad_msg/pad_msg/msg/detail/pad__type_support.cpp
-- Installing: /home/tatenami/ros2/ws/pad/install/pad_msg/lib/libpad_msg__rosidl_typesupport_introspection_cpp.so
-- Set non-toolchain portion of runtime path of "/home/tatenami/ros2/ws/pad/install/pad_msg/lib/libpad_msg__rosidl_typesupport_introspection_cpp.so" to ""
-- Installing: /home/tatenami/ros2/ws/pad/install/pad_msg/lib/libpad_msg__rosidl_typesupport_cpp.so
-- Set non-toolchain portion of runtime path of "/home/tatenami/ros2/ws/pad/install/pad_msg/lib/libpad_msg__rosidl_typesupport_cpp.so" to ""
-- Up-to-date: /home/tatenami/ros2/ws/pad/install/pad_msg/share/pad_msg/environment/pythonpath.sh
-- Up-to-date: /home/tatenami/ros2/ws/pad/install/pad_msg/share/pad_msg/environment/pythonpath.dsv
-- Up-to-date: /home/tatenami/ros2/ws/pad/install/pad_msg/lib/python3.12/site-packages/pad_msg-0.0.0-py3.12.egg-info
-- Installing: /home/tatenami/ros2/ws/pad/install/pad_msg/lib/python3.12/site-packages/pad_msg-0.0.0-py3.12.egg-info/dependency_links.txt
-- Installing: /home/tatenami/ros2/ws/pad/install/pad_msg/lib/python3.12/site-packages/pad_msg-0.0.0-py3.12.egg-info/PKG-INFO
-- Installing: /home/tatenami/ros2/ws/pad/install/pad_msg/lib/python3.12/site-packages/pad_msg-0.0.0-py3.12.egg-info/top_level.txt
-- Installing: /home/tatenami/ros2/ws/pad/install/pad_msg/lib/python3.12/site-packages/pad_msg-0.0.0-py3.12.egg-info/SOURCES.txt
-- Up-to-date: /home/tatenami/ros2/ws/pad/install/pad_msg/lib/python3.12/site-packages/pad_msg
-- Installing: /home/tatenami/ros2/ws/pad/install/pad_msg/lib/python3.12/site-packages/pad_msg/_pad_msg_s.ep.rosidl_typesupport_fastrtps_c.c
-- Installing: /home/tatenami/ros2/ws/pad/install/pad_msg/lib/python3.12/site-packages/pad_msg/pad_msg_s__rosidl_typesupport_introspection_c.so
-- Up-to-date: /home/tatenami/ros2/ws/pad/install/pad_msg/lib/python3.12/site-packages/pad_msg/msg
-- Installing: /home/tatenami/ros2/ws/pad/install/pad_msg/lib/python3.12/site-packages/pad_msg/msg/_pad_s.c
-- Installing: /home/tatenami/ros2/ws/pad/install/pad_msg/lib/python3.12/site-packages/pad_msg/msg/_pad.py
-- Installing: /home/tatenami/ros2/ws/pad/install/pad_msg/lib/python3.12/site-packages/pad_msg/msg/__init__.py
-- Installing: /home/tatenami/ros2/ws/pad/install/pad_msg/lib/python3.12/site-packages/pad_msg/pad_msg_s__rosidl_typesupport_fastrtps_c.so
-- Installing: /home/tatenami/ros2/ws/pad/install/pad_msg/lib/python3.12/site-packages/pad_msg/pad_msg_s__rosidl_typesupport_c.so
-- Installing: /home/tatenami/ros2/ws/pad/install/pad_msg/lib/python3.12/site-packages/pad_msg/_pad_msg_s.ep.rosidl_typesupport_introspection_c.c
-- Installing: /home/tatenami/ros2/ws/pad/install/pad_msg/lib/python3.12/site-packages/pad_msg/_pad_msg_s.ep.rosidl_typesupport_c.c
-- Installing: /home/tatenami/ros2/ws/pad/install/pad_msg/lib/python3.12/site-packages/pad_msg/__init__.py
Listing '/home/tatenami/ros2/ws/pad/install/pad_msg/lib/python3.12/site-packages/pad_msg'...
Compiling '/home/tatenami/ros2/ws/pad/install/pad_msg/lib/python3.12/site-packages/pad_msg/__init__.py'...
Listing '/home/tatenami/ros2/ws/pad/install/pad_msg/lib/python3.12/site-packages/pad_msg/msg'...
Compiling '/home/tatenami/ros2/ws/pad/install/pad_msg/lib/python3.12/site-packages/pad_msg/msg/__init__.py'...
Compiling '/home/tatenami/ros2/ws/pad/install/pad_msg/lib/python3.12/site-packages/pad_msg/msg/_pad.py'...
-- Installing: /home/tatenami/ros2/ws/pad/install/pad_msg/lib/python3.12/site-packages/pad_msg/pad_msg_s__rosidl_typesupport_fastrtps_c.so
-- Set non-toolchain portion of runtime path of "/home/tatenami/ros2/ws/pad/install/pad_msg/lib/python3.12/site-packages/pad_msg/pad_msg_s__rosidl_typesupport_fastrtps_c.so" to ""
-- Installing: /home/tatenami/ros2/ws/pad/install/pad_msg/lib/python3.12/site-packages/pad_msg/pad_msg_s__rosidl_typesupport_introspection_c.so
-- Set non-toolchain portion of runtime path of "/home/tatenami/ros2/ws/pad/install/pad_msg/lib/python3.12/site-packages/pad_msg/pad_msg_s__rosidl_typesupport_introspection_c.so" to ""
-- Installing: /home/tatenami/ros2/ws/pad/install/pad_msg/lib/python3.12/site-packages/pad_msg/pad_msg_s__rosidl_typesupport_c.so
-- Set non-toolchain portion of runtime path of "/home/tatenami/ros2/ws/pad/install/pad_msg/lib/python3.12/site-packages/pad_msg/pad_msg_s__rosidl_typesupport_c.so" to ""
-- Installing: /home/tatenami/ros2/ws/pad/install/pad_msg/lib/libpad_msg__rosidl_generator_py.so
-- Set non-toolchain portion of runtime path of "/home/tatenami/ros2/ws/pad/install/pad_msg/lib/libpad_msg__rosidl_generator_py.so" to ""
-- Installing: /home/tatenami/ros2/ws/pad/install/pad_msg/share/pad_msg/msg/Pad.idl
-- Installing: /home/tatenami/ros2/ws/pad/install/pad_msg/share/pad_msg/msg/Pad.msg
-- Up-to-date: /home/tatenami/ros2/ws/pad/install/pad_msg/share/ament_index/resource_index/package_run_dependencies/pad_msg
-- Installing: /home/tatenami/ros2/ws/pad/install/pad_msg/share/ament_index/resource_index/parent_prefix_path/pad_msg
-- Up-to-date: /home/tatenami/ros2/ws/pad/install/pad_msg/share/pad_msg/environment/ament_prefix_path.sh
-- Up-to-date: /home/tatenami/ros2/ws/pad/install/pad_msg/share/pad_msg/environment/ament_prefix_path.dsv
-- Up-to-date: /home/tatenami/ros2/ws/pad/install/pad_msg/share/pad_msg/environment/path.sh
-- Up-to-date: /home/tatenami/ros2/ws/pad/install/pad_msg/share/pad_msg/environment/path.dsv
-- Up-to-date: /home/tatenami/ros2/ws/pad/install/pad_msg/share/pad_msg/local_setup.bash
-- Up-to-date: /home/tatenami/ros2/ws/pad/install/pad_msg/share/pad_msg/local_setup.sh
-- Up-to-date: /home/tatenami/ros2/ws/pad/install/pad_msg/share/pad_msg/local_setup.zsh
-- Up-to-date: /home/tatenami/ros2/ws/pad/install/pad_msg/share/pad_msg/local_setup.dsv
-- Installing: /home/tatenami/ros2/ws/pad/install/pad_msg/share/pad_msg/package.dsv
-- Up-to-date: /home/tatenami/ros2/ws/pad/install/pad_msg/share/ament_index/resource_index/packages/pad_msg
-- Up-to-date: /home/tatenami/ros2/ws/pad/install/pad_msg/share/pad_msg/cmake/export_pad_msg__rosidl_generator_cExport.cmake
-- Up-to-date: /home/tatenami/ros2/ws/pad/install/pad_msg/share/pad_msg/cmake/export_pad_msg__rosidl_generator_cExport-noconfig.cmake
-- Up-to-date: /home/tatenami/ros2/ws/pad/install/pad_msg/share/pad_msg/cmake/export_pad_msg__rosidl_typesupport_fastrtps_cExport.cmake
-- Up-to-date: /home/tatenami/ros2/ws/pad/install/pad_msg/share/pad_msg/cmake/export_pad_msg__rosidl_typesupport_fastrtps_cExport-noconfig.cmake
-- Up-to-date: /home/tatenami/ros2/ws/pad/install/pad_msg/share/pad_msg/cmake/pad_msg__rosidl_typesupport_introspection_cExport.cmake
-- Up-to-date: /home/tatenami/ros2/ws/pad/install/pad_msg/share/pad_msg/cmake/pad_msg__rosidl_typesupport_introspection_cExport-noconfig.cmake
-- Up-to-date: /home/tatenami/ros2/ws/pad/install/pad_msg/share/pad_msg/cmake/pad_msg__rosidl_typesupport_cExport.cmake
-- Up-to-date: /home/tatenami/ros2/ws/pad/install/pad_msg/share/pad_msg/cmake/pad_msg__rosidl_typesupport_cExport-noconfig.cmake
-- Up-to-date: /home/tatenami/ros2/ws/pad/install/pad_msg/share/pad_msg/cmake/export_pad_msg__rosidl_generator_cppExport.cmake
-- Up-to-date: /home/tatenami/ros2/ws/pad/install/pad_msg/share/pad_msg/cmake/export_pad_msg__rosidl_typesupport_fastrtps_cppExport.cmake
-- Up-to-date: /home/tatenami/ros2/ws/pad/install/pad_msg/share/pad_msg/cmake/export_pad_msg__rosidl_typesupport_fastrtps_cppExport-noconfig.cmake
-- Up-to-date: /home/tatenami/ros2/ws/pad/install/pad_msg/share/pad_msg/cmake/pad_msg__rosidl_typesupport_introspection_cppExport.cmake
-- Up-to-date: /home/tatenami/ros2/ws/pad/install/pad_msg/share/pad_msg/cmake/pad_msg__rosidl_typesupport_introspection_cppExport-noconfig.cmake
-- Up-to-date: /home/tatenami/ros2/ws/pad/install/pad_msg/share/pad_msg/cmake/pad_msg__rosidl_typesupport_cppExport.cmake
-- Up-to-date: /home/tatenami/ros2/ws/pad/install/pad_msg/share/pad_msg/cmake/pad_msg__rosidl_typesupport_cppExport-noconfig.cmake
-- Up-to-date: /home/tatenami/ros2/ws/pad/install/pad_msg/share/pad_msg/cmake/export_pad_msg__rosidl_generator_pyExport.cmake
-- Up-to-date: /home/tatenami/ros2/ws/pad/install/pad_msg/share/pad_msg/cmake/export_pad_msg__rosidl_generator_pyExport-noconfig.cmake
-- Up-to-date: /home/tatenami/ros2/ws/pad/install/pad_msg/share/pad_msg/cmake/rosidl_cmake-extras.cmake
-- Up-to-date: /home/tatenami/ros2/ws/pad/install/pad_msg/share/pad_msg/cmake/ament_cmake_export_include_directories-extras.cmake
-- Up-to-date: /home/tatenami/ros2/ws/pad/install/pad_msg/share/pad_msg/cmake/ament_cmake_export_libraries-extras.cmake
-- Up-to-date: /home/tatenami/ros2/ws/pad/install/pad_msg/share/pad_msg/cmake/ament_cmake_export_targets-extras.cmake
-- Up-to-date: /home/tatenami/ros2/ws/pad/install/pad_msg/share/pad_msg/cmake/rosidl_cmake_export_typesupport_targets-extras.cmake
-- Up-to-date: /home/tatenami/ros2/ws/pad/install/pad_msg/share/pad_msg/cmake/ament_cmake_export_dependencies-extras.cmake
-- Up-to-date: /home/tatenami/ros2/ws/pad/install/pad_msg/share/pad_msg/cmake/rosidl_cmake_export_typesupport_libraries-extras.cmake
-- Up-to-date: /home/tatenami/ros2/ws/pad/install/pad_msg/share/pad_msg/cmake/pad_msgConfig.cmake
-- Up-to-date: /home/tatenami/ros2/ws/pad/install/pad_msg/share/pad_msg/cmake/pad_msgConfig-version.cmake
-- Up-to-date: /home/tatenami/ros2/ws/pad/install/pad_msg/share/pad_msg/package.xml
