[0.013s] Invoking command in '/home/tatenami/ros2/ws/pad/build/pad_msg': CMAKE_PREFIX_PATH=${CMAKE_PREFIX_PATH}:/opt/ros/jazzy DEBUGINFOD_URLS=https://debuginfod.ubuntu.com /opt/st/stm32cubeclt_1.16.0/CMake/bin/cmake --build /home/tatenami/ros2/ws/pad/build/pad_msg -- -j4 -l4
[0.026s] -- Found ament_cmake: 2.5.2 (/opt/ros/jazzy/share/ament_cmake/cmake)
[0.162s] -- Found Python3: /usr/bin/python3 (found version "3.12.3") found components: Interpreter 
[0.243s] -- Found rosidl_default_generators: 1.6.0 (/opt/ros/jazzy/share/rosidl_default_generators/cmake)
[0.245s] -- Using all available rosidl_typesupport_c: rosidl_typesupport_fastrtps_c;rosidl_typesupport_introspection_c
[0.283s] -- Using all available rosidl_typesupport_cpp: rosidl_typesupport_fastrtps_cpp;rosidl_typesupport_introspection_cpp
[0.317s] -- Found rosidl_adapter: 4.6.4 (/opt/ros/jazzy/share/rosidl_adapter/cmake)
[0.869s] -- Found ament_cmake_ros: 0.12.0 (/opt/ros/jazzy/share/ament_cmake_ros/cmake)
[1.280s] -- Using all available rosidl_typesupport_c: rosidl_typesupport_fastrtps_c;rosidl_typesupport_introspection_c
[1.816s] -- Using all available rosidl_typesupport_cpp: rosidl_typesupport_fastrtps_cpp;rosidl_typesupport_introspection_cpp
[1.817s] -- Found python_cmake_module: 0.11.1 (/opt/ros/jazzy/share/python_cmake_module/cmake)
[2.298s] -- Found Python3: /usr/bin/python3 (found version "3.12.3") found components: Interpreter Development NumPy Development.Module Development.Embed 
[2.308s] -- Found ament_lint_auto: 0.17.1 (/opt/ros/jazzy/share/ament_lint_auto/cmake)
[2.317s] -- Added test 'lint_cmake' to check CMake code style
[2.318s] -- Added test 'xmllint' to check XML markup files
[2.319s] -- Configuring done (2.3s)
[2.346s] -- Generating done (0.0s)
[2.357s] -- Build files have been written to: /home/tatenami/ros2/ws/pad/build/pad_msg
[2.370s] [  2%] [34m[1mGenerating type hashes for ROS interfaces[0m
[2.373s] [  2%] Built target ament_cmake_python_copy_pad_msg
[2.583s] [  2%] Built target pad_msg__rosidl_generator_type_description
[2.588s] [  5%] [34m[1mGenerating C code for ROS interfaces[0m
[2.592s] [  8%] [34m[1mGenerating C++ code for ROS interfaces[0m
[2.616s] running egg_info
[2.639s] writing pad_msg.egg-info/PKG-INFO
[2.640s] writing dependency_links to pad_msg.egg-info/dependency_links.txt
[2.640s] writing top-level names to pad_msg.egg-info/top_level.txt
[2.706s] reading manifest file 'pad_msg.egg-info/SOURCES.txt'
[2.706s] writing manifest file 'pad_msg.egg-info/SOURCES.txt'
[2.737s] [  8%] Built target ament_cmake_python_build_pad_msg_egg
[2.829s] [  8%] Built target pad_msg__cpp
[2.851s] [ 11%] [32mBuilding C object CMakeFiles/pad_msg__rosidl_generator_c.dir/rosidl_generator_c/pad_msg/msg/detail/pad__description.c.o[0m
[2.851s] [ 14%] [32mBuilding C object CMakeFiles/pad_msg__rosidl_generator_c.dir/rosidl_generator_c/pad_msg/msg/detail/pad__functions.c.o[0m
[2.851s] [ 17%] [32mBuilding C object CMakeFiles/pad_msg__rosidl_generator_c.dir/rosidl_generator_c/pad_msg/msg/detail/pad__type_support.c.o[0m
[2.893s] [ 20%] [32m[1mLinking C shared library libpad_msg__rosidl_generator_c.so[0m
[2.915s] [ 20%] Built target pad_msg__rosidl_generator_c
[2.922s] [ 29%] [34m[1mGenerating C++ introspection for ROS interfaces[0m
[2.922s] [ 29%] [34m[1mGenerating C introspection for ROS interfaces[0m
[2.922s] [ 29%] [34m[1mGenerating C++ type support for eProsima Fast-RTPS[0m
[2.925s] [ 32%] [34m[1mGenerating C++ type support dispatch for ROS interfaces[0m
[3.176s] [ 35%] [32mBuilding CXX object CMakeFiles/pad_msg__rosidl_typesupport_cpp.dir/rosidl_typesupport_cpp/pad_msg/msg/pad__type_support.cpp.o[0m
[3.208s] [ 38%] [32mBuilding CXX object CMakeFiles/pad_msg__rosidl_typesupport_fastrtps_cpp.dir/rosidl_typesupport_fastrtps_cpp/pad_msg/msg/detail/dds_fastrtps/pad__type_support.cpp.o[0m
[3.210s] [ 41%] [32mBuilding CXX object CMakeFiles/pad_msg__rosidl_typesupport_introspection_cpp.dir/rosidl_typesupport_introspection_cpp/pad_msg/msg/detail/pad__type_support.cpp.o[0m
[3.225s] [ 44%] [32mBuilding C object CMakeFiles/pad_msg__rosidl_typesupport_introspection_c.dir/rosidl_typesupport_introspection_c/pad_msg/msg/detail/pad__type_support.c.o[0m
[3.265s] [ 47%] [32m[1mLinking C shared library libpad_msg__rosidl_typesupport_introspection_c.so[0m
[3.285s] [ 47%] Built target pad_msg__rosidl_typesupport_introspection_c
[3.292s] [ 50%] [34m[1mGenerating C type support dispatch for ROS interfaces[0m
[3.580s] [ 52%] [32m[1mLinking CXX shared library libpad_msg__rosidl_typesupport_cpp.so[0m
[3.586s] [ 55%] [32mBuilding CXX object CMakeFiles/pad_msg__rosidl_typesupport_c.dir/rosidl_typesupport_c/pad_msg/msg/pad__type_support.cpp.o[0m
[3.614s] [ 55%] Built target pad_msg__rosidl_typesupport_cpp
[3.623s] [ 58%] [34m[1mGenerating C type support for eProsima Fast-RTPS[0m
[3.634s] [ 61%] [32m[1mLinking CXX shared library libpad_msg__rosidl_typesupport_c.so[0m
[3.669s] [ 61%] Built target pad_msg__rosidl_typesupport_c
[3.738s] [ 64%] [32m[1mLinking CXX shared library libpad_msg__rosidl_typesupport_introspection_cpp.so[0m
[3.825s] [ 64%] Built target pad_msg__rosidl_typesupport_introspection_cpp
[3.866s] [ 67%] [32m[1mLinking CXX shared library libpad_msg__rosidl_typesupport_fastrtps_cpp.so[0m
[3.904s] [ 70%] [32mBuilding CXX object CMakeFiles/pad_msg__rosidl_typesupport_fastrtps_c.dir/rosidl_typesupport_fastrtps_c/pad_msg/msg/detail/pad__type_support_c.cpp.o[0m
[3.939s] [ 70%] Built target pad_msg__rosidl_typesupport_fastrtps_cpp
[4.341s] [ 73%] [32m[1mLinking CXX shared library libpad_msg__rosidl_typesupport_fastrtps_c.so[0m
[4.372s] [ 73%] Built target pad_msg__rosidl_typesupport_fastrtps_c
[4.378s] [ 73%] Built target pad_msg
[4.385s] [ 76%] [34m[1mGenerating Python code for ROS interfaces[0m
[4.630s] [ 76%] Built target pad_msg__py
[4.639s] [ 79%] [32mBuilding C object CMakeFiles/pad_msg__rosidl_generator_py.dir/rosidl_generator_py/pad_msg/msg/_pad_s.c.o[0m
[4.754s] [ 82%] [32m[1mLinking C shared library libpad_msg__rosidl_generator_py.so[0m
[4.779s] [ 82%] Built target pad_msg__rosidl_generator_py
[4.795s] [ 91%] [32mBuilding C object CMakeFiles/pad_msg_s__rosidl_typesupport_fastrtps_c.dir/rosidl_generator_py/pad_msg/_pad_msg_s.ep.rosidl_typesupport_fastrtps_c.c.o[0m
[4.795s] [ 91%] [32mBuilding C object CMakeFiles/pad_msg_s__rosidl_typesupport_introspection_c.dir/rosidl_generator_py/pad_msg/_pad_msg_s.ep.rosidl_typesupport_introspection_c.c.o[0m
[4.796s] [ 91%] [32mBuilding C object CMakeFiles/pad_msg_s__rosidl_typesupport_c.dir/rosidl_generator_py/pad_msg/_pad_msg_s.ep.rosidl_typesupport_c.c.o[0m
[4.917s] [ 94%] [32m[1mLinking C shared module rosidl_generator_py/pad_msg/pad_msg_s__rosidl_typesupport_c.so[0m
[4.919s] [ 97%] [32m[1mLinking C shared module rosidl_generator_py/pad_msg/pad_msg_s__rosidl_typesupport_introspection_c.so[0m
[4.921s] [100%] [32m[1mLinking C shared module rosidl_generator_py/pad_msg/pad_msg_s__rosidl_typesupport_fastrtps_c.so[0m
[4.939s] [100%] Built target pad_msg_s__rosidl_typesupport_c
[4.939s] [100%] Built target pad_msg_s__rosidl_typesupport_introspection_c
[4.941s] [100%] Built target pad_msg_s__rosidl_typesupport_fastrtps_c
[4.945s] Invoked command in '/home/tatenami/ros2/ws/pad/build/pad_msg' returned '0': CMAKE_PREFIX_PATH=${CMAKE_PREFIX_PATH}:/opt/ros/jazzy DEBUGINFOD_URLS=https://debuginfod.ubuntu.com /opt/st/stm32cubeclt_1.16.0/CMake/bin/cmake --build /home/tatenami/ros2/ws/pad/build/pad_msg -- -j4 -l4
[4.948s] Invoking command in '/home/tatenami/ros2/ws/pad/build/pad_msg': CMAKE_PREFIX_PATH=${CMAKE_PREFIX_PATH}:/opt/ros/jazzy DEBUGINFOD_URLS=https://debuginfod.ubuntu.com /opt/st/stm32cubeclt_1.16.0/CMake/bin/cmake --install /home/tatenami/ros2/ws/pad/build/pad_msg
[4.951s] -- Install configuration: ""
[4.951s] -- Up-to-date: /home/tatenami/ros2/ws/pad/install/pad_msg/share/ament_index/resource_index/rosidl_interfaces/pad_msg
[4.951s] -- Installing: /home/tatenami/ros2/ws/pad/install/pad_msg/share/pad_msg/msg/Pad.json
[4.951s] -- Up-to-date: /home/tatenami/ros2/ws/pad/install/pad_msg/include/pad_msg/pad_msg
[4.951s] -- Up-to-date: /home/tatenami/ros2/ws/pad/install/pad_msg/include/pad_msg/pad_msg/msg
[4.951s] -- Installing: /home/tatenami/ros2/ws/pad/install/pad_msg/include/pad_msg/pad_msg/msg/pad.h
[4.951s] -- Up-to-date: /home/tatenami/ros2/ws/pad/install/pad_msg/include/pad_msg/pad_msg/msg/rosidl_generator_c__visibility_control.h
[4.951s] -- Up-to-date: /home/tatenami/ros2/ws/pad/install/pad_msg/include/pad_msg/pad_msg/msg/detail
[4.952s] -- Installing: /home/tatenami/ros2/ws/pad/install/pad_msg/include/pad_msg/pad_msg/msg/detail/pad__type_support.h
[4.952s] -- Installing: /home/tatenami/ros2/ws/pad/install/pad_msg/include/pad_msg/pad_msg/msg/detail/pad__functions.c
[4.952s] -- Installing: /home/tatenami/ros2/ws/pad/install/pad_msg/include/pad_msg/pad_msg/msg/detail/pad__functions.h
[4.952s] -- Installing: /home/tatenami/ros2/ws/pad/install/pad_msg/include/pad_msg/pad_msg/msg/detail/pad__type_support.c
[4.952s] -- Installing: /home/tatenami/ros2/ws/pad/install/pad_msg/include/pad_msg/pad_msg/msg/detail/pad__description.c
[4.952s] -- Installing: /home/tatenami/ros2/ws/pad/install/pad_msg/include/pad_msg/pad_msg/msg/detail/pad__struct.h
[4.952s] -- Up-to-date: /home/tatenami/ros2/ws/pad/install/pad_msg/share/pad_msg/environment/library_path.sh
[4.952s] -- Up-to-date: /home/tatenami/ros2/ws/pad/install/pad_msg/share/pad_msg/environment/library_path.dsv
[4.952s] -- Installing: /home/tatenami/ros2/ws/pad/install/pad_msg/lib/libpad_msg__rosidl_generator_c.so
[4.952s] -- Set non-toolchain portion of runtime path of "/home/tatenami/ros2/ws/pad/install/pad_msg/lib/libpad_msg__rosidl_generator_c.so" to ""
[4.953s] -- Up-to-date: /home/tatenami/ros2/ws/pad/install/pad_msg/include/pad_msg/pad_msg
[4.953s] -- Up-to-date: /home/tatenami/ros2/ws/pad/install/pad_msg/include/pad_msg/pad_msg/msg
[4.953s] -- Up-to-date: /home/tatenami/ros2/ws/pad/install/pad_msg/include/pad_msg/pad_msg/msg/detail
[4.953s] -- Installing: /home/tatenami/ros2/ws/pad/install/pad_msg/include/pad_msg/pad_msg/msg/detail/pad__rosidl_typesupport_fastrtps_c.h
[4.953s] -- Up-to-date: /home/tatenami/ros2/ws/pad/install/pad_msg/include/pad_msg/pad_msg/msg/rosidl_typesupport_fastrtps_c__visibility_control.h
[4.953s] -- Installing: /home/tatenami/ros2/ws/pad/install/pad_msg/lib/libpad_msg__rosidl_typesupport_fastrtps_c.so
[4.953s] -- Set non-toolchain portion of runtime path of "/home/tatenami/ros2/ws/pad/install/pad_msg/lib/libpad_msg__rosidl_typesupport_fastrtps_c.so" to ""
[4.953s] -- Up-to-date: /home/tatenami/ros2/ws/pad/install/pad_msg/include/pad_msg/pad_msg
[4.953s] -- Up-to-date: /home/tatenami/ros2/ws/pad/install/pad_msg/include/pad_msg/pad_msg/msg
[4.954s] -- Up-to-date: /home/tatenami/ros2/ws/pad/install/pad_msg/include/pad_msg/pad_msg/msg/rosidl_typesupport_introspection_c__visibility_control.h
[4.954s] -- Up-to-date: /home/tatenami/ros2/ws/pad/install/pad_msg/include/pad_msg/pad_msg/msg/detail
[4.954s] -- Installing: /home/tatenami/ros2/ws/pad/install/pad_msg/include/pad_msg/pad_msg/msg/detail/pad__rosidl_typesupport_introspection_c.h
[4.954s] -- Installing: /home/tatenami/ros2/ws/pad/install/pad_msg/include/pad_msg/pad_msg/msg/detail/pad__type_support.c
[4.954s] -- Installing: /home/tatenami/ros2/ws/pad/install/pad_msg/lib/libpad_msg__rosidl_typesupport_introspection_c.so
[4.954s] -- Set non-toolchain portion of runtime path of "/home/tatenami/ros2/ws/pad/install/pad_msg/lib/libpad_msg__rosidl_typesupport_introspection_c.so" to ""
[4.954s] -- Installing: /home/tatenami/ros2/ws/pad/install/pad_msg/lib/libpad_msg__rosidl_typesupport_c.so
[4.955s] -- Set non-toolchain portion of runtime path of "/home/tatenami/ros2/ws/pad/install/pad_msg/lib/libpad_msg__rosidl_typesupport_c.so" to ""
[4.955s] -- Up-to-date: /home/tatenami/ros2/ws/pad/install/pad_msg/include/pad_msg/pad_msg
[4.955s] -- Up-to-date: /home/tatenami/ros2/ws/pad/install/pad_msg/include/pad_msg/pad_msg/msg
[4.955s] -- Installing: /home/tatenami/ros2/ws/pad/install/pad_msg/include/pad_msg/pad_msg/msg/pad.hpp
[4.955s] -- Installing: /home/tatenami/ros2/ws/pad/install/pad_msg/include/pad_msg/pad_msg/msg/rosidl_generator_cpp__visibility_control.hpp
[4.955s] -- Up-to-date: /home/tatenami/ros2/ws/pad/install/pad_msg/include/pad_msg/pad_msg/msg/detail
[4.955s] -- Installing: /home/tatenami/ros2/ws/pad/install/pad_msg/include/pad_msg/pad_msg/msg/detail/pad__type_support.hpp
[4.955s] -- Installing: /home/tatenami/ros2/ws/pad/install/pad_msg/include/pad_msg/pad_msg/msg/detail/pad__builder.hpp
[4.955s] -- Installing: /home/tatenami/ros2/ws/pad/install/pad_msg/include/pad_msg/pad_msg/msg/detail/pad__traits.hpp
[4.955s] -- Installing: /home/tatenami/ros2/ws/pad/install/pad_msg/include/pad_msg/pad_msg/msg/detail/pad__struct.hpp
[4.956s] -- Up-to-date: /home/tatenami/ros2/ws/pad/install/pad_msg/include/pad_msg/pad_msg
[4.956s] -- Up-to-date: /home/tatenami/ros2/ws/pad/install/pad_msg/include/pad_msg/pad_msg/msg
[4.956s] -- Up-to-date: /home/tatenami/ros2/ws/pad/install/pad_msg/include/pad_msg/pad_msg/msg/rosidl_typesupport_fastrtps_cpp__visibility_control.h
[4.956s] -- Up-to-date: /home/tatenami/ros2/ws/pad/install/pad_msg/include/pad_msg/pad_msg/msg/detail
[4.956s] -- Installing: /home/tatenami/ros2/ws/pad/install/pad_msg/include/pad_msg/pad_msg/msg/detail/pad__rosidl_typesupport_fastrtps_cpp.hpp
[4.956s] -- Up-to-date: /home/tatenami/ros2/ws/pad/install/pad_msg/include/pad_msg/pad_msg/msg/detail/dds_fastrtps
[4.956s] -- Installing: /home/tatenami/ros2/ws/pad/install/pad_msg/lib/libpad_msg__rosidl_typesupport_fastrtps_cpp.so
[4.956s] -- Set non-toolchain portion of runtime path of "/home/tatenami/ros2/ws/pad/install/pad_msg/lib/libpad_msg__rosidl_typesupport_fastrtps_cpp.so" to ""
[4.956s] -- Up-to-date: /home/tatenami/ros2/ws/pad/install/pad_msg/include/pad_msg/pad_msg
[4.956s] -- Up-to-date: /home/tatenami/ros2/ws/pad/install/pad_msg/include/pad_msg/pad_msg/msg
[4.956s] -- Up-to-date: /home/tatenami/ros2/ws/pad/install/pad_msg/include/pad_msg/pad_msg/msg/detail
[4.957s] -- Installing: /home/tatenami/ros2/ws/pad/install/pad_msg/include/pad_msg/pad_msg/msg/detail/pad__rosidl_typesupport_introspection_cpp.hpp
[4.957s] -- Installing: /home/tatenami/ros2/ws/pad/install/pad_msg/include/pad_msg/pad_msg/msg/detail/pad__type_support.cpp
[4.957s] -- Installing: /home/tatenami/ros2/ws/pad/install/pad_msg/lib/libpad_msg__rosidl_typesupport_introspection_cpp.so
[4.957s] -- Set non-toolchain portion of runtime path of "/home/tatenami/ros2/ws/pad/install/pad_msg/lib/libpad_msg__rosidl_typesupport_introspection_cpp.so" to ""
[4.957s] -- Installing: /home/tatenami/ros2/ws/pad/install/pad_msg/lib/libpad_msg__rosidl_typesupport_cpp.so
[4.957s] -- Set non-toolchain portion of runtime path of "/home/tatenami/ros2/ws/pad/install/pad_msg/lib/libpad_msg__rosidl_typesupport_cpp.so" to ""
[4.958s] -- Up-to-date: /home/tatenami/ros2/ws/pad/install/pad_msg/share/pad_msg/environment/pythonpath.sh
[4.958s] -- Up-to-date: /home/tatenami/ros2/ws/pad/install/pad_msg/share/pad_msg/environment/pythonpath.dsv
[4.958s] -- Up-to-date: /home/tatenami/ros2/ws/pad/install/pad_msg/lib/python3.12/site-packages/pad_msg-0.0.0-py3.12.egg-info
[4.958s] -- Installing: /home/tatenami/ros2/ws/pad/install/pad_msg/lib/python3.12/site-packages/pad_msg-0.0.0-py3.12.egg-info/dependency_links.txt
[4.958s] -- Installing: /home/tatenami/ros2/ws/pad/install/pad_msg/lib/python3.12/site-packages/pad_msg-0.0.0-py3.12.egg-info/PKG-INFO
[4.958s] -- Installing: /home/tatenami/ros2/ws/pad/install/pad_msg/lib/python3.12/site-packages/pad_msg-0.0.0-py3.12.egg-info/top_level.txt
[4.958s] -- Installing: /home/tatenami/ros2/ws/pad/install/pad_msg/lib/python3.12/site-packages/pad_msg-0.0.0-py3.12.egg-info/SOURCES.txt
[4.958s] -- Up-to-date: /home/tatenami/ros2/ws/pad/install/pad_msg/lib/python3.12/site-packages/pad_msg
[4.958s] -- Installing: /home/tatenami/ros2/ws/pad/install/pad_msg/lib/python3.12/site-packages/pad_msg/_pad_msg_s.ep.rosidl_typesupport_fastrtps_c.c
[4.958s] -- Installing: /home/tatenami/ros2/ws/pad/install/pad_msg/lib/python3.12/site-packages/pad_msg/pad_msg_s__rosidl_typesupport_introspection_c.so
[4.959s] -- Up-to-date: /home/tatenami/ros2/ws/pad/install/pad_msg/lib/python3.12/site-packages/pad_msg/msg
[4.959s] -- Installing: /home/tatenami/ros2/ws/pad/install/pad_msg/lib/python3.12/site-packages/pad_msg/msg/_pad_s.c
[4.959s] -- Installing: /home/tatenami/ros2/ws/pad/install/pad_msg/lib/python3.12/site-packages/pad_msg/msg/_pad.py
[4.959s] -- Installing: /home/tatenami/ros2/ws/pad/install/pad_msg/lib/python3.12/site-packages/pad_msg/msg/__init__.py
[4.959s] -- Installing: /home/tatenami/ros2/ws/pad/install/pad_msg/lib/python3.12/site-packages/pad_msg/pad_msg_s__rosidl_typesupport_fastrtps_c.so
[4.959s] -- Installing: /home/tatenami/ros2/ws/pad/install/pad_msg/lib/python3.12/site-packages/pad_msg/pad_msg_s__rosidl_typesupport_c.so
[4.959s] -- Installing: /home/tatenami/ros2/ws/pad/install/pad_msg/lib/python3.12/site-packages/pad_msg/_pad_msg_s.ep.rosidl_typesupport_introspection_c.c
[4.959s] -- Installing: /home/tatenami/ros2/ws/pad/install/pad_msg/lib/python3.12/site-packages/pad_msg/_pad_msg_s.ep.rosidl_typesupport_c.c
[4.959s] -- Installing: /home/tatenami/ros2/ws/pad/install/pad_msg/lib/python3.12/site-packages/pad_msg/__init__.py
[4.997s] Listing '/home/tatenami/ros2/ws/pad/install/pad_msg/lib/python3.12/site-packages/pad_msg'...
[4.997s] Compiling '/home/tatenami/ros2/ws/pad/install/pad_msg/lib/python3.12/site-packages/pad_msg/__init__.py'...
[4.997s] Listing '/home/tatenami/ros2/ws/pad/install/pad_msg/lib/python3.12/site-packages/pad_msg/msg'...
[4.997s] Compiling '/home/tatenami/ros2/ws/pad/install/pad_msg/lib/python3.12/site-packages/pad_msg/msg/__init__.py'...
[4.997s] Compiling '/home/tatenami/ros2/ws/pad/install/pad_msg/lib/python3.12/site-packages/pad_msg/msg/_pad.py'...
[5.003s] -- Installing: /home/tatenami/ros2/ws/pad/install/pad_msg/lib/python3.12/site-packages/pad_msg/pad_msg_s__rosidl_typesupport_fastrtps_c.so
[5.003s] -- Set non-toolchain portion of runtime path of "/home/tatenami/ros2/ws/pad/install/pad_msg/lib/python3.12/site-packages/pad_msg/pad_msg_s__rosidl_typesupport_fastrtps_c.so" to ""
[5.003s] -- Installing: /home/tatenami/ros2/ws/pad/install/pad_msg/lib/python3.12/site-packages/pad_msg/pad_msg_s__rosidl_typesupport_introspection_c.so
[5.004s] -- Set non-toolchain portion of runtime path of "/home/tatenami/ros2/ws/pad/install/pad_msg/lib/python3.12/site-packages/pad_msg/pad_msg_s__rosidl_typesupport_introspection_c.so" to ""
[5.004s] -- Installing: /home/tatenami/ros2/ws/pad/install/pad_msg/lib/python3.12/site-packages/pad_msg/pad_msg_s__rosidl_typesupport_c.so
[5.004s] -- Set non-toolchain portion of runtime path of "/home/tatenami/ros2/ws/pad/install/pad_msg/lib/python3.12/site-packages/pad_msg/pad_msg_s__rosidl_typesupport_c.so" to ""
[5.004s] -- Installing: /home/tatenami/ros2/ws/pad/install/pad_msg/lib/libpad_msg__rosidl_generator_py.so
[5.004s] -- Set non-toolchain portion of runtime path of "/home/tatenami/ros2/ws/pad/install/pad_msg/lib/libpad_msg__rosidl_generator_py.so" to ""
[5.005s] -- Installing: /home/tatenami/ros2/ws/pad/install/pad_msg/share/pad_msg/msg/Pad.idl
[5.005s] -- Installing: /home/tatenami/ros2/ws/pad/install/pad_msg/share/pad_msg/msg/Pad.msg
[5.005s] -- Up-to-date: /home/tatenami/ros2/ws/pad/install/pad_msg/share/ament_index/resource_index/package_run_dependencies/pad_msg
[5.005s] -- Installing: /home/tatenami/ros2/ws/pad/install/pad_msg/share/ament_index/resource_index/parent_prefix_path/pad_msg
[5.005s] -- Up-to-date: /home/tatenami/ros2/ws/pad/install/pad_msg/share/pad_msg/environment/ament_prefix_path.sh
[5.005s] -- Up-to-date: /home/tatenami/ros2/ws/pad/install/pad_msg/share/pad_msg/environment/ament_prefix_path.dsv
[5.005s] -- Up-to-date: /home/tatenami/ros2/ws/pad/install/pad_msg/share/pad_msg/environment/path.sh
[5.005s] -- Up-to-date: /home/tatenami/ros2/ws/pad/install/pad_msg/share/pad_msg/environment/path.dsv
[5.005s] -- Up-to-date: /home/tatenami/ros2/ws/pad/install/pad_msg/share/pad_msg/local_setup.bash
[5.006s] -- Up-to-date: /home/tatenami/ros2/ws/pad/install/pad_msg/share/pad_msg/local_setup.sh
[5.006s] -- Up-to-date: /home/tatenami/ros2/ws/pad/install/pad_msg/share/pad_msg/local_setup.zsh
[5.006s] -- Up-to-date: /home/tatenami/ros2/ws/pad/install/pad_msg/share/pad_msg/local_setup.dsv
[5.006s] -- Installing: /home/tatenami/ros2/ws/pad/install/pad_msg/share/pad_msg/package.dsv
[5.006s] -- Up-to-date: /home/tatenami/ros2/ws/pad/install/pad_msg/share/ament_index/resource_index/packages/pad_msg
[5.006s] -- Up-to-date: /home/tatenami/ros2/ws/pad/install/pad_msg/share/pad_msg/cmake/export_pad_msg__rosidl_generator_cExport.cmake
[5.006s] -- Up-to-date: /home/tatenami/ros2/ws/pad/install/pad_msg/share/pad_msg/cmake/export_pad_msg__rosidl_generator_cExport-noconfig.cmake
[5.006s] -- Up-to-date: /home/tatenami/ros2/ws/pad/install/pad_msg/share/pad_msg/cmake/export_pad_msg__rosidl_typesupport_fastrtps_cExport.cmake
[5.006s] -- Up-to-date: /home/tatenami/ros2/ws/pad/install/pad_msg/share/pad_msg/cmake/export_pad_msg__rosidl_typesupport_fastrtps_cExport-noconfig.cmake
[5.006s] -- Up-to-date: /home/tatenami/ros2/ws/pad/install/pad_msg/share/pad_msg/cmake/pad_msg__rosidl_typesupport_introspection_cExport.cmake
[5.006s] -- Up-to-date: /home/tatenami/ros2/ws/pad/install/pad_msg/share/pad_msg/cmake/pad_msg__rosidl_typesupport_introspection_cExport-noconfig.cmake
[5.007s] -- Up-to-date: /home/tatenami/ros2/ws/pad/install/pad_msg/share/pad_msg/cmake/pad_msg__rosidl_typesupport_cExport.cmake
[5.007s] -- Up-to-date: /home/tatenami/ros2/ws/pad/install/pad_msg/share/pad_msg/cmake/pad_msg__rosidl_typesupport_cExport-noconfig.cmake
[5.007s] -- Up-to-date: /home/tatenami/ros2/ws/pad/install/pad_msg/share/pad_msg/cmake/export_pad_msg__rosidl_generator_cppExport.cmake
[5.007s] -- Up-to-date: /home/tatenami/ros2/ws/pad/install/pad_msg/share/pad_msg/cmake/export_pad_msg__rosidl_typesupport_fastrtps_cppExport.cmake
[5.007s] -- Up-to-date: /home/tatenami/ros2/ws/pad/install/pad_msg/share/pad_msg/cmake/export_pad_msg__rosidl_typesupport_fastrtps_cppExport-noconfig.cmake
[5.007s] -- Up-to-date: /home/tatenami/ros2/ws/pad/install/pad_msg/share/pad_msg/cmake/pad_msg__rosidl_typesupport_introspection_cppExport.cmake
[5.007s] -- Up-to-date: /home/tatenami/ros2/ws/pad/install/pad_msg/share/pad_msg/cmake/pad_msg__rosidl_typesupport_introspection_cppExport-noconfig.cmake
[5.007s] -- Up-to-date: /home/tatenami/ros2/ws/pad/install/pad_msg/share/pad_msg/cmake/pad_msg__rosidl_typesupport_cppExport.cmake
[5.007s] -- Up-to-date: /home/tatenami/ros2/ws/pad/install/pad_msg/share/pad_msg/cmake/pad_msg__rosidl_typesupport_cppExport-noconfig.cmake
[5.007s] -- Up-to-date: /home/tatenami/ros2/ws/pad/install/pad_msg/share/pad_msg/cmake/export_pad_msg__rosidl_generator_pyExport.cmake
[5.007s] -- Up-to-date: /home/tatenami/ros2/ws/pad/install/pad_msg/share/pad_msg/cmake/export_pad_msg__rosidl_generator_pyExport-noconfig.cmake
[5.008s] -- Up-to-date: /home/tatenami/ros2/ws/pad/install/pad_msg/share/pad_msg/cmake/rosidl_cmake-extras.cmake
[5.008s] -- Up-to-date: /home/tatenami/ros2/ws/pad/install/pad_msg/share/pad_msg/cmake/ament_cmake_export_include_directories-extras.cmake
[5.008s] -- Up-to-date: /home/tatenami/ros2/ws/pad/install/pad_msg/share/pad_msg/cmake/ament_cmake_export_libraries-extras.cmake
[5.008s] -- Up-to-date: /home/tatenami/ros2/ws/pad/install/pad_msg/share/pad_msg/cmake/ament_cmake_export_targets-extras.cmake
[5.008s] -- Up-to-date: /home/tatenami/ros2/ws/pad/install/pad_msg/share/pad_msg/cmake/rosidl_cmake_export_typesupport_targets-extras.cmake
[5.008s] -- Up-to-date: /home/tatenami/ros2/ws/pad/install/pad_msg/share/pad_msg/cmake/ament_cmake_export_dependencies-extras.cmake
[5.008s] -- Up-to-date: /home/tatenami/ros2/ws/pad/install/pad_msg/share/pad_msg/cmake/rosidl_cmake_export_typesupport_libraries-extras.cmake
[5.008s] -- Up-to-date: /home/tatenami/ros2/ws/pad/install/pad_msg/share/pad_msg/cmake/pad_msgConfig.cmake
[5.008s] -- Up-to-date: /home/tatenami/ros2/ws/pad/install/pad_msg/share/pad_msg/cmake/pad_msgConfig-version.cmake
[5.008s] -- Up-to-date: /home/tatenami/ros2/ws/pad/install/pad_msg/share/pad_msg/package.xml
[5.009s] Invoked command in '/home/tatenami/ros2/ws/pad/build/pad_msg' returned '0': CMAKE_PREFIX_PATH=${CMAKE_PREFIX_PATH}:/opt/ros/jazzy DEBUGINFOD_URLS=https://debuginfod.ubuntu.com /opt/st/stm32cubeclt_1.16.0/CMake/bin/cmake --install /home/tatenami/ros2/ws/pad/build/pad_msg
