[0.013s] Invoking command in '/home/tatenami/ros2/ws/pad/build/pad_msg': CMAKE_PREFIX_PATH=${CMAKE_PREFIX_PATH}:/opt/ros/jazzy DEBUGINFOD_URLS=https://debuginfod.ubuntu.com /opt/st/stm32cubeclt_1.16.0/CMake/bin/cmake --build /home/tatenami/ros2/ws/pad/build/pad_msg -- -j4 -l4
[0.030s] -- Found ament_cmake: 2.5.3 (/opt/ros/jazzy/share/ament_cmake/cmake)
[0.173s] -- Found Python3: /usr/bin/python3 (found version "3.12.3") found components: Interpreter 
[0.262s] -- Found rosidl_default_generators: 1.6.0 (/opt/ros/jazzy/share/rosidl_default_generators/cmake)
[0.266s] -- Using all available rosidl_typesupport_c: rosidl_typesupport_fastrtps_c;rosidl_typesupport_introspection_c
[0.306s] -- Using all available rosidl_typesupport_cpp: rosidl_typesupport_fastrtps_cpp;rosidl_typesupport_introspection_cpp
[0.340s] -- Found rosidl_adapter: 4.6.5 (/opt/ros/jazzy/share/rosidl_adapter/cmake)
[0.969s] -- Found ament_cmake_ros: 0.12.0 (/opt/ros/jazzy/share/ament_cmake_ros/cmake)
[1.443s] -- Using all available rosidl_typesupport_c: rosidl_typesupport_fastrtps_c;rosidl_typesupport_introspection_c
[2.033s] -- Using all available rosidl_typesupport_cpp: rosidl_typesupport_fastrtps_cpp;rosidl_typesupport_introspection_cpp
[2.038s] -- Found python_cmake_module: 0.11.1 (/opt/ros/jazzy/share/python_cmake_module/cmake)
[2.566s] -- Found Python3: /usr/bin/python3 (found version "3.12.3") found components: Interpreter Development NumPy Development.Module Development.Embed 
[2.578s] -- Found ament_lint_auto: 0.17.1 (/opt/ros/jazzy/share/ament_lint_auto/cmake)
[2.617s] -- Added test 'cppcheck' to perform static code analysis on C / C++ code
[2.617s] -- Configured cppcheck include dirs: 
[2.617s] -- Configured cppcheck exclude dirs and/or files: 
[2.621s] -- Added test 'flake8' to check Python code syntax and style conventions
[2.621s] -- Configured 'flake8' exclude dirs and/or files: 
[2.628s] -- Added test 'lint_cmake' to check CMake code style
[2.632s] -- Added test 'pep257' to check Python code against some of the docstring style conventions in PEP 257
[2.659s] -- Added test 'uncrustify' to check C / C++ code style
[2.660s] -- Configured uncrustify additional arguments: 
[2.663s] -- Added test 'xmllint' to check XML markup files
[2.666s] -- Configuring done (2.6s)
[2.708s] -- Generating done (0.0s)
[2.723s] -- Build files have been written to: /home/tatenami/ros2/ws/pad/build/pad_msg
[2.739s] [  2%] Built target pad_msg__rosidl_generator_type_description
[2.745s] [  2%] Built target ament_cmake_python_copy_pad_msg
[2.751s] [  5%] Built target pad_msg__cpp
[2.751s] [ 20%] Built target pad_msg__rosidl_generator_c
[2.758s] [ 23%] [34m[1mGenerating C type support for eProsima Fast-RTPS[0m
[2.763s] [ 26%] [34m[1mGenerating C++ type support for eProsima Fast-RTPS[0m
[2.774s] [ 35%] Built target pad_msg__rosidl_typesupport_introspection_c
[2.793s] [ 44%] Built target pad_msg__rosidl_typesupport_introspection_cpp
[2.819s] [ 52%] Built target pad_msg__rosidl_typesupport_cpp
[2.846s] [ 61%] Built target pad_msg__rosidl_typesupport_c
[3.064s] running egg_info
[3.097s] writing pad_msg.egg-info/PKG-INFO
[3.097s] writing dependency_links to pad_msg.egg-info/dependency_links.txt
[3.097s] writing top-level names to pad_msg.egg-info/top_level.txt
[3.114s] [ 64%] [32mBuilding CXX object CMakeFiles/pad_msg__rosidl_typesupport_fastrtps_c.dir/rosidl_typesupport_fastrtps_c/pad_msg/msg/detail/pad__type_support_c.cpp.o[0m
[3.120s] [ 67%] [32mBuilding CXX object CMakeFiles/pad_msg__rosidl_typesupport_fastrtps_cpp.dir/rosidl_typesupport_fastrtps_cpp/pad_msg/msg/detail/dds_fastrtps/pad__type_support.cpp.o[0m
[3.179s] reading manifest file 'pad_msg.egg-info/SOURCES.txt'
[3.179s] writing manifest file 'pad_msg.egg-info/SOURCES.txt'
[3.212s] [ 67%] Built target ament_cmake_python_build_pad_msg_egg
[3.714s] [ 70%] [32m[1mLinking CXX shared library libpad_msg__rosidl_typesupport_fastrtps_c.so[0m
[3.758s] [ 70%] Built target pad_msg__rosidl_typesupport_fastrtps_c
[3.788s] [ 73%] [32m[1mLinking CXX shared library libpad_msg__rosidl_typesupport_fastrtps_cpp.so[0m
[3.858s] [ 73%] Built target pad_msg__rosidl_typesupport_fastrtps_cpp
[3.865s] [ 73%] Built target pad_msg
[3.873s] [ 76%] Built target pad_msg__py
[3.885s] [ 82%] Built target pad_msg__rosidl_generator_py
[3.900s] [ 91%] Built target pad_msg_s__rosidl_typesupport_c
[3.900s] [ 94%] Built target pad_msg_s__rosidl_typesupport_introspection_c
[3.901s] [ 97%] [32m[1mLinking C shared module rosidl_generator_py/pad_msg/pad_msg_s__rosidl_typesupport_fastrtps_c.so[0m
[3.922s] [100%] Built target pad_msg_s__rosidl_typesupport_fastrtps_c
[3.926s] Invoked command in '/home/tatenami/ros2/ws/pad/build/pad_msg' returned '0': CMAKE_PREFIX_PATH=${CMAKE_PREFIX_PATH}:/opt/ros/jazzy DEBUGINFOD_URLS=https://debuginfod.ubuntu.com /opt/st/stm32cubeclt_1.16.0/CMake/bin/cmake --build /home/tatenami/ros2/ws/pad/build/pad_msg -- -j4 -l4
[3.930s] Invoking command in '/home/tatenami/ros2/ws/pad/build/pad_msg': CMAKE_PREFIX_PATH=${CMAKE_PREFIX_PATH}:/opt/ros/jazzy DEBUGINFOD_URLS=https://debuginfod.ubuntu.com /opt/st/stm32cubeclt_1.16.0/CMake/bin/cmake --install /home/tatenami/ros2/ws/pad/build/pad_msg
[3.933s] -- Install configuration: ""
[3.936s] -- Up-to-date: /home/tatenami/ros2/ws/pad/install/pad_msg/share/ament_index/resource_index/rosidl_interfaces/pad_msg
[3.936s] -- Up-to-date: /home/tatenami/ros2/ws/pad/install/pad_msg/share/pad_msg/msg/Pad.json
[3.936s] -- Up-to-date: /home/tatenami/ros2/ws/pad/install/pad_msg/include/pad_msg/pad_msg
[3.936s] -- Up-to-date: /home/tatenami/ros2/ws/pad/install/pad_msg/include/pad_msg/pad_msg/msg
[3.936s] -- Up-to-date: /home/tatenami/ros2/ws/pad/install/pad_msg/include/pad_msg/pad_msg/msg/pad.h
[3.936s] -- Up-to-date: /home/tatenami/ros2/ws/pad/install/pad_msg/include/pad_msg/pad_msg/msg/rosidl_generator_c__visibility_control.h
[3.936s] -- Up-to-date: /home/tatenami/ros2/ws/pad/install/pad_msg/include/pad_msg/pad_msg/msg/detail
[3.936s] -- Up-to-date: /home/tatenami/ros2/ws/pad/install/pad_msg/include/pad_msg/pad_msg/msg/detail/pad__type_support.h
[3.936s] -- Up-to-date: /home/tatenami/ros2/ws/pad/install/pad_msg/include/pad_msg/pad_msg/msg/detail/pad__functions.c
[3.936s] -- Up-to-date: /home/tatenami/ros2/ws/pad/install/pad_msg/include/pad_msg/pad_msg/msg/detail/pad__functions.h
[3.937s] -- Up-to-date: /home/tatenami/ros2/ws/pad/install/pad_msg/include/pad_msg/pad_msg/msg/detail/pad__type_support.c
[3.937s] -- Up-to-date: /home/tatenami/ros2/ws/pad/install/pad_msg/include/pad_msg/pad_msg/msg/detail/pad__description.c
[3.937s] -- Up-to-date: /home/tatenami/ros2/ws/pad/install/pad_msg/include/pad_msg/pad_msg/msg/detail/pad__struct.h
[3.937s] -- Up-to-date: /home/tatenami/ros2/ws/pad/install/pad_msg/share/pad_msg/environment/library_path.sh
[3.937s] -- Up-to-date: /home/tatenami/ros2/ws/pad/install/pad_msg/share/pad_msg/environment/library_path.dsv
[3.937s] -- Up-to-date: /home/tatenami/ros2/ws/pad/install/pad_msg/lib/libpad_msg__rosidl_generator_c.so
[3.937s] -- Up-to-date: /home/tatenami/ros2/ws/pad/install/pad_msg/include/pad_msg/pad_msg
[3.937s] -- Up-to-date: /home/tatenami/ros2/ws/pad/install/pad_msg/include/pad_msg/pad_msg/msg
[3.937s] -- Up-to-date: /home/tatenami/ros2/ws/pad/install/pad_msg/include/pad_msg/pad_msg/msg/detail
[3.937s] -- Installing: /home/tatenami/ros2/ws/pad/install/pad_msg/include/pad_msg/pad_msg/msg/detail/pad__rosidl_typesupport_fastrtps_c.h
[3.937s] -- Up-to-date: /home/tatenami/ros2/ws/pad/install/pad_msg/include/pad_msg/pad_msg/msg/rosidl_typesupport_fastrtps_c__visibility_control.h
[3.937s] -- Installing: /home/tatenami/ros2/ws/pad/install/pad_msg/lib/libpad_msg__rosidl_typesupport_fastrtps_c.so
[3.938s] -- Set non-toolchain portion of runtime path of "/home/tatenami/ros2/ws/pad/install/pad_msg/lib/libpad_msg__rosidl_typesupport_fastrtps_c.so" to ""
[3.938s] -- Up-to-date: /home/tatenami/ros2/ws/pad/install/pad_msg/include/pad_msg/pad_msg
[3.938s] -- Up-to-date: /home/tatenami/ros2/ws/pad/install/pad_msg/include/pad_msg/pad_msg/msg
[3.938s] -- Up-to-date: /home/tatenami/ros2/ws/pad/install/pad_msg/include/pad_msg/pad_msg/msg/rosidl_typesupport_introspection_c__visibility_control.h
[3.938s] -- Up-to-date: /home/tatenami/ros2/ws/pad/install/pad_msg/include/pad_msg/pad_msg/msg/detail
[3.938s] -- Up-to-date: /home/tatenami/ros2/ws/pad/install/pad_msg/include/pad_msg/pad_msg/msg/detail/pad__rosidl_typesupport_introspection_c.h
[3.938s] -- Up-to-date: /home/tatenami/ros2/ws/pad/install/pad_msg/include/pad_msg/pad_msg/msg/detail/pad__type_support.c
[3.938s] -- Up-to-date: /home/tatenami/ros2/ws/pad/install/pad_msg/lib/libpad_msg__rosidl_typesupport_introspection_c.so
[3.938s] -- Up-to-date: /home/tatenami/ros2/ws/pad/install/pad_msg/lib/libpad_msg__rosidl_typesupport_c.so
[3.939s] -- Up-to-date: /home/tatenami/ros2/ws/pad/install/pad_msg/include/pad_msg/pad_msg
[3.939s] -- Up-to-date: /home/tatenami/ros2/ws/pad/install/pad_msg/include/pad_msg/pad_msg/msg
[3.939s] -- Up-to-date: /home/tatenami/ros2/ws/pad/install/pad_msg/include/pad_msg/pad_msg/msg/pad.hpp
[3.939s] -- Up-to-date: /home/tatenami/ros2/ws/pad/install/pad_msg/include/pad_msg/pad_msg/msg/rosidl_generator_cpp__visibility_control.hpp
[3.939s] -- Up-to-date: /home/tatenami/ros2/ws/pad/install/pad_msg/include/pad_msg/pad_msg/msg/detail
[3.939s] -- Up-to-date: /home/tatenami/ros2/ws/pad/install/pad_msg/include/pad_msg/pad_msg/msg/detail/pad__type_support.hpp
[3.939s] -- Up-to-date: /home/tatenami/ros2/ws/pad/install/pad_msg/include/pad_msg/pad_msg/msg/detail/pad__builder.hpp
[3.939s] -- Up-to-date: /home/tatenami/ros2/ws/pad/install/pad_msg/include/pad_msg/pad_msg/msg/detail/pad__traits.hpp
[3.940s] -- Up-to-date: /home/tatenami/ros2/ws/pad/install/pad_msg/include/pad_msg/pad_msg/msg/detail/pad__struct.hpp
[3.940s] -- Up-to-date: /home/tatenami/ros2/ws/pad/install/pad_msg/include/pad_msg/pad_msg
[3.940s] -- Up-to-date: /home/tatenami/ros2/ws/pad/install/pad_msg/include/pad_msg/pad_msg/msg
[3.940s] -- Up-to-date: /home/tatenami/ros2/ws/pad/install/pad_msg/include/pad_msg/pad_msg/msg/rosidl_typesupport_fastrtps_cpp__visibility_control.h
[3.940s] -- Up-to-date: /home/tatenami/ros2/ws/pad/install/pad_msg/include/pad_msg/pad_msg/msg/detail
[3.940s] -- Installing: /home/tatenami/ros2/ws/pad/install/pad_msg/include/pad_msg/pad_msg/msg/detail/pad__rosidl_typesupport_fastrtps_cpp.hpp
[3.940s] -- Up-to-date: /home/tatenami/ros2/ws/pad/install/pad_msg/include/pad_msg/pad_msg/msg/detail/dds_fastrtps
[3.940s] -- Installing: /home/tatenami/ros2/ws/pad/install/pad_msg/lib/libpad_msg__rosidl_typesupport_fastrtps_cpp.so
[3.940s] -- Set non-toolchain portion of runtime path of "/home/tatenami/ros2/ws/pad/install/pad_msg/lib/libpad_msg__rosidl_typesupport_fastrtps_cpp.so" to ""
[3.941s] -- Up-to-date: /home/tatenami/ros2/ws/pad/install/pad_msg/include/pad_msg/pad_msg
[3.941s] -- Up-to-date: /home/tatenami/ros2/ws/pad/install/pad_msg/include/pad_msg/pad_msg/msg
[3.941s] -- Up-to-date: /home/tatenami/ros2/ws/pad/install/pad_msg/include/pad_msg/pad_msg/msg/detail
[3.941s] -- Up-to-date: /home/tatenami/ros2/ws/pad/install/pad_msg/include/pad_msg/pad_msg/msg/detail/pad__rosidl_typesupport_introspection_cpp.hpp
[3.941s] -- Up-to-date: /home/tatenami/ros2/ws/pad/install/pad_msg/include/pad_msg/pad_msg/msg/detail/pad__type_support.cpp
[3.941s] -- Up-to-date: /home/tatenami/ros2/ws/pad/install/pad_msg/lib/libpad_msg__rosidl_typesupport_introspection_cpp.so
[3.941s] -- Up-to-date: /home/tatenami/ros2/ws/pad/install/pad_msg/lib/libpad_msg__rosidl_typesupport_cpp.so
[3.941s] -- Up-to-date: /home/tatenami/ros2/ws/pad/install/pad_msg/share/pad_msg/environment/pythonpath.sh
[3.941s] -- Up-to-date: /home/tatenami/ros2/ws/pad/install/pad_msg/share/pad_msg/environment/pythonpath.dsv
[3.942s] -- Up-to-date: /home/tatenami/ros2/ws/pad/install/pad_msg/lib/python3.12/site-packages/pad_msg-0.0.0-py3.12.egg-info
[3.942s] -- Installing: /home/tatenami/ros2/ws/pad/install/pad_msg/lib/python3.12/site-packages/pad_msg-0.0.0-py3.12.egg-info/dependency_links.txt
[3.942s] -- Installing: /home/tatenami/ros2/ws/pad/install/pad_msg/lib/python3.12/site-packages/pad_msg-0.0.0-py3.12.egg-info/PKG-INFO
[3.942s] -- Installing: /home/tatenami/ros2/ws/pad/install/pad_msg/lib/python3.12/site-packages/pad_msg-0.0.0-py3.12.egg-info/top_level.txt
[3.942s] -- Installing: /home/tatenami/ros2/ws/pad/install/pad_msg/lib/python3.12/site-packages/pad_msg-0.0.0-py3.12.egg-info/SOURCES.txt
[3.942s] -- Up-to-date: /home/tatenami/ros2/ws/pad/install/pad_msg/lib/python3.12/site-packages/pad_msg
[3.942s] -- Up-to-date: /home/tatenami/ros2/ws/pad/install/pad_msg/lib/python3.12/site-packages/pad_msg/_pad_msg_s.ep.rosidl_typesupport_fastrtps_c.c
[3.942s] -- Up-to-date: /home/tatenami/ros2/ws/pad/install/pad_msg/lib/python3.12/site-packages/pad_msg/pad_msg_s__rosidl_typesupport_introspection_c.so
[3.942s] -- Up-to-date: /home/tatenami/ros2/ws/pad/install/pad_msg/lib/python3.12/site-packages/pad_msg/msg
[3.942s] -- Up-to-date: /home/tatenami/ros2/ws/pad/install/pad_msg/lib/python3.12/site-packages/pad_msg/msg/_pad_s.c
[3.942s] -- Up-to-date: /home/tatenami/ros2/ws/pad/install/pad_msg/lib/python3.12/site-packages/pad_msg/msg/_pad.py
[3.943s] -- Up-to-date: /home/tatenami/ros2/ws/pad/install/pad_msg/lib/python3.12/site-packages/pad_msg/msg/__init__.py
[3.943s] -- Installing: /home/tatenami/ros2/ws/pad/install/pad_msg/lib/python3.12/site-packages/pad_msg/pad_msg_s__rosidl_typesupport_fastrtps_c.so
[3.943s] -- Up-to-date: /home/tatenami/ros2/ws/pad/install/pad_msg/lib/python3.12/site-packages/pad_msg/pad_msg_s__rosidl_typesupport_c.so
[3.943s] -- Up-to-date: /home/tatenami/ros2/ws/pad/install/pad_msg/lib/python3.12/site-packages/pad_msg/_pad_msg_s.ep.rosidl_typesupport_introspection_c.c
[3.943s] -- Up-to-date: /home/tatenami/ros2/ws/pad/install/pad_msg/lib/python3.12/site-packages/pad_msg/_pad_msg_s.ep.rosidl_typesupport_c.c
[3.943s] -- Installing: /home/tatenami/ros2/ws/pad/install/pad_msg/lib/python3.12/site-packages/pad_msg/__init__.py
[3.984s] Listing '/home/tatenami/ros2/ws/pad/install/pad_msg/lib/python3.12/site-packages/pad_msg'...
[3.984s] Compiling '/home/tatenami/ros2/ws/pad/install/pad_msg/lib/python3.12/site-packages/pad_msg/__init__.py'...
[3.985s] Listing '/home/tatenami/ros2/ws/pad/install/pad_msg/lib/python3.12/site-packages/pad_msg/msg'...
[3.992s] -- Installing: /home/tatenami/ros2/ws/pad/install/pad_msg/lib/python3.12/site-packages/pad_msg/pad_msg_s__rosidl_typesupport_fastrtps_c.so
[3.992s] -- Set non-toolchain portion of runtime path of "/home/tatenami/ros2/ws/pad/install/pad_msg/lib/python3.12/site-packages/pad_msg/pad_msg_s__rosidl_typesupport_fastrtps_c.so" to ""
[3.992s] -- Up-to-date: /home/tatenami/ros2/ws/pad/install/pad_msg/lib/python3.12/site-packages/pad_msg/pad_msg_s__rosidl_typesupport_introspection_c.so
[3.992s] -- Up-to-date: /home/tatenami/ros2/ws/pad/install/pad_msg/lib/python3.12/site-packages/pad_msg/pad_msg_s__rosidl_typesupport_c.so
[3.993s] -- Up-to-date: /home/tatenami/ros2/ws/pad/install/pad_msg/lib/libpad_msg__rosidl_generator_py.so
[3.993s] -- Up-to-date: /home/tatenami/ros2/ws/pad/install/pad_msg/share/pad_msg/msg/Pad.idl
[3.997s] -- Up-to-date: /home/tatenami/ros2/ws/pad/install/pad_msg/share/pad_msg/msg/Pad.msg
[3.997s] -- Up-to-date: /home/tatenami/ros2/ws/pad/install/pad_msg/share/ament_index/resource_index/package_run_dependencies/pad_msg
[3.997s] -- Installing: /home/tatenami/ros2/ws/pad/install/pad_msg/share/ament_index/resource_index/parent_prefix_path/pad_msg
[3.997s] -- Installing: /home/tatenami/ros2/ws/pad/install/pad_msg/share/pad_msg/environment/ament_prefix_path.sh
[3.997s] -- Up-to-date: /home/tatenami/ros2/ws/pad/install/pad_msg/share/pad_msg/environment/ament_prefix_path.dsv
[3.997s] -- Installing: /home/tatenami/ros2/ws/pad/install/pad_msg/share/pad_msg/environment/path.sh
[3.997s] -- Up-to-date: /home/tatenami/ros2/ws/pad/install/pad_msg/share/pad_msg/environment/path.dsv
[3.997s] -- Up-to-date: /home/tatenami/ros2/ws/pad/install/pad_msg/share/pad_msg/local_setup.bash
[3.998s] -- Up-to-date: /home/tatenami/ros2/ws/pad/install/pad_msg/share/pad_msg/local_setup.sh
[3.998s] -- Up-to-date: /home/tatenami/ros2/ws/pad/install/pad_msg/share/pad_msg/local_setup.zsh
[3.998s] -- Up-to-date: /home/tatenami/ros2/ws/pad/install/pad_msg/share/pad_msg/local_setup.dsv
[3.998s] -- Installing: /home/tatenami/ros2/ws/pad/install/pad_msg/share/pad_msg/package.dsv
[3.998s] -- Up-to-date: /home/tatenami/ros2/ws/pad/install/pad_msg/share/ament_index/resource_index/packages/pad_msg
[3.998s] -- Up-to-date: /home/tatenami/ros2/ws/pad/install/pad_msg/share/pad_msg/cmake/export_pad_msg__rosidl_generator_cExport.cmake
[3.998s] -- Up-to-date: /home/tatenami/ros2/ws/pad/install/pad_msg/share/pad_msg/cmake/export_pad_msg__rosidl_generator_cExport-noconfig.cmake
[3.998s] -- Up-to-date: /home/tatenami/ros2/ws/pad/install/pad_msg/share/pad_msg/cmake/export_pad_msg__rosidl_typesupport_fastrtps_cExport.cmake
[3.998s] -- Up-to-date: /home/tatenami/ros2/ws/pad/install/pad_msg/share/pad_msg/cmake/export_pad_msg__rosidl_typesupport_fastrtps_cExport-noconfig.cmake
[3.998s] -- Up-to-date: /home/tatenami/ros2/ws/pad/install/pad_msg/share/pad_msg/cmake/pad_msg__rosidl_typesupport_introspection_cExport.cmake
[3.998s] -- Up-to-date: /home/tatenami/ros2/ws/pad/install/pad_msg/share/pad_msg/cmake/pad_msg__rosidl_typesupport_introspection_cExport-noconfig.cmake
[3.998s] -- Up-to-date: /home/tatenami/ros2/ws/pad/install/pad_msg/share/pad_msg/cmake/pad_msg__rosidl_typesupport_cExport.cmake
[3.999s] -- Up-to-date: /home/tatenami/ros2/ws/pad/install/pad_msg/share/pad_msg/cmake/pad_msg__rosidl_typesupport_cExport-noconfig.cmake
[3.999s] -- Up-to-date: /home/tatenami/ros2/ws/pad/install/pad_msg/share/pad_msg/cmake/export_pad_msg__rosidl_generator_cppExport.cmake
[3.999s] -- Up-to-date: /home/tatenami/ros2/ws/pad/install/pad_msg/share/pad_msg/cmake/export_pad_msg__rosidl_typesupport_fastrtps_cppExport.cmake
[3.999s] -- Up-to-date: /home/tatenami/ros2/ws/pad/install/pad_msg/share/pad_msg/cmake/export_pad_msg__rosidl_typesupport_fastrtps_cppExport-noconfig.cmake
[3.999s] -- Up-to-date: /home/tatenami/ros2/ws/pad/install/pad_msg/share/pad_msg/cmake/pad_msg__rosidl_typesupport_introspection_cppExport.cmake
[3.999s] -- Up-to-date: /home/tatenami/ros2/ws/pad/install/pad_msg/share/pad_msg/cmake/pad_msg__rosidl_typesupport_introspection_cppExport-noconfig.cmake
[3.999s] -- Up-to-date: /home/tatenami/ros2/ws/pad/install/pad_msg/share/pad_msg/cmake/pad_msg__rosidl_typesupport_cppExport.cmake
[3.999s] -- Up-to-date: /home/tatenami/ros2/ws/pad/install/pad_msg/share/pad_msg/cmake/pad_msg__rosidl_typesupport_cppExport-noconfig.cmake
[3.999s] -- Up-to-date: /home/tatenami/ros2/ws/pad/install/pad_msg/share/pad_msg/cmake/export_pad_msg__rosidl_generator_pyExport.cmake
[4.000s] -- Up-to-date: /home/tatenami/ros2/ws/pad/install/pad_msg/share/pad_msg/cmake/export_pad_msg__rosidl_generator_pyExport-noconfig.cmake
[4.000s] -- Up-to-date: /home/tatenami/ros2/ws/pad/install/pad_msg/share/pad_msg/cmake/rosidl_cmake-extras.cmake
[4.000s] -- Up-to-date: /home/tatenami/ros2/ws/pad/install/pad_msg/share/pad_msg/cmake/ament_cmake_export_include_directories-extras.cmake
[4.001s] -- Up-to-date: /home/tatenami/ros2/ws/pad/install/pad_msg/share/pad_msg/cmake/ament_cmake_export_libraries-extras.cmake
[4.001s] -- Up-to-date: /home/tatenami/ros2/ws/pad/install/pad_msg/share/pad_msg/cmake/ament_cmake_export_targets-extras.cmake
[4.001s] -- Up-to-date: /home/tatenami/ros2/ws/pad/install/pad_msg/share/pad_msg/cmake/rosidl_cmake_export_typesupport_targets-extras.cmake
[4.001s] -- Up-to-date: /home/tatenami/ros2/ws/pad/install/pad_msg/share/pad_msg/cmake/ament_cmake_export_dependencies-extras.cmake
[4.001s] -- Up-to-date: /home/tatenami/ros2/ws/pad/install/pad_msg/share/pad_msg/cmake/rosidl_cmake_export_typesupport_libraries-extras.cmake
[4.001s] -- Up-to-date: /home/tatenami/ros2/ws/pad/install/pad_msg/share/pad_msg/cmake/pad_msgConfig.cmake
[4.001s] -- Up-to-date: /home/tatenami/ros2/ws/pad/install/pad_msg/share/pad_msg/cmake/pad_msgConfig-version.cmake
[4.001s] -- Up-to-date: /home/tatenami/ros2/ws/pad/install/pad_msg/share/pad_msg/package.xml
[4.002s] Invoked command in '/home/tatenami/ros2/ws/pad/build/pad_msg' returned '0': CMAKE_PREFIX_PATH=${CMAKE_PREFIX_PATH}:/opt/ros/jazzy DEBUGINFOD_URLS=https://debuginfod.ubuntu.com /opt/st/stm32cubeclt_1.16.0/CMake/bin/cmake --install /home/tatenami/ros2/ws/pad/build/pad_msg
