[0.106s] DEBUG:colcon:Command line arguments: ['/usr/bin/colcon', 'build', '--packages-select', 'pad_msg/']
[0.106s] DEBUG:colcon:Parsed command line arguments: Namespace(log_base=None, log_level=None, verb_name='build', build_base='build', install_base='install', merge_install=False, symlink_install=False, test_result_base=None, continue_on_error=False, executor='parallel', parallel_workers=4, event_handlers=None, ignore_user_meta=False, metas=['./colcon.meta'], base_paths=['.'], packages_ignore=None, packages_ignore_regex=None, paths=None, packages_up_to=None, packages_up_to_regex=None, packages_above=None, packages_above_and_dependencies=None, packages_above_depth=None, packages_select_by_dep=None, packages_skip_by_dep=None, packages_skip_up_to=None, packages_select_build_failed=False, packages_skip_build_finished=False, packages_select_test_failures=False, packages_skip_test_passed=False, packages_select=['pad_msg/'], packages_skip=None, packages_select_regex=None, packages_skip_regex=None, packages_start=None, packages_end=None, allow_overriding=[], cmake_args=None, cmake_target=None, cmake_target_skip_unavailable=False, cmake_clean_cache=False, cmake_clean_first=False, cmake_force_configure=False, ament_cmake_args=None, catkin_cmake_args=None, catkin_skip_building_tests=False, mixin_files=None, mixin=None, verb_parser=<colcon_mixin.mixin.mixin_argument.MixinArgumentDecorator object at 0x70e768f73260>, verb_extension=<colcon_core.verb.build.BuildVerb object at 0x70e768f72f60>, main=<bound method BuildVerb.main of <colcon_core.verb.build.BuildVerb object at 0x70e768f72f60>>, mixin_verb=('build',))
[0.145s] Level 1:colcon.colcon_core.package_discovery:discover_packages(colcon_meta) check parameters
[0.145s] Level 1:colcon.colcon_core.package_discovery:discover_packages(recursive) check parameters
[0.145s] Level 1:colcon.colcon_core.package_discovery:discover_packages(ignore) check parameters
[0.145s] Level 1:colcon.colcon_core.package_discovery:discover_packages(path) check parameters
[0.145s] Level 1:colcon.colcon_core.package_discovery:discover_packages(colcon_meta) discover
[0.145s] Level 1:colcon.colcon_core.package_discovery:discover_packages(recursive) discover
[0.145s] INFO:colcon.colcon_core.package_discovery:Crawling recursively for packages in '/home/tatenami/ros2/ws/pad/src'
[0.145s] Level 1:colcon.colcon_core.package_identification:_identify(.) by extensions ['ignore', 'ignore_ament_install']
[0.145s] Level 1:colcon.colcon_core.package_identification:_identify(.) by extension 'ignore'
[0.145s] Level 1:colcon.colcon_core.package_identification:_identify(.) by extension 'ignore_ament_install'
[0.145s] Level 1:colcon.colcon_core.package_identification:_identify(.) by extensions ['colcon_pkg']
[0.145s] Level 1:colcon.colcon_core.package_identification:_identify(.) by extension 'colcon_pkg'
[0.145s] Level 1:colcon.colcon_core.package_identification:_identify(.) by extensions ['colcon_meta']
[0.146s] Level 1:colcon.colcon_core.package_identification:_identify(.) by extension 'colcon_meta'
[0.146s] Level 1:colcon.colcon_core.package_identification:_identify(.) by extensions ['ros']
[0.146s] Level 1:colcon.colcon_core.package_identification:_identify(.) by extension 'ros'
[0.171s] Level 1:colcon.colcon_core.package_identification:_identify(.) by extensions ['cmake', 'python']
[0.171s] Level 1:colcon.colcon_core.package_identification:_identify(.) by extension 'cmake'
[0.171s] Level 1:colcon.colcon_core.package_identification:_identify(.) by extension 'python'
[0.171s] Level 1:colcon.colcon_core.package_identification:_identify(.) by extensions ['python_setup_py']
[0.171s] Level 1:colcon.colcon_core.package_identification:_identify(.) by extension 'python_setup_py'
[0.171s] Level 1:colcon.colcon_core.package_identification:_identify(build) by extensions ['ignore', 'ignore_ament_install']
[0.171s] Level 1:colcon.colcon_core.package_identification:_identify(build) by extension 'ignore'
[0.171s] Level 1:colcon.colcon_core.package_identification:_identify(build) ignored
[0.171s] Level 1:colcon.colcon_core.package_identification:_identify(gamepad) by extensions ['ignore', 'ignore_ament_install']
[0.172s] Level 1:colcon.colcon_core.package_identification:_identify(gamepad) by extension 'ignore'
[0.172s] Level 1:colcon.colcon_core.package_identification:_identify(gamepad) by extension 'ignore_ament_install'
[0.172s] Level 1:colcon.colcon_core.package_identification:_identify(gamepad) by extensions ['colcon_pkg']
[0.172s] Level 1:colcon.colcon_core.package_identification:_identify(gamepad) by extension 'colcon_pkg'
[0.172s] Level 1:colcon.colcon_core.package_identification:_identify(gamepad) by extensions ['colcon_meta']
[0.172s] Level 1:colcon.colcon_core.package_identification:_identify(gamepad) by extension 'colcon_meta'
[0.172s] Level 1:colcon.colcon_core.package_identification:_identify(gamepad) by extensions ['ros']
[0.172s] Level 1:colcon.colcon_core.package_identification:_identify(gamepad) by extension 'ros'
[0.174s] DEBUG:colcon.colcon_core.package_identification:Package 'gamepad' with type 'ros.ament_cmake' and name 'gamepad'
[0.174s] Level 1:colcon.colcon_core.package_identification:_identify(install) by extensions ['ignore', 'ignore_ament_install']
[0.174s] Level 1:colcon.colcon_core.package_identification:_identify(install) by extension 'ignore'
[0.174s] Level 1:colcon.colcon_core.package_identification:_identify(install) ignored
[0.174s] Level 1:colcon.colcon_core.package_identification:_identify(log) by extensions ['ignore', 'ignore_ament_install']
[0.175s] Level 1:colcon.colcon_core.package_identification:_identify(log) by extension 'ignore'
[0.175s] Level 1:colcon.colcon_core.package_identification:_identify(log) ignored
[0.175s] Level 1:colcon.colcon_core.package_identification:_identify(pad_msg) by extensions ['ignore', 'ignore_ament_install']
[0.175s] Level 1:colcon.colcon_core.package_identification:_identify(pad_msg) by extension 'ignore'
[0.175s] Level 1:colcon.colcon_core.package_identification:_identify(pad_msg) by extension 'ignore_ament_install'
[0.175s] Level 1:colcon.colcon_core.package_identification:_identify(pad_msg) by extensions ['colcon_pkg']
[0.175s] Level 1:colcon.colcon_core.package_identification:_identify(pad_msg) by extension 'colcon_pkg'
[0.175s] Level 1:colcon.colcon_core.package_identification:_identify(pad_msg) by extensions ['colcon_meta']
[0.175s] Level 1:colcon.colcon_core.package_identification:_identify(pad_msg) by extension 'colcon_meta'
[0.175s] Level 1:colcon.colcon_core.package_identification:_identify(pad_msg) by extensions ['ros']
[0.175s] Level 1:colcon.colcon_core.package_identification:_identify(pad_msg) by extension 'ros'
[0.175s] DEBUG:colcon.colcon_core.package_identification:Package 'pad_msg' with type 'ros.ament_cmake' and name 'pad_msg'
[0.176s] Level 1:colcon.colcon_core.package_identification:_identify(test_launch) by extensions ['ignore', 'ignore_ament_install']
[0.176s] Level 1:colcon.colcon_core.package_identification:_identify(test_launch) by extension 'ignore'
[0.176s] Level 1:colcon.colcon_core.package_identification:_identify(test_launch) by extension 'ignore_ament_install'
[0.176s] Level 1:colcon.colcon_core.package_identification:_identify(test_launch) by extensions ['colcon_pkg']
[0.176s] Level 1:colcon.colcon_core.package_identification:_identify(test_launch) by extension 'colcon_pkg'
[0.176s] Level 1:colcon.colcon_core.package_identification:_identify(test_launch) by extensions ['colcon_meta']
[0.176s] Level 1:colcon.colcon_core.package_identification:_identify(test_launch) by extension 'colcon_meta'
[0.176s] Level 1:colcon.colcon_core.package_identification:_identify(test_launch) by extensions ['ros']
[0.176s] Level 1:colcon.colcon_core.package_identification:_identify(test_launch) by extension 'ros'
[0.176s] DEBUG:colcon.colcon_core.package_identification:Package 'test_launch' with type 'ros.ament_cmake' and name 'test_launch'
[0.176s] Level 1:colcon.colcon_core.package_discovery:discover_packages(recursive) using defaults
[0.176s] Level 1:colcon.colcon_core.package_discovery:discover_packages(ignore) discover
[0.176s] Level 1:colcon.colcon_core.package_discovery:discover_packages(ignore) using defaults
[0.176s] Level 1:colcon.colcon_core.package_discovery:discover_packages(path) discover
[0.176s] Level 1:colcon.colcon_core.package_discovery:discover_packages(path) using defaults
[0.177s] WARNING:colcon.colcon_core.package_selection:ignoring unknown package 'pad_msg/' in --packages-select
[0.197s] INFO:colcon.colcon_core.package_selection:Skipping not selected package 'pad_msg' in 'pad_msg'
[0.197s] INFO:colcon.colcon_core.package_selection:Skipping not selected package 'gamepad' in 'gamepad'
[0.197s] INFO:colcon.colcon_core.package_selection:Skipping not selected package 'test_launch' in 'test_launch'
[0.197s] Level 1:colcon.colcon_core.package_discovery:discover_packages(prefix_path) check parameters
[0.197s] Level 1:colcon.colcon_core.package_discovery:discover_packages(prefix_path) discover
[0.199s] DEBUG:colcon.colcon_installed_package_information.package_discovery:Found 1 installed packages in /home/tatenami/ros2/ws/pad/src/pad_msg/install
[0.201s] DEBUG:colcon.colcon_installed_package_information.package_discovery:Found 286 installed packages in /opt/ros/jazzy
[0.202s] Level 1:colcon.colcon_core.package_discovery:discover_packages(prefix_path) using defaults
[0.247s] INFO:colcon.colcon_core.executor:Executing jobs using 'parallel' executor
[0.248s] DEBUG:colcon.colcon_parallel_executor.executor.parallel:run_until_complete
[0.248s] DEBUG:colcon.colcon_parallel_executor.executor.parallel:closing loop
[0.248s] DEBUG:colcon.colcon_parallel_executor.executor.parallel:loop closed
[0.248s] DEBUG:colcon.colcon_parallel_executor.executor.parallel:run_until_complete finished with '0'
[0.248s] DEBUG:colcon.colcon_core.event_reactor:joining thread
[0.254s] INFO:colcon.colcon_core.plugin_system:Skipping extension 'colcon_notification.desktop_notification.terminal_notifier': Not used on non-Darwin systems
[0.254s] INFO:colcon.colcon_core.plugin_system:Skipping extension 'colcon_notification.desktop_notification.win32': Not used on non-Windows systems
[0.254s] INFO:colcon.colcon_notification.desktop_notification:Sending desktop notification using 'notify2'
[0.268s] DEBUG:colcon.colcon_core.event_reactor:joined thread
[0.270s] INFO:colcon.colcon_core.plugin_system:Skipping extension 'colcon_core.shell.bat': Not used on non-Windows systems
[0.270s] INFO:colcon.colcon_core.shell:Creating prefix script '/home/tatenami/ros2/ws/pad/src/install/local_setup.ps1'
[0.271s] INFO:colcon.colcon_core.shell:Creating prefix util module '/home/tatenami/ros2/ws/pad/src/install/_local_setup_util_ps1.py'
[0.272s] INFO:colcon.colcon_core.shell:Creating prefix chain script '/home/tatenami/ros2/ws/pad/src/install/setup.ps1'
[0.272s] INFO:colcon.colcon_core.shell:Creating prefix script '/home/tatenami/ros2/ws/pad/src/install/local_setup.sh'
[0.273s] INFO:colcon.colcon_core.shell:Creating prefix util module '/home/tatenami/ros2/ws/pad/src/install/_local_setup_util_sh.py'
[0.273s] INFO:colcon.colcon_core.shell:Creating prefix chain script '/home/tatenami/ros2/ws/pad/src/install/setup.sh'
[0.274s] INFO:colcon.colcon_core.shell:Creating prefix script '/home/tatenami/ros2/ws/pad/src/install/local_setup.bash'
[0.275s] INFO:colcon.colcon_core.shell:Creating prefix chain script '/home/tatenami/ros2/ws/pad/src/install/setup.bash'
[0.275s] INFO:colcon.colcon_core.shell:Creating prefix script '/home/tatenami/ros2/ws/pad/src/install/local_setup.zsh'
[0.276s] INFO:colcon.colcon_core.shell:Creating prefix chain script '/home/tatenami/ros2/ws/pad/src/install/setup.zsh'
