[0.103s] DEBUG:colcon:Command line arguments: ['/usr/bin/colcon', 'build']
[0.103s] DEBUG:colcon:Parsed command line arguments: Namespace(log_base=None, log_level=None, verb_name='build', build_base='build', install_base='install', merge_install=False, symlink_install=False, test_result_base=None, continue_on_error=False, executor='parallel', parallel_workers=4, event_handlers=None, ignore_user_meta=False, metas=['./colcon.meta'], base_paths=['.'], packages_ignore=None, packages_ignore_regex=None, paths=None, packages_up_to=None, packages_up_to_regex=None, packages_above=None, packages_above_and_dependencies=None, packages_above_depth=None, packages_select_by_dep=None, packages_skip_by_dep=None, packages_skip_up_to=None, packages_select_build_failed=False, packages_skip_build_finished=False, packages_select_test_failures=False, packages_skip_test_passed=False, packages_select=None, packages_skip=None, packages_select_regex=None, packages_skip_regex=None, packages_start=None, packages_end=None, allow_overriding=[], cmake_args=None, cmake_target=None, cmake_target_skip_unavailable=False, cmake_clean_cache=False, cmake_clean_first=False, cmake_force_configure=False, ament_cmake_args=None, catkin_cmake_args=None, catkin_skip_building_tests=False, mixin_files=None, mixin=None, verb_parser=<colcon_mixin.mixin.mixin_argument.MixinArgumentDecorator object at 0x71e930ba0b60>, verb_extension=<colcon_core.verb.build.BuildVerb object at 0x71e93047ade0>, main=<bound method BuildVerb.main of <colcon_core.verb.build.BuildVerb object at 0x71e93047ade0>>, mixin_verb=('build',))
[0.140s] Level 1:colcon.colcon_core.package_discovery:discover_packages(colcon_meta) check parameters
[0.140s] Level 1:colcon.colcon_core.package_discovery:discover_packages(recursive) check parameters
[0.140s] Level 1:colcon.colcon_core.package_discovery:discover_packages(ignore) check parameters
[0.140s] Level 1:colcon.colcon_core.package_discovery:discover_packages(path) check parameters
[0.140s] Level 1:colcon.colcon_core.package_discovery:discover_packages(colcon_meta) discover
[0.140s] Level 1:colcon.colcon_core.package_discovery:discover_packages(recursive) discover
[0.141s] INFO:colcon.colcon_core.package_discovery:Crawling recursively for packages in '/home/tatenami/ros2/ws/pad'
[0.141s] Level 1:colcon.colcon_core.package_identification:_identify(.) by extensions ['ignore', 'ignore_ament_install']
[0.141s] Level 1:colcon.colcon_core.package_identification:_identify(.) by extension 'ignore'
[0.141s] Level 1:colcon.colcon_core.package_identification:_identify(.) by extension 'ignore_ament_install'
[0.141s] Level 1:colcon.colcon_core.package_identification:_identify(.) by extensions ['colcon_pkg']
[0.141s] Level 1:colcon.colcon_core.package_identification:_identify(.) by extension 'colcon_pkg'
[0.141s] Level 1:colcon.colcon_core.package_identification:_identify(.) by extensions ['colcon_meta']
[0.141s] Level 1:colcon.colcon_core.package_identification:_identify(.) by extension 'colcon_meta'
[0.141s] Level 1:colcon.colcon_core.package_identification:_identify(.) by extensions ['ros']
[0.141s] Level 1:colcon.colcon_core.package_identification:_identify(.) by extension 'ros'
[0.166s] Level 1:colcon.colcon_core.package_identification:_identify(.) by extensions ['cmake', 'python']
[0.166s] Level 1:colcon.colcon_core.package_identification:_identify(.) by extension 'cmake'
[0.166s] Level 1:colcon.colcon_core.package_identification:_identify(.) by extension 'python'
[0.166s] Level 1:colcon.colcon_core.package_identification:_identify(.) by extensions ['python_setup_py']
[0.166s] Level 1:colcon.colcon_core.package_identification:_identify(.) by extension 'python_setup_py'
[0.167s] Level 1:colcon.colcon_core.package_identification:_identify(build) by extensions ['ignore', 'ignore_ament_install']
[0.167s] Level 1:colcon.colcon_core.package_identification:_identify(build) by extension 'ignore'
[0.167s] Level 1:colcon.colcon_core.package_identification:_identify(build) ignored
[0.167s] Level 1:colcon.colcon_core.package_identification:_identify(install) by extensions ['ignore', 'ignore_ament_install']
[0.167s] Level 1:colcon.colcon_core.package_identification:_identify(install) by extension 'ignore'
[0.167s] Level 1:colcon.colcon_core.package_identification:_identify(install) ignored
[0.167s] Level 1:colcon.colcon_core.package_identification:_identify(log) by extensions ['ignore', 'ignore_ament_install']
[0.167s] Level 1:colcon.colcon_core.package_identification:_identify(log) by extension 'ignore'
[0.167s] Level 1:colcon.colcon_core.package_identification:_identify(log) ignored
[0.167s] Level 1:colcon.colcon_core.package_identification:_identify(src) by extensions ['ignore', 'ignore_ament_install']
[0.168s] Level 1:colcon.colcon_core.package_identification:_identify(src) by extension 'ignore'
[0.168s] Level 1:colcon.colcon_core.package_identification:_identify(src) by extension 'ignore_ament_install'
[0.168s] Level 1:colcon.colcon_core.package_identification:_identify(src) by extensions ['colcon_pkg']
[0.168s] Level 1:colcon.colcon_core.package_identification:_identify(src) by extension 'colcon_pkg'
[0.168s] Level 1:colcon.colcon_core.package_identification:_identify(src) by extensions ['colcon_meta']
[0.168s] Level 1:colcon.colcon_core.package_identification:_identify(src) by extension 'colcon_meta'
[0.168s] Level 1:colcon.colcon_core.package_identification:_identify(src) by extensions ['ros']
[0.168s] Level 1:colcon.colcon_core.package_identification:_identify(src) by extension 'ros'
[0.168s] Level 1:colcon.colcon_core.package_identification:_identify(src) by extensions ['cmake', 'python']
[0.168s] Level 1:colcon.colcon_core.package_identification:_identify(src) by extension 'cmake'
[0.168s] Level 1:colcon.colcon_core.package_identification:_identify(src) by extension 'python'
[0.168s] Level 1:colcon.colcon_core.package_identification:_identify(src) by extensions ['python_setup_py']
[0.168s] Level 1:colcon.colcon_core.package_identification:_identify(src) by extension 'python_setup_py'
[0.168s] Level 1:colcon.colcon_core.package_identification:_identify(src/gamepad) by extensions ['ignore', 'ignore_ament_install']
[0.168s] Level 1:colcon.colcon_core.package_identification:_identify(src/gamepad) by extension 'ignore'
[0.168s] Level 1:colcon.colcon_core.package_identification:_identify(src/gamepad) by extension 'ignore_ament_install'
[0.168s] Level 1:colcon.colcon_core.package_identification:_identify(src/gamepad) by extensions ['colcon_pkg']
[0.168s] Level 1:colcon.colcon_core.package_identification:_identify(src/gamepad) by extension 'colcon_pkg'
[0.168s] Level 1:colcon.colcon_core.package_identification:_identify(src/gamepad) by extensions ['colcon_meta']
[0.169s] Level 1:colcon.colcon_core.package_identification:_identify(src/gamepad) by extension 'colcon_meta'
[0.169s] Level 1:colcon.colcon_core.package_identification:_identify(src/gamepad) by extensions ['ros']
[0.169s] Level 1:colcon.colcon_core.package_identification:_identify(src/gamepad) by extension 'ros'
[0.171s] DEBUG:colcon.colcon_core.package_identification:Package 'src/gamepad' with type 'ros.ament_cmake' and name 'gamepad'
[0.171s] Level 1:colcon.colcon_core.package_identification:_identify(src/pad_msg) by extensions ['ignore', 'ignore_ament_install']
[0.171s] Level 1:colcon.colcon_core.package_identification:_identify(src/pad_msg) by extension 'ignore'
[0.171s] Level 1:colcon.colcon_core.package_identification:_identify(src/pad_msg) by extension 'ignore_ament_install'
[0.171s] Level 1:colcon.colcon_core.package_identification:_identify(src/pad_msg) by extensions ['colcon_pkg']
[0.172s] Level 1:colcon.colcon_core.package_identification:_identify(src/pad_msg) by extension 'colcon_pkg'
[0.172s] Level 1:colcon.colcon_core.package_identification:_identify(src/pad_msg) by extensions ['colcon_meta']
[0.172s] Level 1:colcon.colcon_core.package_identification:_identify(src/pad_msg) by extension 'colcon_meta'
[0.172s] Level 1:colcon.colcon_core.package_identification:_identify(src/pad_msg) by extensions ['ros']
[0.172s] Level 1:colcon.colcon_core.package_identification:_identify(src/pad_msg) by extension 'ros'
[0.172s] DEBUG:colcon.colcon_core.package_identification:Package 'src/pad_msg' with type 'ros.ament_cmake' and name 'pad_msg'
[0.172s] Level 1:colcon.colcon_core.package_discovery:discover_packages(recursive) using defaults
[0.172s] Level 1:colcon.colcon_core.package_discovery:discover_packages(ignore) discover
[0.172s] Level 1:colcon.colcon_core.package_discovery:discover_packages(ignore) using defaults
[0.172s] Level 1:colcon.colcon_core.package_discovery:discover_packages(path) discover
[0.172s] Level 1:colcon.colcon_core.package_discovery:discover_packages(path) using defaults
[0.190s] Level 1:colcon.colcon_core.package_discovery:discover_packages(prefix_path) check parameters
[0.191s] Level 1:colcon.colcon_core.package_discovery:discover_packages(prefix_path) discover
[0.194s] DEBUG:colcon.colcon_installed_package_information.package_discovery:Found 286 installed packages in /opt/ros/jazzy
[0.195s] Level 1:colcon.colcon_core.package_discovery:discover_packages(prefix_path) using defaults
[0.238s] Level 5:colcon.colcon_core.verb:set package 'pad_msg' build argument 'cmake_args' from command line to 'None'
[0.238s] Level 5:colcon.colcon_core.verb:set package 'pad_msg' build argument 'cmake_target' from command line to 'None'
[0.238s] Level 5:colcon.colcon_core.verb:set package 'pad_msg' build argument 'cmake_target_skip_unavailable' from command line to 'False'
[0.238s] Level 5:colcon.colcon_core.verb:set package 'pad_msg' build argument 'cmake_clean_cache' from command line to 'False'
[0.238s] Level 5:colcon.colcon_core.verb:set package 'pad_msg' build argument 'cmake_clean_first' from command line to 'False'
[0.238s] Level 5:colcon.colcon_core.verb:set package 'pad_msg' build argument 'cmake_force_configure' from command line to 'False'
[0.238s] Level 5:colcon.colcon_core.verb:set package 'pad_msg' build argument 'ament_cmake_args' from command line to 'None'
[0.238s] Level 5:colcon.colcon_core.verb:set package 'pad_msg' build argument 'catkin_cmake_args' from command line to 'None'
[0.238s] Level 5:colcon.colcon_core.verb:set package 'pad_msg' build argument 'catkin_skip_building_tests' from command line to 'False'
[0.238s] DEBUG:colcon.colcon_core.verb:Building package 'pad_msg' with the following arguments: {'ament_cmake_args': None, 'build_base': '/home/tatenami/ros2/ws/pad/build/pad_msg', 'catkin_cmake_args': None, 'catkin_skip_building_tests': False, 'cmake_args': None, 'cmake_clean_cache': False, 'cmake_clean_first': False, 'cmake_force_configure': False, 'cmake_target': None, 'cmake_target_skip_unavailable': False, 'install_base': '/home/tatenami/ros2/ws/pad/install/pad_msg', 'merge_install': False, 'path': '/home/tatenami/ros2/ws/pad/src/pad_msg', 'symlink_install': False, 'test_result_base': None}
[0.239s] Level 5:colcon.colcon_core.verb:set package 'gamepad' build argument 'cmake_args' from command line to 'None'
[0.239s] Level 5:colcon.colcon_core.verb:set package 'gamepad' build argument 'cmake_target' from command line to 'None'
[0.239s] Level 5:colcon.colcon_core.verb:set package 'gamepad' build argument 'cmake_target_skip_unavailable' from command line to 'False'
[0.239s] Level 5:colcon.colcon_core.verb:set package 'gamepad' build argument 'cmake_clean_cache' from command line to 'False'
[0.239s] Level 5:colcon.colcon_core.verb:set package 'gamepad' build argument 'cmake_clean_first' from command line to 'False'
[0.239s] Level 5:colcon.colcon_core.verb:set package 'gamepad' build argument 'cmake_force_configure' from command line to 'False'
[0.239s] Level 5:colcon.colcon_core.verb:set package 'gamepad' build argument 'ament_cmake_args' from command line to 'None'
[0.239s] Level 5:colcon.colcon_core.verb:set package 'gamepad' build argument 'catkin_cmake_args' from command line to 'None'
[0.239s] Level 5:colcon.colcon_core.verb:set package 'gamepad' build argument 'catkin_skip_building_tests' from command line to 'False'
[0.239s] DEBUG:colcon.colcon_core.verb:Building package 'gamepad' with the following arguments: {'ament_cmake_args': None, 'build_base': '/home/tatenami/ros2/ws/pad/build/gamepad', 'catkin_cmake_args': None, 'catkin_skip_building_tests': False, 'cmake_args': None, 'cmake_clean_cache': False, 'cmake_clean_first': False, 'cmake_force_configure': False, 'cmake_target': None, 'cmake_target_skip_unavailable': False, 'install_base': '/home/tatenami/ros2/ws/pad/install/gamepad', 'merge_install': False, 'path': '/home/tatenami/ros2/ws/pad/src/gamepad', 'symlink_install': False, 'test_result_base': None}
[0.239s] INFO:colcon.colcon_core.executor:Executing jobs using 'parallel' executor
[0.240s] DEBUG:colcon.colcon_parallel_executor.executor.parallel:run_until_complete
[0.240s] INFO:colcon.colcon_ros.task.ament_cmake.build:Building ROS package in '/home/tatenami/ros2/ws/pad/src/pad_msg' with build type 'ament_cmake'
[0.240s] INFO:colcon.colcon_cmake.task.cmake.build:Building CMake package in '/home/tatenami/ros2/ws/pad/src/pad_msg'
[0.243s] INFO:colcon.colcon_core.plugin_system:Skipping extension 'colcon_core.shell.bat': Not used on non-Windows systems
[0.243s] INFO:colcon.colcon_core.shell:Skip shell extension 'powershell' for command environment: Not usable outside of PowerShell
[0.243s] DEBUG:colcon.colcon_core.shell:Skip shell extension 'dsv' for command environment
[0.254s] DEBUG:colcon.colcon_core.event_handler.log_command:Invoking command in '/home/tatenami/ros2/ws/pad/build/pad_msg': CMAKE_PREFIX_PATH=${CMAKE_PREFIX_PATH}:/opt/ros/jazzy DEBUGINFOD_URLS=https://debuginfod.ubuntu.com /opt/st/stm32cubeclt_1.16.0/CMake/bin/cmake --build /home/tatenami/ros2/ws/pad/build/pad_msg -- -j4 -l4
[0.635s] DEBUG:colcon.colcon_core.event_handler.log_command:Invoked command in '/home/tatenami/ros2/ws/pad/build/pad_msg' returned '0': CMAKE_PREFIX_PATH=${CMAKE_PREFIX_PATH}:/opt/ros/jazzy DEBUGINFOD_URLS=https://debuginfod.ubuntu.com /opt/st/stm32cubeclt_1.16.0/CMake/bin/cmake --build /home/tatenami/ros2/ws/pad/build/pad_msg -- -j4 -l4
[0.639s] DEBUG:colcon.colcon_core.event_handler.log_command:Invoking command in '/home/tatenami/ros2/ws/pad/build/pad_msg': CMAKE_PREFIX_PATH=${CMAKE_PREFIX_PATH}:/opt/ros/jazzy DEBUGINFOD_URLS=https://debuginfod.ubuntu.com /opt/st/stm32cubeclt_1.16.0/CMake/bin/cmake --install /home/tatenami/ros2/ws/pad/build/pad_msg
[0.709s] Level 1:colcon.colcon_core.environment:create_environment_scripts_only(pad_msg)
[0.711s] Level 1:colcon.colcon_core.environment:checking '/home/tatenami/ros2/ws/pad/install/pad_msg' for CMake module files
[0.714s] DEBUG:colcon.colcon_core.event_handler.log_command:Invoked command in '/home/tatenami/ros2/ws/pad/build/pad_msg' returned '0': CMAKE_PREFIX_PATH=${CMAKE_PREFIX_PATH}:/opt/ros/jazzy DEBUGINFOD_URLS=https://debuginfod.ubuntu.com /opt/st/stm32cubeclt_1.16.0/CMake/bin/cmake --install /home/tatenami/ros2/ws/pad/build/pad_msg
[0.715s] Level 1:colcon.colcon_core.environment:checking '/home/tatenami/ros2/ws/pad/install/pad_msg' for CMake config files
[0.715s] Level 1:colcon.colcon_core.shell:create_environment_hook('pad_msg', 'cmake_prefix_path')
[0.715s] INFO:colcon.colcon_core.shell:Creating environment hook '/home/tatenami/ros2/ws/pad/install/pad_msg/share/pad_msg/hook/cmake_prefix_path.ps1'
[0.716s] INFO:colcon.colcon_core.shell:Creating environment descriptor '/home/tatenami/ros2/ws/pad/install/pad_msg/share/pad_msg/hook/cmake_prefix_path.dsv'
[0.717s] INFO:colcon.colcon_core.shell:Creating environment hook '/home/tatenami/ros2/ws/pad/install/pad_msg/share/pad_msg/hook/cmake_prefix_path.sh'
[0.718s] Level 1:colcon.colcon_core.environment:checking '/home/tatenami/ros2/ws/pad/install/pad_msg/lib'
[0.718s] Level 1:colcon.colcon_core.shell:create_environment_hook('pad_msg', 'ld_library_path_lib')
[0.718s] INFO:colcon.colcon_core.shell:Creating environment hook '/home/tatenami/ros2/ws/pad/install/pad_msg/share/pad_msg/hook/ld_library_path_lib.ps1'
[0.719s] INFO:colcon.colcon_core.shell:Creating environment descriptor '/home/tatenami/ros2/ws/pad/install/pad_msg/share/pad_msg/hook/ld_library_path_lib.dsv'
[0.719s] INFO:colcon.colcon_core.shell:Creating environment hook '/home/tatenami/ros2/ws/pad/install/pad_msg/share/pad_msg/hook/ld_library_path_lib.sh'
[0.720s] Level 1:colcon.colcon_core.environment:checking '/home/tatenami/ros2/ws/pad/install/pad_msg/bin'
[0.720s] Level 1:colcon.colcon_core.environment:checking '/home/tatenami/ros2/ws/pad/install/pad_msg/lib/pkgconfig/pad_msg.pc'
[0.721s] Level 1:colcon.colcon_core.environment:checking '/home/tatenami/ros2/ws/pad/install/pad_msg/lib/python3.12/site-packages'
[0.721s] Level 1:colcon.colcon_core.shell:create_environment_hook('pad_msg', 'pythonpath')
[0.721s] INFO:colcon.colcon_core.shell:Creating environment hook '/home/tatenami/ros2/ws/pad/install/pad_msg/share/pad_msg/hook/pythonpath.ps1'
[0.721s] INFO:colcon.colcon_core.shell:Creating environment descriptor '/home/tatenami/ros2/ws/pad/install/pad_msg/share/pad_msg/hook/pythonpath.dsv'
[0.722s] INFO:colcon.colcon_core.shell:Creating environment hook '/home/tatenami/ros2/ws/pad/install/pad_msg/share/pad_msg/hook/pythonpath.sh'
[0.723s] Level 1:colcon.colcon_core.environment:checking '/home/tatenami/ros2/ws/pad/install/pad_msg/bin'
[0.723s] INFO:colcon.colcon_core.shell:Creating package script '/home/tatenami/ros2/ws/pad/install/pad_msg/share/pad_msg/package.ps1'
[0.724s] INFO:colcon.colcon_core.shell:Creating package descriptor '/home/tatenami/ros2/ws/pad/install/pad_msg/share/pad_msg/package.dsv'
[0.725s] INFO:colcon.colcon_core.shell:Creating package script '/home/tatenami/ros2/ws/pad/install/pad_msg/share/pad_msg/package.sh'
[0.726s] INFO:colcon.colcon_core.shell:Creating package script '/home/tatenami/ros2/ws/pad/install/pad_msg/share/pad_msg/package.bash'
[0.727s] INFO:colcon.colcon_core.shell:Creating package script '/home/tatenami/ros2/ws/pad/install/pad_msg/share/pad_msg/package.zsh'
[0.728s] Level 1:colcon.colcon_core.environment:create_file_with_runtime_dependencies(/home/tatenami/ros2/ws/pad/install/pad_msg/share/colcon-core/packages/pad_msg)
[0.729s] Level 1:colcon.colcon_core.environment:create_environment_scripts_only(pad_msg)
[0.729s] Level 1:colcon.colcon_core.environment:checking '/home/tatenami/ros2/ws/pad/install/pad_msg' for CMake module files
[0.730s] Level 1:colcon.colcon_core.environment:checking '/home/tatenami/ros2/ws/pad/install/pad_msg' for CMake config files
[0.730s] Level 1:colcon.colcon_core.shell:create_environment_hook('pad_msg', 'cmake_prefix_path')
[0.730s] INFO:colcon.colcon_core.shell:Creating environment hook '/home/tatenami/ros2/ws/pad/install/pad_msg/share/pad_msg/hook/cmake_prefix_path.ps1'
[0.731s] INFO:colcon.colcon_core.shell:Creating environment descriptor '/home/tatenami/ros2/ws/pad/install/pad_msg/share/pad_msg/hook/cmake_prefix_path.dsv'
[0.732s] INFO:colcon.colcon_core.shell:Creating environment hook '/home/tatenami/ros2/ws/pad/install/pad_msg/share/pad_msg/hook/cmake_prefix_path.sh'
[0.733s] Level 1:colcon.colcon_core.environment:checking '/home/tatenami/ros2/ws/pad/install/pad_msg/lib'
[0.733s] Level 1:colcon.colcon_core.shell:create_environment_hook('pad_msg', 'ld_library_path_lib')
[0.733s] INFO:colcon.colcon_core.shell:Creating environment hook '/home/tatenami/ros2/ws/pad/install/pad_msg/share/pad_msg/hook/ld_library_path_lib.ps1'
[0.734s] INFO:colcon.colcon_core.shell:Creating environment descriptor '/home/tatenami/ros2/ws/pad/install/pad_msg/share/pad_msg/hook/ld_library_path_lib.dsv'
[0.735s] INFO:colcon.colcon_core.shell:Creating environment hook '/home/tatenami/ros2/ws/pad/install/pad_msg/share/pad_msg/hook/ld_library_path_lib.sh'
[0.735s] Level 1:colcon.colcon_core.environment:checking '/home/tatenami/ros2/ws/pad/install/pad_msg/bin'
[0.735s] Level 1:colcon.colcon_core.environment:checking '/home/tatenami/ros2/ws/pad/install/pad_msg/lib/pkgconfig/pad_msg.pc'
[0.735s] Level 1:colcon.colcon_core.environment:checking '/home/tatenami/ros2/ws/pad/install/pad_msg/lib/python3.12/site-packages'
[0.736s] Level 1:colcon.colcon_core.shell:create_environment_hook('pad_msg', 'pythonpath')
[0.736s] INFO:colcon.colcon_core.shell:Creating environment hook '/home/tatenami/ros2/ws/pad/install/pad_msg/share/pad_msg/hook/pythonpath.ps1'
[0.736s] INFO:colcon.colcon_core.shell:Creating environment descriptor '/home/tatenami/ros2/ws/pad/install/pad_msg/share/pad_msg/hook/pythonpath.dsv'
[0.737s] INFO:colcon.colcon_core.shell:Creating environment hook '/home/tatenami/ros2/ws/pad/install/pad_msg/share/pad_msg/hook/pythonpath.sh'
[0.737s] Level 1:colcon.colcon_core.environment:checking '/home/tatenami/ros2/ws/pad/install/pad_msg/bin'
[0.738s] INFO:colcon.colcon_core.shell:Creating package script '/home/tatenami/ros2/ws/pad/install/pad_msg/share/pad_msg/package.ps1'
[0.739s] INFO:colcon.colcon_core.shell:Creating package descriptor '/home/tatenami/ros2/ws/pad/install/pad_msg/share/pad_msg/package.dsv'
[0.739s] INFO:colcon.colcon_core.shell:Creating package script '/home/tatenami/ros2/ws/pad/install/pad_msg/share/pad_msg/package.sh'
[0.740s] INFO:colcon.colcon_core.shell:Creating package script '/home/tatenami/ros2/ws/pad/install/pad_msg/share/pad_msg/package.bash'
[0.740s] INFO:colcon.colcon_core.shell:Creating package script '/home/tatenami/ros2/ws/pad/install/pad_msg/share/pad_msg/package.zsh'
[0.741s] Level 1:colcon.colcon_core.environment:create_file_with_runtime_dependencies(/home/tatenami/ros2/ws/pad/install/pad_msg/share/colcon-core/packages/pad_msg)
[0.741s] INFO:colcon.colcon_ros.task.ament_cmake.build:Building ROS package in '/home/tatenami/ros2/ws/pad/src/gamepad' with build type 'ament_cmake'
[0.741s] INFO:colcon.colcon_cmake.task.cmake.build:Building CMake package in '/home/tatenami/ros2/ws/pad/src/gamepad'
[0.742s] INFO:colcon.colcon_core.shell:Skip shell extension 'powershell' for command environment: Not usable outside of PowerShell
[0.742s] DEBUG:colcon.colcon_core.shell:Skip shell extension 'dsv' for command environment
[0.756s] DEBUG:colcon.colcon_core.event_handler.log_command:Invoking command in '/home/tatenami/ros2/ws/pad/build/gamepad': AMENT_PREFIX_PATH=/home/tatenami/ros2/ws/pad/install/pad_msg:${AMENT_PREFIX_PATH} CMAKE_PREFIX_PATH=/home/tatenami/ros2/ws/pad/install/pad_msg:/opt/ros/jazzy/opt/gz_math_vendor:/opt/ros/jazzy/opt/gz_utils_vendor:/opt/ros/jazzy/opt/gz_cmake_vendor:/opt/ros/jazzy DEBUGINFOD_URLS=https://debuginfod.ubuntu.com LD_LIBRARY_PATH=/home/tatenami/ros2/ws/pad/install/pad_msg/lib:${LD_LIBRARY_PATH} PYTHONPATH=/home/tatenami/ros2/ws/pad/install/pad_msg/lib/python3.12/site-packages:${PYTHONPATH} /opt/st/stm32cubeclt_1.16.0/CMake/bin/cmake --build /home/tatenami/ros2/ws/pad/build/gamepad -- -j4 -l4
[1.743s] DEBUG:colcon.colcon_core.event_handler.log_command:Invoked command in '/home/tatenami/ros2/ws/pad/build/gamepad' returned '2': AMENT_PREFIX_PATH=/home/tatenami/ros2/ws/pad/install/pad_msg:${AMENT_PREFIX_PATH} CMAKE_PREFIX_PATH=/home/tatenami/ros2/ws/pad/install/pad_msg:/opt/ros/jazzy/opt/gz_math_vendor:/opt/ros/jazzy/opt/gz_utils_vendor:/opt/ros/jazzy/opt/gz_cmake_vendor:/opt/ros/jazzy DEBUGINFOD_URLS=https://debuginfod.ubuntu.com LD_LIBRARY_PATH=/home/tatenami/ros2/ws/pad/install/pad_msg/lib:${LD_LIBRARY_PATH} PYTHONPATH=/home/tatenami/ros2/ws/pad/install/pad_msg/lib/python3.12/site-packages:${PYTHONPATH} /opt/st/stm32cubeclt_1.16.0/CMake/bin/cmake --build /home/tatenami/ros2/ws/pad/build/gamepad -- -j4 -l4
[1.743s] Level 1:colcon.colcon_core.environment:create_environment_scripts_only(gamepad)
[1.744s] Level 1:colcon.colcon_core.environment:checking '/home/tatenami/ros2/ws/pad/install/gamepad' for CMake module files
[1.744s] Level 1:colcon.colcon_core.environment:checking '/home/tatenami/ros2/ws/pad/install/gamepad' for CMake config files
[1.744s] Level 1:colcon.colcon_core.shell:create_environment_hook('gamepad', 'cmake_prefix_path')
[1.745s] INFO:colcon.colcon_core.shell:Creating environment hook '/home/tatenami/ros2/ws/pad/install/gamepad/share/gamepad/hook/cmake_prefix_path.ps1'
[1.745s] INFO:colcon.colcon_core.shell:Creating environment descriptor '/home/tatenami/ros2/ws/pad/install/gamepad/share/gamepad/hook/cmake_prefix_path.dsv'
[1.745s] INFO:colcon.colcon_core.shell:Creating environment hook '/home/tatenami/ros2/ws/pad/install/gamepad/share/gamepad/hook/cmake_prefix_path.sh'
[1.746s] Level 1:colcon.colcon_core.environment:checking '/home/tatenami/ros2/ws/pad/install/gamepad/bin'
[1.746s] Level 1:colcon.colcon_core.environment:checking '/home/tatenami/ros2/ws/pad/install/gamepad/lib/pkgconfig/gamepad.pc'
[1.746s] Level 1:colcon.colcon_core.environment:checking '/home/tatenami/ros2/ws/pad/install/gamepad/lib/python3.12/site-packages'
[1.747s] Level 1:colcon.colcon_core.environment:checking '/home/tatenami/ros2/ws/pad/install/gamepad/bin'
[1.747s] INFO:colcon.colcon_core.shell:Creating package script '/home/tatenami/ros2/ws/pad/install/gamepad/share/gamepad/package.ps1'
[1.748s] INFO:colcon.colcon_core.shell:Creating package descriptor '/home/tatenami/ros2/ws/pad/install/gamepad/share/gamepad/package.dsv'
[1.748s] INFO:colcon.colcon_core.shell:Creating package script '/home/tatenami/ros2/ws/pad/install/gamepad/share/gamepad/package.sh'
[1.749s] INFO:colcon.colcon_core.shell:Creating package script '/home/tatenami/ros2/ws/pad/install/gamepad/share/gamepad/package.bash'
[1.749s] INFO:colcon.colcon_core.shell:Creating package script '/home/tatenami/ros2/ws/pad/install/gamepad/share/gamepad/package.zsh'
[1.749s] Level 1:colcon.colcon_core.environment:create_file_with_runtime_dependencies(/home/tatenami/ros2/ws/pad/install/gamepad/share/colcon-core/packages/gamepad)
[1.760s] DEBUG:colcon.colcon_parallel_executor.executor.parallel:closing loop
[1.760s] DEBUG:colcon.colcon_parallel_executor.executor.parallel:loop closed
[1.760s] DEBUG:colcon.colcon_parallel_executor.executor.parallel:run_until_complete finished with '2'
[1.760s] DEBUG:colcon.colcon_core.event_reactor:joining thread
[1.767s] INFO:colcon.colcon_core.plugin_system:Skipping extension 'colcon_notification.desktop_notification.terminal_notifier': Not used on non-Darwin systems
[1.767s] INFO:colcon.colcon_core.plugin_system:Skipping extension 'colcon_notification.desktop_notification.win32': Not used on non-Windows systems
[1.767s] INFO:colcon.colcon_notification.desktop_notification:Sending desktop notification using 'notify2'
[1.782s] DEBUG:colcon.colcon_core.event_reactor:joined thread
[1.782s] INFO:colcon.colcon_core.shell:Creating prefix script '/home/tatenami/ros2/ws/pad/install/local_setup.ps1'
[1.784s] INFO:colcon.colcon_core.shell:Creating prefix util module '/home/tatenami/ros2/ws/pad/install/_local_setup_util_ps1.py'
[1.785s] INFO:colcon.colcon_core.shell:Creating prefix chain script '/home/tatenami/ros2/ws/pad/install/setup.ps1'
[1.786s] INFO:colcon.colcon_core.shell:Creating prefix script '/home/tatenami/ros2/ws/pad/install/local_setup.sh'
[1.787s] INFO:colcon.colcon_core.shell:Creating prefix util module '/home/tatenami/ros2/ws/pad/install/_local_setup_util_sh.py'
[1.788s] INFO:colcon.colcon_core.shell:Creating prefix chain script '/home/tatenami/ros2/ws/pad/install/setup.sh'
[1.790s] INFO:colcon.colcon_core.shell:Creating prefix script '/home/tatenami/ros2/ws/pad/install/local_setup.bash'
[1.790s] INFO:colcon.colcon_core.shell:Creating prefix chain script '/home/tatenami/ros2/ws/pad/install/setup.bash'
[1.791s] INFO:colcon.colcon_core.shell:Creating prefix script '/home/tatenami/ros2/ws/pad/install/local_setup.zsh'
[1.792s] INFO:colcon.colcon_core.shell:Creating prefix chain script '/home/tatenami/ros2/ws/pad/install/setup.zsh'
