[0.013s] Invoking command in '/home/tatenami/ros2/ws/pad/build/pad_msg': CMAKE_PREFIX_PATH=${CMAKE_PREFIX_PATH}:/opt/ros/jazzy DEBUGINFOD_URLS=https://debuginfod.ubuntu.com /opt/st/stm32cubeclt_1.16.0/CMake/bin/cmake --build /home/tatenami/ros2/ws/pad/build/pad_msg -- -j4 -l4
[0.037s] [  2%] Built target pad_msg__rosidl_generator_type_description
[0.039s] [  2%] Built target ament_cmake_python_copy_pad_msg
[0.046s] [ 11%] Built target pad_msg__cpp
[0.046s] [ 20%] Built target pad_msg__rosidl_generator_c
[0.058s] [ 29%] Built target pad_msg__rosidl_typesupport_c
[0.059s] [ 38%] Built target pad_msg__rosidl_typesupport_introspection_c
[0.064s] [ 47%] Built target pad_msg__rosidl_typesupport_fastrtps_c
[0.072s] [ 55%] Built target pad_msg__rosidl_typesupport_fastrtps_cpp
[0.074s] [ 64%] Built target pad_msg__rosidl_typesupport_introspection_cpp
[0.080s] [ 73%] Built target pad_msg__rosidl_typesupport_cpp
[0.089s] [ 73%] Built target pad_msg
[0.101s] [ 76%] Built target pad_msg__py
[0.123s] [ 82%] Built target pad_msg__rosidl_generator_py
[0.141s] [ 88%] Built target pad_msg_s__rosidl_typesupport_c
[0.144s] [ 94%] Built target pad_msg_s__rosidl_typesupport_fastrtps_c
[0.145s] [100%] Built target pad_msg_s__rosidl_typesupport_introspection_c
[0.303s] running egg_info
[0.327s] writing pad_msg.egg-info/PKG-INFO
[0.327s] writing dependency_links to pad_msg.egg-info/dependency_links.txt
[0.328s] writing top-level names to pad_msg.egg-info/top_level.txt
[0.394s] reading manifest file 'pad_msg.egg-info/SOURCES.txt'
[0.395s] writing manifest file 'pad_msg.egg-info/SOURCES.txt'
[0.436s] [100%] Built target ament_cmake_python_build_pad_msg_egg
[0.442s] Invoked command in '/home/tatenami/ros2/ws/pad/build/pad_msg' returned '0': CMAKE_PREFIX_PATH=${CMAKE_PREFIX_PATH}:/opt/ros/jazzy DEBUGINFOD_URLS=https://debuginfod.ubuntu.com /opt/st/stm32cubeclt_1.16.0/CMake/bin/cmake --build /home/tatenami/ros2/ws/pad/build/pad_msg -- -j4 -l4
[0.446s] Invoking command in '/home/tatenami/ros2/ws/pad/build/pad_msg': CMAKE_PREFIX_PATH=${CMAKE_PREFIX_PATH}:/opt/ros/jazzy DEBUGINFOD_URLS=https://debuginfod.ubuntu.com /opt/st/stm32cubeclt_1.16.0/CMake/bin/cmake --install /home/tatenami/ros2/ws/pad/build/pad_msg
[0.452s] -- Install configuration: ""
[0.452s] -- Up-to-date: /home/tatenami/ros2/ws/pad/install/pad_msg/share/ament_index/resource_index/rosidl_interfaces/pad_msg
[0.457s] -- Up-to-date: /home/tatenami/ros2/ws/pad/install/pad_msg/share/pad_msg/msg/Pad.json
[0.457s] -- Up-to-date: /home/tatenami/ros2/ws/pad/install/pad_msg/include/pad_msg/pad_msg
[0.457s] -- Up-to-date: /home/tatenami/ros2/ws/pad/install/pad_msg/include/pad_msg/pad_msg/msg
[0.458s] -- Up-to-date: /home/tatenami/ros2/ws/pad/install/pad_msg/include/pad_msg/pad_msg/msg/pad.h
[0.458s] -- Up-to-date: /home/tatenami/ros2/ws/pad/install/pad_msg/include/pad_msg/pad_msg/msg/rosidl_generator_c__visibility_control.h
[0.458s] -- Up-to-date: /home/tatenami/ros2/ws/pad/install/pad_msg/include/pad_msg/pad_msg/msg/detail
[0.458s] -- Up-to-date: /home/tatenami/ros2/ws/pad/install/pad_msg/include/pad_msg/pad_msg/msg/detail/pad__type_support.h
[0.458s] -- Up-to-date: /home/tatenami/ros2/ws/pad/install/pad_msg/include/pad_msg/pad_msg/msg/detail/pad__functions.c
[0.458s] -- Up-to-date: /home/tatenami/ros2/ws/pad/install/pad_msg/include/pad_msg/pad_msg/msg/detail/pad__functions.h
[0.458s] -- Up-to-date: /home/tatenami/ros2/ws/pad/install/pad_msg/include/pad_msg/pad_msg/msg/detail/pad__type_support.c
[0.458s] -- Up-to-date: /home/tatenami/ros2/ws/pad/install/pad_msg/include/pad_msg/pad_msg/msg/detail/pad__description.c
[0.458s] -- Up-to-date: /home/tatenami/ros2/ws/pad/install/pad_msg/include/pad_msg/pad_msg/msg/detail/pad__struct.h
[0.458s] -- Up-to-date: /home/tatenami/ros2/ws/pad/install/pad_msg/share/pad_msg/environment/library_path.sh
[0.459s] -- Up-to-date: /home/tatenami/ros2/ws/pad/install/pad_msg/share/pad_msg/environment/library_path.dsv
[0.459s] -- Up-to-date: /home/tatenami/ros2/ws/pad/install/pad_msg/lib/libpad_msg__rosidl_generator_c.so
[0.459s] -- Up-to-date: /home/tatenami/ros2/ws/pad/install/pad_msg/include/pad_msg/pad_msg
[0.459s] -- Up-to-date: /home/tatenami/ros2/ws/pad/install/pad_msg/include/pad_msg/pad_msg/msg
[0.459s] -- Up-to-date: /home/tatenami/ros2/ws/pad/install/pad_msg/include/pad_msg/pad_msg/msg/detail
[0.459s] -- Up-to-date: /home/tatenami/ros2/ws/pad/install/pad_msg/include/pad_msg/pad_msg/msg/detail/pad__rosidl_typesupport_fastrtps_c.h
[0.459s] -- Up-to-date: /home/tatenami/ros2/ws/pad/install/pad_msg/include/pad_msg/pad_msg/msg/rosidl_typesupport_fastrtps_c__visibility_control.h
[0.459s] -- Up-to-date: /home/tatenami/ros2/ws/pad/install/pad_msg/lib/libpad_msg__rosidl_typesupport_fastrtps_c.so
[0.459s] -- Up-to-date: /home/tatenami/ros2/ws/pad/install/pad_msg/include/pad_msg/pad_msg
[0.459s] -- Up-to-date: /home/tatenami/ros2/ws/pad/install/pad_msg/include/pad_msg/pad_msg/msg
[0.459s] -- Up-to-date: /home/tatenami/ros2/ws/pad/install/pad_msg/include/pad_msg/pad_msg/msg/rosidl_typesupport_introspection_c__visibility_control.h
[0.459s] -- Up-to-date: /home/tatenami/ros2/ws/pad/install/pad_msg/include/pad_msg/pad_msg/msg/detail
[0.460s] -- Up-to-date: /home/tatenami/ros2/ws/pad/install/pad_msg/include/pad_msg/pad_msg/msg/detail/pad__rosidl_typesupport_introspection_c.h
[0.460s] -- Up-to-date: /home/tatenami/ros2/ws/pad/install/pad_msg/include/pad_msg/pad_msg/msg/detail/pad__type_support.c
[0.460s] -- Up-to-date: /home/tatenami/ros2/ws/pad/install/pad_msg/lib/libpad_msg__rosidl_typesupport_introspection_c.so
[0.460s] -- Up-to-date: /home/tatenami/ros2/ws/pad/install/pad_msg/lib/libpad_msg__rosidl_typesupport_c.so
[0.462s] -- Up-to-date: /home/tatenami/ros2/ws/pad/install/pad_msg/include/pad_msg/pad_msg
[0.462s] -- Up-to-date: /home/tatenami/ros2/ws/pad/install/pad_msg/include/pad_msg/pad_msg/msg
[0.462s] -- Up-to-date: /home/tatenami/ros2/ws/pad/install/pad_msg/include/pad_msg/pad_msg/msg/pad.hpp
[0.462s] -- Up-to-date: /home/tatenami/ros2/ws/pad/install/pad_msg/include/pad_msg/pad_msg/msg/rosidl_generator_cpp__visibility_control.hpp
[0.462s] -- Up-to-date: /home/tatenami/ros2/ws/pad/install/pad_msg/include/pad_msg/pad_msg/msg/detail
[0.462s] -- Up-to-date: /home/tatenami/ros2/ws/pad/install/pad_msg/include/pad_msg/pad_msg/msg/detail/pad__type_support.hpp
[0.463s] -- Up-to-date: /home/tatenami/ros2/ws/pad/install/pad_msg/include/pad_msg/pad_msg/msg/detail/pad__builder.hpp
[0.463s] -- Up-to-date: /home/tatenami/ros2/ws/pad/install/pad_msg/include/pad_msg/pad_msg/msg/detail/pad__traits.hpp
[0.463s] -- Up-to-date: /home/tatenami/ros2/ws/pad/install/pad_msg/include/pad_msg/pad_msg/msg/detail/pad__struct.hpp
[0.463s] -- Up-to-date: /home/tatenami/ros2/ws/pad/install/pad_msg/include/pad_msg/pad_msg
[0.463s] -- Up-to-date: /home/tatenami/ros2/ws/pad/install/pad_msg/include/pad_msg/pad_msg/msg
[0.463s] -- Up-to-date: /home/tatenami/ros2/ws/pad/install/pad_msg/include/pad_msg/pad_msg/msg/rosidl_typesupport_fastrtps_cpp__visibility_control.h
[0.463s] -- Up-to-date: /home/tatenami/ros2/ws/pad/install/pad_msg/include/pad_msg/pad_msg/msg/detail
[0.463s] -- Up-to-date: /home/tatenami/ros2/ws/pad/install/pad_msg/include/pad_msg/pad_msg/msg/detail/pad__rosidl_typesupport_fastrtps_cpp.hpp
[0.463s] -- Up-to-date: /home/tatenami/ros2/ws/pad/install/pad_msg/include/pad_msg/pad_msg/msg/detail/dds_fastrtps
[0.463s] -- Up-to-date: /home/tatenami/ros2/ws/pad/install/pad_msg/lib/libpad_msg__rosidl_typesupport_fastrtps_cpp.so
[0.463s] -- Up-to-date: /home/tatenami/ros2/ws/pad/install/pad_msg/include/pad_msg/pad_msg
[0.464s] -- Up-to-date: /home/tatenami/ros2/ws/pad/install/pad_msg/include/pad_msg/pad_msg/msg
[0.464s] -- Up-to-date: /home/tatenami/ros2/ws/pad/install/pad_msg/include/pad_msg/pad_msg/msg/detail
[0.464s] -- Up-to-date: /home/tatenami/ros2/ws/pad/install/pad_msg/include/pad_msg/pad_msg/msg/detail/pad__rosidl_typesupport_introspection_cpp.hpp
[0.464s] -- Up-to-date: /home/tatenami/ros2/ws/pad/install/pad_msg/include/pad_msg/pad_msg/msg/detail/pad__type_support.cpp
[0.464s] -- Up-to-date: /home/tatenami/ros2/ws/pad/install/pad_msg/lib/libpad_msg__rosidl_typesupport_introspection_cpp.so
[0.464s] -- Up-to-date: /home/tatenami/ros2/ws/pad/install/pad_msg/lib/libpad_msg__rosidl_typesupport_cpp.so
[0.464s] -- Up-to-date: /home/tatenami/ros2/ws/pad/install/pad_msg/share/pad_msg/environment/pythonpath.sh
[0.464s] -- Up-to-date: /home/tatenami/ros2/ws/pad/install/pad_msg/share/pad_msg/environment/pythonpath.dsv
[0.464s] -- Up-to-date: /home/tatenami/ros2/ws/pad/install/pad_msg/lib/python3.12/site-packages/pad_msg-0.0.0-py3.12.egg-info
[0.464s] -- Installing: /home/tatenami/ros2/ws/pad/install/pad_msg/lib/python3.12/site-packages/pad_msg-0.0.0-py3.12.egg-info/dependency_links.txt
[0.467s] -- Installing: /home/tatenami/ros2/ws/pad/install/pad_msg/lib/python3.12/site-packages/pad_msg-0.0.0-py3.12.egg-info/PKG-INFO
[0.467s] -- Installing: /home/tatenami/ros2/ws/pad/install/pad_msg/lib/python3.12/site-packages/pad_msg-0.0.0-py3.12.egg-info/top_level.txt
[0.468s] -- Installing: /home/tatenami/ros2/ws/pad/install/pad_msg/lib/python3.12/site-packages/pad_msg-0.0.0-py3.12.egg-info/SOURCES.txt
[0.468s] -- Up-to-date: /home/tatenami/ros2/ws/pad/install/pad_msg/lib/python3.12/site-packages/pad_msg
[0.468s] -- Up-to-date: /home/tatenami/ros2/ws/pad/install/pad_msg/lib/python3.12/site-packages/pad_msg/_pad_msg_s.ep.rosidl_typesupport_fastrtps_c.c
[0.468s] -- Up-to-date: /home/tatenami/ros2/ws/pad/install/pad_msg/lib/python3.12/site-packages/pad_msg/pad_msg_s__rosidl_typesupport_introspection_c.so
[0.468s] -- Up-to-date: /home/tatenami/ros2/ws/pad/install/pad_msg/lib/python3.12/site-packages/pad_msg/msg
[0.468s] -- Up-to-date: /home/tatenami/ros2/ws/pad/install/pad_msg/lib/python3.12/site-packages/pad_msg/msg/_pad_s.c
[0.469s] -- Up-to-date: /home/tatenami/ros2/ws/pad/install/pad_msg/lib/python3.12/site-packages/pad_msg/msg/_pad.py
[0.469s] -- Up-to-date: /home/tatenami/ros2/ws/pad/install/pad_msg/lib/python3.12/site-packages/pad_msg/msg/__init__.py
[0.470s] -- Up-to-date: /home/tatenami/ros2/ws/pad/install/pad_msg/lib/python3.12/site-packages/pad_msg/pad_msg_s__rosidl_typesupport_fastrtps_c.so
[0.470s] -- Up-to-date: /home/tatenami/ros2/ws/pad/install/pad_msg/lib/python3.12/site-packages/pad_msg/pad_msg_s__rosidl_typesupport_c.so
[0.470s] -- Up-to-date: /home/tatenami/ros2/ws/pad/install/pad_msg/lib/python3.12/site-packages/pad_msg/_pad_msg_s.ep.rosidl_typesupport_introspection_c.c
[0.470s] -- Up-to-date: /home/tatenami/ros2/ws/pad/install/pad_msg/lib/python3.12/site-packages/pad_msg/_pad_msg_s.ep.rosidl_typesupport_c.c
[0.470s] -- Up-to-date: /home/tatenami/ros2/ws/pad/install/pad_msg/lib/python3.12/site-packages/pad_msg/__init__.py
[0.504s] Listing '/home/tatenami/ros2/ws/pad/install/pad_msg/lib/python3.12/site-packages/pad_msg'...
[0.504s] Listing '/home/tatenami/ros2/ws/pad/install/pad_msg/lib/python3.12/site-packages/pad_msg/msg'...
[0.513s] -- Up-to-date: /home/tatenami/ros2/ws/pad/install/pad_msg/lib/python3.12/site-packages/pad_msg/pad_msg_s__rosidl_typesupport_fastrtps_c.so
[0.514s] -- Up-to-date: /home/tatenami/ros2/ws/pad/install/pad_msg/lib/python3.12/site-packages/pad_msg/pad_msg_s__rosidl_typesupport_introspection_c.so
[0.515s] -- Up-to-date: /home/tatenami/ros2/ws/pad/install/pad_msg/lib/python3.12/site-packages/pad_msg/pad_msg_s__rosidl_typesupport_c.so
[0.517s] -- Up-to-date: /home/tatenami/ros2/ws/pad/install/pad_msg/lib/libpad_msg__rosidl_generator_py.so
[0.517s] -- Up-to-date: /home/tatenami/ros2/ws/pad/install/pad_msg/share/pad_msg/msg/Pad.idl
[0.518s] -- Up-to-date: /home/tatenami/ros2/ws/pad/install/pad_msg/share/pad_msg/msg/Pad.msg
[0.518s] -- Up-to-date: /home/tatenami/ros2/ws/pad/install/pad_msg/share/ament_index/resource_index/package_run_dependencies/pad_msg
[0.518s] -- Up-to-date: /home/tatenami/ros2/ws/pad/install/pad_msg/share/ament_index/resource_index/parent_prefix_path/pad_msg
[0.518s] -- Up-to-date: /home/tatenami/ros2/ws/pad/install/pad_msg/share/pad_msg/environment/ament_prefix_path.sh
[0.518s] -- Up-to-date: /home/tatenami/ros2/ws/pad/install/pad_msg/share/pad_msg/environment/ament_prefix_path.dsv
[0.518s] -- Up-to-date: /home/tatenami/ros2/ws/pad/install/pad_msg/share/pad_msg/environment/path.sh
[0.518s] -- Up-to-date: /home/tatenami/ros2/ws/pad/install/pad_msg/share/pad_msg/environment/path.dsv
[0.520s] -- Up-to-date: /home/tatenami/ros2/ws/pad/install/pad_msg/share/pad_msg/local_setup.bash
[0.524s] -- Up-to-date: /home/tatenami/ros2/ws/pad/install/pad_msg/share/pad_msg/local_setup.sh
[0.524s] -- Up-to-date: /home/tatenami/ros2/ws/pad/install/pad_msg/share/pad_msg/local_setup.zsh
[0.524s] -- Up-to-date: /home/tatenami/ros2/ws/pad/install/pad_msg/share/pad_msg/local_setup.dsv
[0.524s] -- Installing: /home/tatenami/ros2/ws/pad/install/pad_msg/share/pad_msg/package.dsv
[0.524s] -- Up-to-date: /home/tatenami/ros2/ws/pad/install/pad_msg/share/ament_index/resource_index/packages/pad_msg
[0.524s] -- Up-to-date: /home/tatenami/ros2/ws/pad/install/pad_msg/share/pad_msg/cmake/export_pad_msg__rosidl_generator_cExport.cmake
[0.524s] -- Up-to-date: /home/tatenami/ros2/ws/pad/install/pad_msg/share/pad_msg/cmake/export_pad_msg__rosidl_generator_cExport-noconfig.cmake
[0.524s] -- Up-to-date: /home/tatenami/ros2/ws/pad/install/pad_msg/share/pad_msg/cmake/export_pad_msg__rosidl_typesupport_fastrtps_cExport.cmake
[0.524s] -- Up-to-date: /home/tatenami/ros2/ws/pad/install/pad_msg/share/pad_msg/cmake/export_pad_msg__rosidl_typesupport_fastrtps_cExport-noconfig.cmake
[0.524s] -- Up-to-date: /home/tatenami/ros2/ws/pad/install/pad_msg/share/pad_msg/cmake/pad_msg__rosidl_typesupport_introspection_cExport.cmake
[0.525s] -- Up-to-date: /home/tatenami/ros2/ws/pad/install/pad_msg/share/pad_msg/cmake/pad_msg__rosidl_typesupport_introspection_cExport-noconfig.cmake
[0.525s] -- Up-to-date: /home/tatenami/ros2/ws/pad/install/pad_msg/share/pad_msg/cmake/pad_msg__rosidl_typesupport_cExport.cmake
[0.525s] -- Up-to-date: /home/tatenami/ros2/ws/pad/install/pad_msg/share/pad_msg/cmake/pad_msg__rosidl_typesupport_cExport-noconfig.cmake
[0.525s] -- Up-to-date: /home/tatenami/ros2/ws/pad/install/pad_msg/share/pad_msg/cmake/export_pad_msg__rosidl_generator_cppExport.cmake
[0.525s] -- Up-to-date: /home/tatenami/ros2/ws/pad/install/pad_msg/share/pad_msg/cmake/export_pad_msg__rosidl_typesupport_fastrtps_cppExport.cmake
[0.525s] -- Up-to-date: /home/tatenami/ros2/ws/pad/install/pad_msg/share/pad_msg/cmake/export_pad_msg__rosidl_typesupport_fastrtps_cppExport-noconfig.cmake
[0.525s] -- Up-to-date: /home/tatenami/ros2/ws/pad/install/pad_msg/share/pad_msg/cmake/pad_msg__rosidl_typesupport_introspection_cppExport.cmake
[0.525s] -- Up-to-date: /home/tatenami/ros2/ws/pad/install/pad_msg/share/pad_msg/cmake/pad_msg__rosidl_typesupport_introspection_cppExport-noconfig.cmake
[0.525s] -- Up-to-date: /home/tatenami/ros2/ws/pad/install/pad_msg/share/pad_msg/cmake/pad_msg__rosidl_typesupport_cppExport.cmake
[0.525s] -- Up-to-date: /home/tatenami/ros2/ws/pad/install/pad_msg/share/pad_msg/cmake/pad_msg__rosidl_typesupport_cppExport-noconfig.cmake
[0.525s] -- Up-to-date: /home/tatenami/ros2/ws/pad/install/pad_msg/share/pad_msg/cmake/export_pad_msg__rosidl_generator_pyExport.cmake
[0.526s] -- Up-to-date: /home/tatenami/ros2/ws/pad/install/pad_msg/share/pad_msg/cmake/export_pad_msg__rosidl_generator_pyExport-noconfig.cmake
[0.526s] -- Up-to-date: /home/tatenami/ros2/ws/pad/install/pad_msg/share/pad_msg/cmake/rosidl_cmake-extras.cmake
[0.526s] -- Up-to-date: /home/tatenami/ros2/ws/pad/install/pad_msg/share/pad_msg/cmake/ament_cmake_export_include_directories-extras.cmake
[0.526s] -- Up-to-date: /home/tatenami/ros2/ws/pad/install/pad_msg/share/pad_msg/cmake/ament_cmake_export_libraries-extras.cmake
[0.531s] -- Up-to-date: /home/tatenami/ros2/ws/pad/install/pad_msg/share/pad_msg/cmake/ament_cmake_export_targets-extras.cmake
[0.531s] -- Up-to-date: /home/tatenami/ros2/ws/pad/install/pad_msg/share/pad_msg/cmake/rosidl_cmake_export_typesupport_targets-extras.cmake
[0.531s] -- Up-to-date: /home/tatenami/ros2/ws/pad/install/pad_msg/share/pad_msg/cmake/ament_cmake_export_dependencies-extras.cmake
[0.532s] -- Up-to-date: /home/tatenami/ros2/ws/pad/install/pad_msg/share/pad_msg/cmake/rosidl_cmake_export_typesupport_libraries-extras.cmake
[0.532s] -- Up-to-date: /home/tatenami/ros2/ws/pad/install/pad_msg/share/pad_msg/cmake/pad_msgConfig.cmake
[0.532s] -- Up-to-date: /home/tatenami/ros2/ws/pad/install/pad_msg/share/pad_msg/cmake/pad_msgConfig-version.cmake
[0.532s] -- Up-to-date: /home/tatenami/ros2/ws/pad/install/pad_msg/share/pad_msg/package.xml
[0.532s] Invoked command in '/home/tatenami/ros2/ws/pad/build/pad_msg' returned '0': CMAKE_PREFIX_PATH=${CMAKE_PREFIX_PATH}:/opt/ros/jazzy DEBUGINFOD_URLS=https://debuginfod.ubuntu.com /opt/st/stm32cubeclt_1.16.0/CMake/bin/cmake --install /home/tatenami/ros2/ws/pad/build/pad_msg
