[0.112s] DEBUG:colcon:Command line arguments: ['/usr/bin/colcon', 'build']
[0.112s] DEBUG:colcon:Parsed command line arguments: Namespace(log_base=None, log_level=None, verb_name='build', build_base='build', install_base='install', merge_install=False, symlink_install=False, test_result_base=None, continue_on_error=False, executor='parallel', parallel_workers=4, event_handlers=None, ignore_user_meta=False, metas=['./colcon.meta'], base_paths=['.'], packages_ignore=None, packages_ignore_regex=None, paths=None, packages_up_to=None, packages_up_to_regex=None, packages_above=None, packages_above_and_dependencies=None, packages_above_depth=None, packages_select_by_dep=None, packages_skip_by_dep=None, packages_skip_up_to=None, packages_select_build_failed=False, packages_skip_build_finished=False, packages_select_test_failures=False, packages_skip_test_passed=False, packages_select=None, packages_skip=None, packages_select_regex=None, packages_skip_regex=None, packages_start=None, packages_end=None, allow_overriding=[], cmake_args=None, cmake_target=None, cmake_target_skip_unavailable=False, cmake_clean_cache=False, cmake_clean_first=False, cmake_force_configure=False, ament_cmake_args=None, catkin_cmake_args=None, catkin_skip_building_tests=False, mixin_files=None, mixin=None, verb_parser=<colcon_mixin.mixin.mixin_argument.MixinArgumentDecorator object at 0x7d1f38b7af90>, verb_extension=<colcon_core.verb.build.BuildVerb object at 0x7d1f38b79d90>, main=<bound method BuildVerb.main of <colcon_core.verb.build.BuildVerb object at 0x7d1f38b79d90>>, mixin_verb=('build',))
[0.150s] Level 1:colcon.colcon_core.package_discovery:discover_packages(colcon_meta) check parameters
[0.150s] Level 1:colcon.colcon_core.package_discovery:discover_packages(recursive) check parameters
[0.150s] Level 1:colcon.colcon_core.package_discovery:discover_packages(ignore) check parameters
[0.150s] Level 1:colcon.colcon_core.package_discovery:discover_packages(path) check parameters
[0.150s] Level 1:colcon.colcon_core.package_discovery:discover_packages(colcon_meta) discover
[0.150s] Level 1:colcon.colcon_core.package_discovery:discover_packages(recursive) discover
[0.150s] INFO:colcon.colcon_core.package_discovery:Crawling recursively for packages in '/home/tatenami/ros2/ws/pad'
[0.150s] Level 1:colcon.colcon_core.package_identification:_identify(.) by extensions ['ignore', 'ignore_ament_install']
[0.150s] Level 1:colcon.colcon_core.package_identification:_identify(.) by extension 'ignore'
[0.150s] Level 1:colcon.colcon_core.package_identification:_identify(.) by extension 'ignore_ament_install'
[0.150s] Level 1:colcon.colcon_core.package_identification:_identify(.) by extensions ['colcon_pkg']
[0.150s] Level 1:colcon.colcon_core.package_identification:_identify(.) by extension 'colcon_pkg'
[0.150s] Level 1:colcon.colcon_core.package_identification:_identify(.) by extensions ['colcon_meta']
[0.150s] Level 1:colcon.colcon_core.package_identification:_identify(.) by extension 'colcon_meta'
[0.150s] Level 1:colcon.colcon_core.package_identification:_identify(.) by extensions ['ros']
[0.150s] Level 1:colcon.colcon_core.package_identification:_identify(.) by extension 'ros'
[0.176s] Level 1:colcon.colcon_core.package_identification:_identify(.) by extensions ['cmake', 'python']
[0.176s] Level 1:colcon.colcon_core.package_identification:_identify(.) by extension 'cmake'
[0.176s] Level 1:colcon.colcon_core.package_identification:_identify(.) by extension 'python'
[0.176s] Level 1:colcon.colcon_core.package_identification:_identify(.) by extensions ['python_setup_py']
[0.176s] Level 1:colcon.colcon_core.package_identification:_identify(.) by extension 'python_setup_py'
[0.176s] Level 1:colcon.colcon_core.package_identification:_identify(build) by extensions ['ignore', 'ignore_ament_install']
[0.176s] Level 1:colcon.colcon_core.package_identification:_identify(build) by extension 'ignore'
[0.176s] Level 1:colcon.colcon_core.package_identification:_identify(build) ignored
[0.176s] Level 1:colcon.colcon_core.package_identification:_identify(install) by extensions ['ignore', 'ignore_ament_install']
[0.177s] Level 1:colcon.colcon_core.package_identification:_identify(install) by extension 'ignore'
[0.177s] Level 1:colcon.colcon_core.package_identification:_identify(install) ignored
[0.177s] Level 1:colcon.colcon_core.package_identification:_identify(log) by extensions ['ignore', 'ignore_ament_install']
[0.177s] Level 1:colcon.colcon_core.package_identification:_identify(log) by extension 'ignore'
[0.177s] Level 1:colcon.colcon_core.package_identification:_identify(log) ignored
[0.177s] Level 1:colcon.colcon_core.package_identification:_identify(src) by extensions ['ignore', 'ignore_ament_install']
[0.177s] Level 1:colcon.colcon_core.package_identification:_identify(src) by extension 'ignore'
[0.177s] Level 1:colcon.colcon_core.package_identification:_identify(src) by extension 'ignore_ament_install'
[0.177s] Level 1:colcon.colcon_core.package_identification:_identify(src) by extensions ['colcon_pkg']
[0.177s] Level 1:colcon.colcon_core.package_identification:_identify(src) by extension 'colcon_pkg'
[0.177s] Level 1:colcon.colcon_core.package_identification:_identify(src) by extensions ['colcon_meta']
[0.177s] Level 1:colcon.colcon_core.package_identification:_identify(src) by extension 'colcon_meta'
[0.177s] Level 1:colcon.colcon_core.package_identification:_identify(src) by extensions ['ros']
[0.177s] Level 1:colcon.colcon_core.package_identification:_identify(src) by extension 'ros'
[0.177s] Level 1:colcon.colcon_core.package_identification:_identify(src) by extensions ['cmake', 'python']
[0.177s] Level 1:colcon.colcon_core.package_identification:_identify(src) by extension 'cmake'
[0.178s] Level 1:colcon.colcon_core.package_identification:_identify(src) by extension 'python'
[0.178s] Level 1:colcon.colcon_core.package_identification:_identify(src) by extensions ['python_setup_py']
[0.178s] Level 1:colcon.colcon_core.package_identification:_identify(src) by extension 'python_setup_py'
[0.178s] Level 1:colcon.colcon_core.package_identification:_identify(src/gamepad) by extensions ['ignore', 'ignore_ament_install']
[0.178s] Level 1:colcon.colcon_core.package_identification:_identify(src/gamepad) by extension 'ignore'
[0.178s] Level 1:colcon.colcon_core.package_identification:_identify(src/gamepad) by extension 'ignore_ament_install'
[0.178s] Level 1:colcon.colcon_core.package_identification:_identify(src/gamepad) by extensions ['colcon_pkg']
[0.178s] Level 1:colcon.colcon_core.package_identification:_identify(src/gamepad) by extension 'colcon_pkg'
[0.178s] Level 1:colcon.colcon_core.package_identification:_identify(src/gamepad) by extensions ['colcon_meta']
[0.178s] Level 1:colcon.colcon_core.package_identification:_identify(src/gamepad) by extension 'colcon_meta'
[0.178s] Level 1:colcon.colcon_core.package_identification:_identify(src/gamepad) by extensions ['ros']
[0.178s] Level 1:colcon.colcon_core.package_identification:_identify(src/gamepad) by extension 'ros'
[0.180s] DEBUG:colcon.colcon_core.package_identification:Package 'src/gamepad' with type 'ros.ament_cmake' and name 'gamepad'
[0.181s] Level 1:colcon.colcon_core.package_identification:_identify(src/pad_msg) by extensions ['ignore', 'ignore_ament_install']
[0.181s] Level 1:colcon.colcon_core.package_identification:_identify(src/pad_msg) by extension 'ignore'
[0.181s] Level 1:colcon.colcon_core.package_identification:_identify(src/pad_msg) by extension 'ignore_ament_install'
[0.181s] Level 1:colcon.colcon_core.package_identification:_identify(src/pad_msg) by extensions ['colcon_pkg']
[0.181s] Level 1:colcon.colcon_core.package_identification:_identify(src/pad_msg) by extension 'colcon_pkg'
[0.181s] Level 1:colcon.colcon_core.package_identification:_identify(src/pad_msg) by extensions ['colcon_meta']
[0.181s] Level 1:colcon.colcon_core.package_identification:_identify(src/pad_msg) by extension 'colcon_meta'
[0.181s] Level 1:colcon.colcon_core.package_identification:_identify(src/pad_msg) by extensions ['ros']
[0.181s] Level 1:colcon.colcon_core.package_identification:_identify(src/pad_msg) by extension 'ros'
[0.182s] DEBUG:colcon.colcon_core.package_identification:Package 'src/pad_msg' with type 'ros.ament_cmake' and name 'pad_msg'
[0.182s] Level 1:colcon.colcon_core.package_discovery:discover_packages(recursive) using defaults
[0.182s] Level 1:colcon.colcon_core.package_discovery:discover_packages(ignore) discover
[0.182s] Level 1:colcon.colcon_core.package_discovery:discover_packages(ignore) using defaults
[0.182s] Level 1:colcon.colcon_core.package_discovery:discover_packages(path) discover
[0.182s] Level 1:colcon.colcon_core.package_discovery:discover_packages(path) using defaults
[0.199s] Level 1:colcon.colcon_core.package_discovery:discover_packages(prefix_path) check parameters
[0.199s] Level 1:colcon.colcon_core.package_discovery:discover_packages(prefix_path) discover
[0.202s] DEBUG:colcon.colcon_installed_package_information.package_discovery:Found 286 installed packages in /opt/ros/jazzy
[0.203s] Level 1:colcon.colcon_core.package_discovery:discover_packages(prefix_path) using defaults
[0.247s] Level 5:colcon.colcon_core.verb:set package 'gamepad' build argument 'cmake_args' from command line to 'None'
[0.247s] Level 5:colcon.colcon_core.verb:set package 'gamepad' build argument 'cmake_target' from command line to 'None'
[0.247s] Level 5:colcon.colcon_core.verb:set package 'gamepad' build argument 'cmake_target_skip_unavailable' from command line to 'False'
[0.247s] Level 5:colcon.colcon_core.verb:set package 'gamepad' build argument 'cmake_clean_cache' from command line to 'False'
[0.247s] Level 5:colcon.colcon_core.verb:set package 'gamepad' build argument 'cmake_clean_first' from command line to 'False'
[0.247s] Level 5:colcon.colcon_core.verb:set package 'gamepad' build argument 'cmake_force_configure' from command line to 'False'
[0.247s] Level 5:colcon.colcon_core.verb:set package 'gamepad' build argument 'ament_cmake_args' from command line to 'None'
[0.247s] Level 5:colcon.colcon_core.verb:set package 'gamepad' build argument 'catkin_cmake_args' from command line to 'None'
[0.247s] Level 5:colcon.colcon_core.verb:set package 'gamepad' build argument 'catkin_skip_building_tests' from command line to 'False'
[0.247s] DEBUG:colcon.colcon_core.verb:Building package 'gamepad' with the following arguments: {'ament_cmake_args': None, 'build_base': '/home/tatenami/ros2/ws/pad/build/gamepad', 'catkin_cmake_args': None, 'catkin_skip_building_tests': False, 'cmake_args': None, 'cmake_clean_cache': False, 'cmake_clean_first': False, 'cmake_force_configure': False, 'cmake_target': None, 'cmake_target_skip_unavailable': False, 'install_base': '/home/tatenami/ros2/ws/pad/install/gamepad', 'merge_install': False, 'path': '/home/tatenami/ros2/ws/pad/src/gamepad', 'symlink_install': False, 'test_result_base': None}
[0.247s] Level 5:colcon.colcon_core.verb:set package 'pad_msg' build argument 'cmake_args' from command line to 'None'
[0.247s] Level 5:colcon.colcon_core.verb:set package 'pad_msg' build argument 'cmake_target' from command line to 'None'
[0.247s] Level 5:colcon.colcon_core.verb:set package 'pad_msg' build argument 'cmake_target_skip_unavailable' from command line to 'False'
[0.247s] Level 5:colcon.colcon_core.verb:set package 'pad_msg' build argument 'cmake_clean_cache' from command line to 'False'
[0.247s] Level 5:colcon.colcon_core.verb:set package 'pad_msg' build argument 'cmake_clean_first' from command line to 'False'
[0.247s] Level 5:colcon.colcon_core.verb:set package 'pad_msg' build argument 'cmake_force_configure' from command line to 'False'
[0.247s] Level 5:colcon.colcon_core.verb:set package 'pad_msg' build argument 'ament_cmake_args' from command line to 'None'
[0.247s] Level 5:colcon.colcon_core.verb:set package 'pad_msg' build argument 'catkin_cmake_args' from command line to 'None'
[0.247s] Level 5:colcon.colcon_core.verb:set package 'pad_msg' build argument 'catkin_skip_building_tests' from command line to 'False'
[0.248s] DEBUG:colcon.colcon_core.verb:Building package 'pad_msg' with the following arguments: {'ament_cmake_args': None, 'build_base': '/home/tatenami/ros2/ws/pad/build/pad_msg', 'catkin_cmake_args': None, 'catkin_skip_building_tests': False, 'cmake_args': None, 'cmake_clean_cache': False, 'cmake_clean_first': False, 'cmake_force_configure': False, 'cmake_target': None, 'cmake_target_skip_unavailable': False, 'install_base': '/home/tatenami/ros2/ws/pad/install/pad_msg', 'merge_install': False, 'path': '/home/tatenami/ros2/ws/pad/src/pad_msg', 'symlink_install': False, 'test_result_base': None}
[0.248s] INFO:colcon.colcon_core.executor:Executing jobs using 'parallel' executor
[0.248s] DEBUG:colcon.colcon_parallel_executor.executor.parallel:run_until_complete
[0.249s] INFO:colcon.colcon_ros.task.ament_cmake.build:Building ROS package in '/home/tatenami/ros2/ws/pad/src/gamepad' with build type 'ament_cmake'
[0.249s] INFO:colcon.colcon_cmake.task.cmake.build:Building CMake package in '/home/tatenami/ros2/ws/pad/src/gamepad'
[0.252s] INFO:colcon.colcon_core.plugin_system:Skipping extension 'colcon_core.shell.bat': Not used on non-Windows systems
[0.253s] INFO:colcon.colcon_core.shell:Skip shell extension 'powershell' for command environment: Not usable outside of PowerShell
[0.253s] DEBUG:colcon.colcon_core.shell:Skip shell extension 'dsv' for command environment
[0.257s] INFO:colcon.colcon_ros.task.ament_cmake.build:Building ROS package in '/home/tatenami/ros2/ws/pad/src/pad_msg' with build type 'ament_cmake'
[0.257s] INFO:colcon.colcon_cmake.task.cmake.build:Building CMake package in '/home/tatenami/ros2/ws/pad/src/pad_msg'
[0.258s] INFO:colcon.colcon_core.shell:Skip shell extension 'powershell' for command environment: Not usable outside of PowerShell
[0.258s] DEBUG:colcon.colcon_core.shell:Skip shell extension 'dsv' for command environment
[0.266s] DEBUG:colcon.colcon_core.event_handler.log_command:Invoking command in '/home/tatenami/ros2/ws/pad/build/gamepad': CMAKE_PREFIX_PATH=${CMAKE_PREFIX_PATH}:/opt/ros/jazzy DEBUGINFOD_URLS=https://debuginfod.ubuntu.com /opt/st/stm32cubeclt_1.16.0/CMake/bin/cmake /home/tatenami/ros2/ws/pad/src/gamepad -DCMAKE_INSTALL_PREFIX=/home/tatenami/ros2/ws/pad/install/gamepad
[0.271s] DEBUG:colcon.colcon_core.event_handler.log_command:Invoking command in '/home/tatenami/ros2/ws/pad/build/pad_msg': CMAKE_PREFIX_PATH=${CMAKE_PREFIX_PATH}:/opt/ros/jazzy DEBUGINFOD_URLS=https://debuginfod.ubuntu.com /opt/st/stm32cubeclt_1.16.0/CMake/bin/cmake --build /home/tatenami/ros2/ws/pad/build/pad_msg -- -j4 -l4
[0.724s] DEBUG:colcon.colcon_core.event_handler.log_command:Invoked command in '/home/tatenami/ros2/ws/pad/build/pad_msg' returned '0': CMAKE_PREFIX_PATH=${CMAKE_PREFIX_PATH}:/opt/ros/jazzy DEBUGINFOD_URLS=https://debuginfod.ubuntu.com /opt/st/stm32cubeclt_1.16.0/CMake/bin/cmake --build /home/tatenami/ros2/ws/pad/build/pad_msg -- -j4 -l4
[0.735s] DEBUG:colcon.colcon_core.event_handler.log_command:Invoking command in '/home/tatenami/ros2/ws/pad/build/pad_msg': CMAKE_PREFIX_PATH=${CMAKE_PREFIX_PATH}:/opt/ros/jazzy DEBUGINFOD_URLS=https://debuginfod.ubuntu.com /opt/st/stm32cubeclt_1.16.0/CMake/bin/cmake --install /home/tatenami/ros2/ws/pad/build/pad_msg
[0.833s] Level 1:colcon.colcon_core.environment:create_environment_scripts_only(pad_msg)
[0.834s] DEBUG:colcon.colcon_core.event_handler.log_command:Invoked command in '/home/tatenami/ros2/ws/pad/build/pad_msg' returned '0': CMAKE_PREFIX_PATH=${CMAKE_PREFIX_PATH}:/opt/ros/jazzy DEBUGINFOD_URLS=https://debuginfod.ubuntu.com /opt/st/stm32cubeclt_1.16.0/CMake/bin/cmake --install /home/tatenami/ros2/ws/pad/build/pad_msg
[0.837s] Level 1:colcon.colcon_core.environment:checking '/home/tatenami/ros2/ws/pad/install/pad_msg' for CMake module files
[0.838s] Level 1:colcon.colcon_core.environment:checking '/home/tatenami/ros2/ws/pad/install/pad_msg' for CMake config files
[0.838s] Level 1:colcon.colcon_core.shell:create_environment_hook('pad_msg', 'cmake_prefix_path')
[0.838s] INFO:colcon.colcon_core.shell:Creating environment hook '/home/tatenami/ros2/ws/pad/install/pad_msg/share/pad_msg/hook/cmake_prefix_path.ps1'
[0.839s] INFO:colcon.colcon_core.shell:Creating environment descriptor '/home/tatenami/ros2/ws/pad/install/pad_msg/share/pad_msg/hook/cmake_prefix_path.dsv'
[0.840s] INFO:colcon.colcon_core.shell:Creating environment hook '/home/tatenami/ros2/ws/pad/install/pad_msg/share/pad_msg/hook/cmake_prefix_path.sh'
[0.841s] Level 1:colcon.colcon_core.environment:checking '/home/tatenami/ros2/ws/pad/install/pad_msg/lib'
[0.842s] Level 1:colcon.colcon_core.shell:create_environment_hook('pad_msg', 'ld_library_path_lib')
[0.842s] INFO:colcon.colcon_core.shell:Creating environment hook '/home/tatenami/ros2/ws/pad/install/pad_msg/share/pad_msg/hook/ld_library_path_lib.ps1'
[0.843s] INFO:colcon.colcon_core.shell:Creating environment descriptor '/home/tatenami/ros2/ws/pad/install/pad_msg/share/pad_msg/hook/ld_library_path_lib.dsv'
[0.844s] INFO:colcon.colcon_core.shell:Creating environment hook '/home/tatenami/ros2/ws/pad/install/pad_msg/share/pad_msg/hook/ld_library_path_lib.sh'
[0.845s] Level 1:colcon.colcon_core.environment:checking '/home/tatenami/ros2/ws/pad/install/pad_msg/bin'
[0.845s] Level 1:colcon.colcon_core.environment:checking '/home/tatenami/ros2/ws/pad/install/pad_msg/lib/pkgconfig/pad_msg.pc'
[0.846s] Level 1:colcon.colcon_core.environment:checking '/home/tatenami/ros2/ws/pad/install/pad_msg/lib/python3.12/site-packages'
[0.846s] Level 1:colcon.colcon_core.shell:create_environment_hook('pad_msg', 'pythonpath')
[0.846s] INFO:colcon.colcon_core.shell:Creating environment hook '/home/tatenami/ros2/ws/pad/install/pad_msg/share/pad_msg/hook/pythonpath.ps1'
[0.847s] INFO:colcon.colcon_core.shell:Creating environment descriptor '/home/tatenami/ros2/ws/pad/install/pad_msg/share/pad_msg/hook/pythonpath.dsv'
[0.848s] INFO:colcon.colcon_core.shell:Creating environment hook '/home/tatenami/ros2/ws/pad/install/pad_msg/share/pad_msg/hook/pythonpath.sh'
[0.848s] Level 1:colcon.colcon_core.environment:checking '/home/tatenami/ros2/ws/pad/install/pad_msg/bin'
[0.849s] INFO:colcon.colcon_core.shell:Creating package script '/home/tatenami/ros2/ws/pad/install/pad_msg/share/pad_msg/package.ps1'
[0.850s] INFO:colcon.colcon_core.shell:Creating package descriptor '/home/tatenami/ros2/ws/pad/install/pad_msg/share/pad_msg/package.dsv'
[0.851s] INFO:colcon.colcon_core.shell:Creating package script '/home/tatenami/ros2/ws/pad/install/pad_msg/share/pad_msg/package.sh'
[0.854s] INFO:colcon.colcon_core.shell:Creating package script '/home/tatenami/ros2/ws/pad/install/pad_msg/share/pad_msg/package.bash'
[0.855s] INFO:colcon.colcon_core.shell:Creating package script '/home/tatenami/ros2/ws/pad/install/pad_msg/share/pad_msg/package.zsh'
[0.856s] Level 1:colcon.colcon_core.environment:create_file_with_runtime_dependencies(/home/tatenami/ros2/ws/pad/install/pad_msg/share/colcon-core/packages/pad_msg)
[0.857s] Level 1:colcon.colcon_core.environment:create_environment_scripts_only(pad_msg)
[0.858s] Level 1:colcon.colcon_core.environment:checking '/home/tatenami/ros2/ws/pad/install/pad_msg' for CMake module files
[0.859s] Level 1:colcon.colcon_core.environment:checking '/home/tatenami/ros2/ws/pad/install/pad_msg' for CMake config files
[0.859s] Level 1:colcon.colcon_core.shell:create_environment_hook('pad_msg', 'cmake_prefix_path')
[0.860s] INFO:colcon.colcon_core.shell:Creating environment hook '/home/tatenami/ros2/ws/pad/install/pad_msg/share/pad_msg/hook/cmake_prefix_path.ps1'
[0.860s] INFO:colcon.colcon_core.shell:Creating environment descriptor '/home/tatenami/ros2/ws/pad/install/pad_msg/share/pad_msg/hook/cmake_prefix_path.dsv'
[0.861s] INFO:colcon.colcon_core.shell:Creating environment hook '/home/tatenami/ros2/ws/pad/install/pad_msg/share/pad_msg/hook/cmake_prefix_path.sh'
[0.862s] Level 1:colcon.colcon_core.environment:checking '/home/tatenami/ros2/ws/pad/install/pad_msg/lib'
[0.862s] Level 1:colcon.colcon_core.shell:create_environment_hook('pad_msg', 'ld_library_path_lib')
[0.862s] INFO:colcon.colcon_core.shell:Creating environment hook '/home/tatenami/ros2/ws/pad/install/pad_msg/share/pad_msg/hook/ld_library_path_lib.ps1'
[0.863s] INFO:colcon.colcon_core.shell:Creating environment descriptor '/home/tatenami/ros2/ws/pad/install/pad_msg/share/pad_msg/hook/ld_library_path_lib.dsv'
[0.864s] INFO:colcon.colcon_core.shell:Creating environment hook '/home/tatenami/ros2/ws/pad/install/pad_msg/share/pad_msg/hook/ld_library_path_lib.sh'
[0.864s] Level 1:colcon.colcon_core.environment:checking '/home/tatenami/ros2/ws/pad/install/pad_msg/bin'
[0.864s] Level 1:colcon.colcon_core.environment:checking '/home/tatenami/ros2/ws/pad/install/pad_msg/lib/pkgconfig/pad_msg.pc'
[0.864s] Level 1:colcon.colcon_core.environment:checking '/home/tatenami/ros2/ws/pad/install/pad_msg/lib/python3.12/site-packages'
[0.865s] Level 1:colcon.colcon_core.shell:create_environment_hook('pad_msg', 'pythonpath')
[0.865s] INFO:colcon.colcon_core.shell:Creating environment hook '/home/tatenami/ros2/ws/pad/install/pad_msg/share/pad_msg/hook/pythonpath.ps1'
[0.865s] INFO:colcon.colcon_core.shell:Creating environment descriptor '/home/tatenami/ros2/ws/pad/install/pad_msg/share/pad_msg/hook/pythonpath.dsv'
[0.866s] INFO:colcon.colcon_core.shell:Creating environment hook '/home/tatenami/ros2/ws/pad/install/pad_msg/share/pad_msg/hook/pythonpath.sh'
[0.866s] Level 1:colcon.colcon_core.environment:checking '/home/tatenami/ros2/ws/pad/install/pad_msg/bin'
[0.867s] INFO:colcon.colcon_core.shell:Creating package script '/home/tatenami/ros2/ws/pad/install/pad_msg/share/pad_msg/package.ps1'
[0.867s] INFO:colcon.colcon_core.shell:Creating package descriptor '/home/tatenami/ros2/ws/pad/install/pad_msg/share/pad_msg/package.dsv'
[0.868s] INFO:colcon.colcon_core.shell:Creating package script '/home/tatenami/ros2/ws/pad/install/pad_msg/share/pad_msg/package.sh'
[0.868s] INFO:colcon.colcon_core.shell:Creating package script '/home/tatenami/ros2/ws/pad/install/pad_msg/share/pad_msg/package.bash'
[0.869s] INFO:colcon.colcon_core.shell:Creating package script '/home/tatenami/ros2/ws/pad/install/pad_msg/share/pad_msg/package.zsh'
[0.869s] Level 1:colcon.colcon_core.environment:create_file_with_runtime_dependencies(/home/tatenami/ros2/ws/pad/install/pad_msg/share/colcon-core/packages/pad_msg)
[1.155s] DEBUG:colcon.colcon_core.event_handler.log_command:Invoked command in '/home/tatenami/ros2/ws/pad/build/gamepad' returned '0': CMAKE_PREFIX_PATH=${CMAKE_PREFIX_PATH}:/opt/ros/jazzy DEBUGINFOD_URLS=https://debuginfod.ubuntu.com /opt/st/stm32cubeclt_1.16.0/CMake/bin/cmake /home/tatenami/ros2/ws/pad/src/gamepad -DCMAKE_INSTALL_PREFIX=/home/tatenami/ros2/ws/pad/install/gamepad
[1.156s] DEBUG:colcon.colcon_core.event_handler.log_command:Invoking command in '/home/tatenami/ros2/ws/pad/build/gamepad': CMAKE_PREFIX_PATH=${CMAKE_PREFIX_PATH}:/opt/ros/jazzy DEBUGINFOD_URLS=https://debuginfod.ubuntu.com /opt/st/stm32cubeclt_1.16.0/CMake/bin/cmake --build /home/tatenami/ros2/ws/pad/build/gamepad -- -j4 -l4
[1.169s] DEBUG:colcon.colcon_core.event_handler.log_command:Invoked command in '/home/tatenami/ros2/ws/pad/build/gamepad' returned '0': CMAKE_PREFIX_PATH=${CMAKE_PREFIX_PATH}:/opt/ros/jazzy DEBUGINFOD_URLS=https://debuginfod.ubuntu.com /opt/st/stm32cubeclt_1.16.0/CMake/bin/cmake --build /home/tatenami/ros2/ws/pad/build/gamepad -- -j4 -l4
[1.170s] DEBUG:colcon.colcon_core.event_handler.log_command:Invoking command in '/home/tatenami/ros2/ws/pad/build/gamepad': CMAKE_PREFIX_PATH=${CMAKE_PREFIX_PATH}:/opt/ros/jazzy DEBUGINFOD_URLS=https://debuginfod.ubuntu.com /opt/st/stm32cubeclt_1.16.0/CMake/bin/cmake --install /home/tatenami/ros2/ws/pad/build/gamepad
[1.176s] Level 1:colcon.colcon_core.environment:create_environment_scripts_only(gamepad)
[1.176s] Level 1:colcon.colcon_core.environment:checking '/home/tatenami/ros2/ws/pad/install/gamepad' for CMake module files
[1.177s] Level 1:colcon.colcon_core.environment:checking '/home/tatenami/ros2/ws/pad/install/gamepad' for CMake config files
[1.177s] Level 1:colcon.colcon_core.shell:create_environment_hook('gamepad', 'cmake_prefix_path')
[1.177s] INFO:colcon.colcon_core.shell:Creating environment hook '/home/tatenami/ros2/ws/pad/install/gamepad/share/gamepad/hook/cmake_prefix_path.ps1'
[1.178s] INFO:colcon.colcon_core.shell:Creating environment descriptor '/home/tatenami/ros2/ws/pad/install/gamepad/share/gamepad/hook/cmake_prefix_path.dsv'
[1.178s] INFO:colcon.colcon_core.shell:Creating environment hook '/home/tatenami/ros2/ws/pad/install/gamepad/share/gamepad/hook/cmake_prefix_path.sh'
[1.179s] DEBUG:colcon.colcon_core.event_handler.log_command:Invoked command in '/home/tatenami/ros2/ws/pad/build/gamepad' returned '0': CMAKE_PREFIX_PATH=${CMAKE_PREFIX_PATH}:/opt/ros/jazzy DEBUGINFOD_URLS=https://debuginfod.ubuntu.com /opt/st/stm32cubeclt_1.16.0/CMake/bin/cmake --install /home/tatenami/ros2/ws/pad/build/gamepad
[1.179s] Level 1:colcon.colcon_core.environment:checking '/home/tatenami/ros2/ws/pad/install/gamepad/bin'
[1.179s] Level 1:colcon.colcon_core.environment:checking '/home/tatenami/ros2/ws/pad/install/gamepad/lib/pkgconfig/gamepad.pc'
[1.180s] Level 1:colcon.colcon_core.environment:checking '/home/tatenami/ros2/ws/pad/install/gamepad/lib/python3.12/site-packages'
[1.180s] Level 1:colcon.colcon_core.environment:checking '/home/tatenami/ros2/ws/pad/install/gamepad/bin'
[1.180s] INFO:colcon.colcon_core.shell:Creating package script '/home/tatenami/ros2/ws/pad/install/gamepad/share/gamepad/package.ps1'
[1.180s] INFO:colcon.colcon_core.shell:Creating package descriptor '/home/tatenami/ros2/ws/pad/install/gamepad/share/gamepad/package.dsv'
[1.181s] INFO:colcon.colcon_core.shell:Creating package script '/home/tatenami/ros2/ws/pad/install/gamepad/share/gamepad/package.sh'
[1.181s] INFO:colcon.colcon_core.shell:Creating package script '/home/tatenami/ros2/ws/pad/install/gamepad/share/gamepad/package.bash'
[1.182s] INFO:colcon.colcon_core.shell:Creating package script '/home/tatenami/ros2/ws/pad/install/gamepad/share/gamepad/package.zsh'
[1.182s] Level 1:colcon.colcon_core.environment:create_file_with_runtime_dependencies(/home/tatenami/ros2/ws/pad/install/gamepad/share/colcon-core/packages/gamepad)
[1.183s] Level 1:colcon.colcon_core.environment:create_environment_scripts_only(gamepad)
[1.183s] Level 1:colcon.colcon_core.environment:checking '/home/tatenami/ros2/ws/pad/install/gamepad' for CMake module files
[1.183s] Level 1:colcon.colcon_core.environment:checking '/home/tatenami/ros2/ws/pad/install/gamepad' for CMake config files
[1.184s] Level 1:colcon.colcon_core.shell:create_environment_hook('gamepad', 'cmake_prefix_path')
[1.184s] INFO:colcon.colcon_core.shell:Creating environment hook '/home/tatenami/ros2/ws/pad/install/gamepad/share/gamepad/hook/cmake_prefix_path.ps1'
[1.184s] INFO:colcon.colcon_core.shell:Creating environment descriptor '/home/tatenami/ros2/ws/pad/install/gamepad/share/gamepad/hook/cmake_prefix_path.dsv'
[1.185s] INFO:colcon.colcon_core.shell:Creating environment hook '/home/tatenami/ros2/ws/pad/install/gamepad/share/gamepad/hook/cmake_prefix_path.sh'
[1.185s] Level 1:colcon.colcon_core.environment:checking '/home/tatenami/ros2/ws/pad/install/gamepad/bin'
[1.185s] Level 1:colcon.colcon_core.environment:checking '/home/tatenami/ros2/ws/pad/install/gamepad/lib/pkgconfig/gamepad.pc'
[1.186s] Level 1:colcon.colcon_core.environment:checking '/home/tatenami/ros2/ws/pad/install/gamepad/lib/python3.12/site-packages'
[1.186s] Level 1:colcon.colcon_core.environment:checking '/home/tatenami/ros2/ws/pad/install/gamepad/bin'
[1.186s] INFO:colcon.colcon_core.shell:Creating package script '/home/tatenami/ros2/ws/pad/install/gamepad/share/gamepad/package.ps1'
[1.186s] INFO:colcon.colcon_core.shell:Creating package descriptor '/home/tatenami/ros2/ws/pad/install/gamepad/share/gamepad/package.dsv'
[1.187s] INFO:colcon.colcon_core.shell:Creating package script '/home/tatenami/ros2/ws/pad/install/gamepad/share/gamepad/package.sh'
[1.187s] INFO:colcon.colcon_core.shell:Creating package script '/home/tatenami/ros2/ws/pad/install/gamepad/share/gamepad/package.bash'
[1.188s] INFO:colcon.colcon_core.shell:Creating package script '/home/tatenami/ros2/ws/pad/install/gamepad/share/gamepad/package.zsh'
[1.188s] Level 1:colcon.colcon_core.environment:create_file_with_runtime_dependencies(/home/tatenami/ros2/ws/pad/install/gamepad/share/colcon-core/packages/gamepad)
[1.189s] DEBUG:colcon.colcon_parallel_executor.executor.parallel:closing loop
[1.191s] DEBUG:colcon.colcon_parallel_executor.executor.parallel:loop closed
[1.191s] DEBUG:colcon.colcon_parallel_executor.executor.parallel:run_until_complete finished with '0'
[1.191s] DEBUG:colcon.colcon_core.event_reactor:joining thread
[1.198s] INFO:colcon.colcon_core.plugin_system:Skipping extension 'colcon_notification.desktop_notification.terminal_notifier': Not used on non-Darwin systems
[1.198s] INFO:colcon.colcon_core.plugin_system:Skipping extension 'colcon_notification.desktop_notification.win32': Not used on non-Windows systems
[1.198s] INFO:colcon.colcon_notification.desktop_notification:Sending desktop notification using 'notify2'
[1.233s] DEBUG:colcon.colcon_core.event_reactor:joined thread
[1.233s] INFO:colcon.colcon_core.shell:Creating prefix script '/home/tatenami/ros2/ws/pad/install/local_setup.ps1'
[1.234s] INFO:colcon.colcon_core.shell:Creating prefix util module '/home/tatenami/ros2/ws/pad/install/_local_setup_util_ps1.py'
[1.236s] INFO:colcon.colcon_core.shell:Creating prefix chain script '/home/tatenami/ros2/ws/pad/install/setup.ps1'
[1.240s] INFO:colcon.colcon_core.shell:Creating prefix script '/home/tatenami/ros2/ws/pad/install/local_setup.sh'
[1.241s] INFO:colcon.colcon_core.shell:Creating prefix util module '/home/tatenami/ros2/ws/pad/install/_local_setup_util_sh.py'
[1.241s] INFO:colcon.colcon_core.shell:Creating prefix chain script '/home/tatenami/ros2/ws/pad/install/setup.sh'
[1.242s] INFO:colcon.colcon_core.shell:Creating prefix script '/home/tatenami/ros2/ws/pad/install/local_setup.bash'
[1.244s] INFO:colcon.colcon_core.shell:Creating prefix chain script '/home/tatenami/ros2/ws/pad/install/setup.bash'
[1.245s] INFO:colcon.colcon_core.shell:Creating prefix script '/home/tatenami/ros2/ws/pad/install/local_setup.zsh'
[1.246s] INFO:colcon.colcon_core.shell:Creating prefix chain script '/home/tatenami/ros2/ws/pad/install/setup.zsh'
