[0.104s] DEBUG:colcon:Command line arguments: ['/usr/bin/colcon', 'build', '--packages-select', 'pad_msg']
[0.104s] DEBUG:colcon:Parsed command line arguments: Namespace(log_base=None, log_level=None, verb_name='build', build_base='build', install_base='install', merge_install=False, symlink_install=False, test_result_base=None, continue_on_error=False, executor='parallel', parallel_workers=4, event_handlers=None, ignore_user_meta=False, metas=['./colcon.meta'], base_paths=['.'], packages_ignore=None, packages_ignore_regex=None, paths=None, packages_up_to=None, packages_up_to_regex=None, packages_above=None, packages_above_and_dependencies=None, packages_above_depth=None, packages_select_by_dep=None, packages_skip_by_dep=None, packages_skip_up_to=None, packages_select_build_failed=False, packages_skip_build_finished=False, packages_select_test_failures=False, packages_skip_test_passed=False, packages_select=['pad_msg'], packages_skip=None, packages_select_regex=None, packages_skip_regex=None, packages_start=None, packages_end=None, allow_overriding=[], cmake_args=None, cmake_target=None, cmake_target_skip_unavailable=False, cmake_clean_cache=False, cmake_clean_first=False, cmake_force_configure=False, ament_cmake_args=None, catkin_cmake_args=None, catkin_skip_building_tests=False, mixin_files=None, mixin=None, verb_parser=<colcon_mixin.mixin.mixin_argument.MixinArgumentDecorator object at 0x7f02d8e87410>, verb_extension=<colcon_core.verb.build.BuildVerb object at 0x7f02d8e87080>, main=<bound method BuildVerb.main of <colcon_core.verb.build.BuildVerb object at 0x7f02d8e87080>>, mixin_verb=('build',))
[0.141s] Level 1:colcon.colcon_core.package_discovery:discover_packages(colcon_meta) check parameters
[0.141s] Level 1:colcon.colcon_core.package_discovery:discover_packages(recursive) check parameters
[0.141s] Level 1:colcon.colcon_core.package_discovery:discover_packages(ignore) check parameters
[0.141s] Level 1:colcon.colcon_core.package_discovery:discover_packages(path) check parameters
[0.141s] Level 1:colcon.colcon_core.package_discovery:discover_packages(colcon_meta) discover
[0.141s] Level 1:colcon.colcon_core.package_discovery:discover_packages(recursive) discover
[0.141s] INFO:colcon.colcon_core.package_discovery:Crawling recursively for packages in '/home/tatenami/ros2/ws/pad'
[0.141s] Level 1:colcon.colcon_core.package_identification:_identify(.) by extensions ['ignore', 'ignore_ament_install']
[0.142s] Level 1:colcon.colcon_core.package_identification:_identify(.) by extension 'ignore'
[0.142s] Level 1:colcon.colcon_core.package_identification:_identify(.) by extension 'ignore_ament_install'
[0.142s] Level 1:colcon.colcon_core.package_identification:_identify(.) by extensions ['colcon_pkg']
[0.142s] Level 1:colcon.colcon_core.package_identification:_identify(.) by extension 'colcon_pkg'
[0.142s] Level 1:colcon.colcon_core.package_identification:_identify(.) by extensions ['colcon_meta']
[0.142s] Level 1:colcon.colcon_core.package_identification:_identify(.) by extension 'colcon_meta'
[0.142s] Level 1:colcon.colcon_core.package_identification:_identify(.) by extensions ['ros']
[0.142s] Level 1:colcon.colcon_core.package_identification:_identify(.) by extension 'ros'
[0.167s] Level 1:colcon.colcon_core.package_identification:_identify(.) by extensions ['cmake', 'python']
[0.167s] Level 1:colcon.colcon_core.package_identification:_identify(.) by extension 'cmake'
[0.167s] Level 1:colcon.colcon_core.package_identification:_identify(.) by extension 'python'
[0.167s] Level 1:colcon.colcon_core.package_identification:_identify(.) by extensions ['python_setup_py']
[0.167s] Level 1:colcon.colcon_core.package_identification:_identify(.) by extension 'python_setup_py'
[0.167s] Level 1:colcon.colcon_core.package_identification:_identify(build) by extensions ['ignore', 'ignore_ament_install']
[0.168s] Level 1:colcon.colcon_core.package_identification:_identify(build) by extension 'ignore'
[0.168s] Level 1:colcon.colcon_core.package_identification:_identify(build) ignored
[0.168s] Level 1:colcon.colcon_core.package_identification:_identify(install) by extensions ['ignore', 'ignore_ament_install']
[0.168s] Level 1:colcon.colcon_core.package_identification:_identify(install) by extension 'ignore'
[0.168s] Level 1:colcon.colcon_core.package_identification:_identify(install) ignored
[0.168s] Level 1:colcon.colcon_core.package_identification:_identify(log) by extensions ['ignore', 'ignore_ament_install']
[0.168s] Level 1:colcon.colcon_core.package_identification:_identify(log) by extension 'ignore'
[0.168s] Level 1:colcon.colcon_core.package_identification:_identify(log) ignored
[0.168s] Level 1:colcon.colcon_core.package_identification:_identify(src) by extensions ['ignore', 'ignore_ament_install']
[0.168s] Level 1:colcon.colcon_core.package_identification:_identify(src) by extension 'ignore'
[0.168s] Level 1:colcon.colcon_core.package_identification:_identify(src) by extension 'ignore_ament_install'
[0.168s] Level 1:colcon.colcon_core.package_identification:_identify(src) by extensions ['colcon_pkg']
[0.168s] Level 1:colcon.colcon_core.package_identification:_identify(src) by extension 'colcon_pkg'
[0.168s] Level 1:colcon.colcon_core.package_identification:_identify(src) by extensions ['colcon_meta']
[0.168s] Level 1:colcon.colcon_core.package_identification:_identify(src) by extension 'colcon_meta'
[0.169s] Level 1:colcon.colcon_core.package_identification:_identify(src) by extensions ['ros']
[0.169s] Level 1:colcon.colcon_core.package_identification:_identify(src) by extension 'ros'
[0.169s] Level 1:colcon.colcon_core.package_identification:_identify(src) by extensions ['cmake', 'python']
[0.169s] Level 1:colcon.colcon_core.package_identification:_identify(src) by extension 'cmake'
[0.169s] Level 1:colcon.colcon_core.package_identification:_identify(src) by extension 'python'
[0.169s] Level 1:colcon.colcon_core.package_identification:_identify(src) by extensions ['python_setup_py']
[0.169s] Level 1:colcon.colcon_core.package_identification:_identify(src) by extension 'python_setup_py'
[0.169s] Level 1:colcon.colcon_core.package_identification:_identify(src/pad_msg) by extensions ['ignore', 'ignore_ament_install']
[0.169s] Level 1:colcon.colcon_core.package_identification:_identify(src/pad_msg) by extension 'ignore'
[0.169s] Level 1:colcon.colcon_core.package_identification:_identify(src/pad_msg) by extension 'ignore_ament_install'
[0.169s] Level 1:colcon.colcon_core.package_identification:_identify(src/pad_msg) by extensions ['colcon_pkg']
[0.169s] Level 1:colcon.colcon_core.package_identification:_identify(src/pad_msg) by extension 'colcon_pkg'
[0.169s] Level 1:colcon.colcon_core.package_identification:_identify(src/pad_msg) by extensions ['colcon_meta']
[0.169s] Level 1:colcon.colcon_core.package_identification:_identify(src/pad_msg) by extension 'colcon_meta'
[0.169s] Level 1:colcon.colcon_core.package_identification:_identify(src/pad_msg) by extensions ['ros']
[0.169s] Level 1:colcon.colcon_core.package_identification:_identify(src/pad_msg) by extension 'ros'
[0.171s] DEBUG:colcon.colcon_core.package_identification:Package 'src/pad_msg' with type 'ros.ament_cmake' and name 'pad_msg'
[0.171s] Level 1:colcon.colcon_core.package_discovery:discover_packages(recursive) using defaults
[0.171s] Level 1:colcon.colcon_core.package_discovery:discover_packages(ignore) discover
[0.172s] Level 1:colcon.colcon_core.package_discovery:discover_packages(ignore) using defaults
[0.172s] Level 1:colcon.colcon_core.package_discovery:discover_packages(path) discover
[0.172s] Level 1:colcon.colcon_core.package_discovery:discover_packages(path) using defaults
[0.191s] Level 1:colcon.colcon_core.package_discovery:discover_packages(prefix_path) check parameters
[0.191s] Level 1:colcon.colcon_core.package_discovery:discover_packages(prefix_path) discover
[0.195s] DEBUG:colcon.colcon_installed_package_information.package_discovery:Found 286 installed packages in /opt/ros/jazzy
[0.196s] Level 1:colcon.colcon_core.package_discovery:discover_packages(prefix_path) using defaults
[0.240s] Level 5:colcon.colcon_core.verb:set package 'pad_msg' build argument 'cmake_args' from command line to 'None'
[0.240s] Level 5:colcon.colcon_core.verb:set package 'pad_msg' build argument 'cmake_target' from command line to 'None'
[0.240s] Level 5:colcon.colcon_core.verb:set package 'pad_msg' build argument 'cmake_target_skip_unavailable' from command line to 'False'
[0.241s] Level 5:colcon.colcon_core.verb:set package 'pad_msg' build argument 'cmake_clean_cache' from command line to 'False'
[0.241s] Level 5:colcon.colcon_core.verb:set package 'pad_msg' build argument 'cmake_clean_first' from command line to 'False'
[0.241s] Level 5:colcon.colcon_core.verb:set package 'pad_msg' build argument 'cmake_force_configure' from command line to 'False'
[0.241s] Level 5:colcon.colcon_core.verb:set package 'pad_msg' build argument 'ament_cmake_args' from command line to 'None'
[0.241s] Level 5:colcon.colcon_core.verb:set package 'pad_msg' build argument 'catkin_cmake_args' from command line to 'None'
[0.241s] Level 5:colcon.colcon_core.verb:set package 'pad_msg' build argument 'catkin_skip_building_tests' from command line to 'False'
[0.241s] DEBUG:colcon.colcon_core.verb:Building package 'pad_msg' with the following arguments: {'ament_cmake_args': None, 'build_base': '/home/tatenami/ros2/ws/pad/build/pad_msg', 'catkin_cmake_args': None, 'catkin_skip_building_tests': False, 'cmake_args': None, 'cmake_clean_cache': False, 'cmake_clean_first': False, 'cmake_force_configure': False, 'cmake_target': None, 'cmake_target_skip_unavailable': False, 'install_base': '/home/tatenami/ros2/ws/pad/install/pad_msg', 'merge_install': False, 'path': '/home/tatenami/ros2/ws/pad/src/pad_msg', 'symlink_install': False, 'test_result_base': None}
[0.241s] INFO:colcon.colcon_core.executor:Executing jobs using 'parallel' executor
[0.241s] DEBUG:colcon.colcon_parallel_executor.executor.parallel:run_until_complete
[0.242s] INFO:colcon.colcon_ros.task.ament_cmake.build:Building ROS package in '/home/tatenami/ros2/ws/pad/src/pad_msg' with build type 'ament_cmake'
[0.242s] INFO:colcon.colcon_cmake.task.cmake.build:Building CMake package in '/home/tatenami/ros2/ws/pad/src/pad_msg'
[0.245s] INFO:colcon.colcon_core.plugin_system:Skipping extension 'colcon_core.shell.bat': Not used on non-Windows systems
[0.246s] INFO:colcon.colcon_core.shell:Skip shell extension 'powershell' for command environment: Not usable outside of PowerShell
[0.246s] DEBUG:colcon.colcon_core.shell:Skip shell extension 'dsv' for command environment
[0.254s] DEBUG:colcon.colcon_core.event_handler.log_command:Invoking command in '/home/tatenami/ros2/ws/pad/build/pad_msg': CMAKE_PREFIX_PATH=${CMAKE_PREFIX_PATH}:/opt/ros/jazzy DEBUGINFOD_URLS=https://debuginfod.ubuntu.com /opt/st/stm32cubeclt_1.16.0/CMake/bin/cmake /home/tatenami/ros2/ws/pad/src/pad_msg -DCMAKE_INSTALL_PREFIX=/home/tatenami/ros2/ws/pad/install/pad_msg
[3.230s] DEBUG:colcon.colcon_core.event_handler.log_command:Invoked command in '/home/tatenami/ros2/ws/pad/build/pad_msg' returned '0': CMAKE_PREFIX_PATH=${CMAKE_PREFIX_PATH}:/opt/ros/jazzy DEBUGINFOD_URLS=https://debuginfod.ubuntu.com /opt/st/stm32cubeclt_1.16.0/CMake/bin/cmake /home/tatenami/ros2/ws/pad/src/pad_msg -DCMAKE_INSTALL_PREFIX=/home/tatenami/ros2/ws/pad/install/pad_msg
[3.231s] DEBUG:colcon.colcon_core.event_handler.log_command:Invoking command in '/home/tatenami/ros2/ws/pad/build/pad_msg': CMAKE_PREFIX_PATH=${CMAKE_PREFIX_PATH}:/opt/ros/jazzy DEBUGINFOD_URLS=https://debuginfod.ubuntu.com /opt/st/stm32cubeclt_1.16.0/CMake/bin/cmake --build /home/tatenami/ros2/ws/pad/build/pad_msg -- -j4 -l4
[5.513s] DEBUG:colcon.colcon_core.event_handler.log_command:Invoked command in '/home/tatenami/ros2/ws/pad/build/pad_msg' returned '0': CMAKE_PREFIX_PATH=${CMAKE_PREFIX_PATH}:/opt/ros/jazzy DEBUGINFOD_URLS=https://debuginfod.ubuntu.com /opt/st/stm32cubeclt_1.16.0/CMake/bin/cmake --build /home/tatenami/ros2/ws/pad/build/pad_msg -- -j4 -l4
[5.516s] DEBUG:colcon.colcon_core.event_handler.log_command:Invoking command in '/home/tatenami/ros2/ws/pad/build/pad_msg': CMAKE_PREFIX_PATH=${CMAKE_PREFIX_PATH}:/opt/ros/jazzy DEBUGINFOD_URLS=https://debuginfod.ubuntu.com /opt/st/stm32cubeclt_1.16.0/CMake/bin/cmake --install /home/tatenami/ros2/ws/pad/build/pad_msg
[5.581s] Level 1:colcon.colcon_core.environment:create_environment_scripts_only(pad_msg)
[5.581s] DEBUG:colcon.colcon_core.event_handler.log_command:Invoked command in '/home/tatenami/ros2/ws/pad/build/pad_msg' returned '0': CMAKE_PREFIX_PATH=${CMAKE_PREFIX_PATH}:/opt/ros/jazzy DEBUGINFOD_URLS=https://debuginfod.ubuntu.com /opt/st/stm32cubeclt_1.16.0/CMake/bin/cmake --install /home/tatenami/ros2/ws/pad/build/pad_msg
[5.585s] Level 1:colcon.colcon_core.environment:checking '/home/tatenami/ros2/ws/pad/install/pad_msg' for CMake module files
[5.585s] Level 1:colcon.colcon_core.environment:checking '/home/tatenami/ros2/ws/pad/install/pad_msg' for CMake config files
[5.586s] Level 1:colcon.colcon_core.shell:create_environment_hook('pad_msg', 'cmake_prefix_path')
[5.586s] INFO:colcon.colcon_core.shell:Creating environment hook '/home/tatenami/ros2/ws/pad/install/pad_msg/share/pad_msg/hook/cmake_prefix_path.ps1'
[5.586s] INFO:colcon.colcon_core.shell:Creating environment descriptor '/home/tatenami/ros2/ws/pad/install/pad_msg/share/pad_msg/hook/cmake_prefix_path.dsv'
[5.587s] INFO:colcon.colcon_core.shell:Creating environment hook '/home/tatenami/ros2/ws/pad/install/pad_msg/share/pad_msg/hook/cmake_prefix_path.sh'
[5.588s] Level 1:colcon.colcon_core.environment:checking '/home/tatenami/ros2/ws/pad/install/pad_msg/lib'
[5.588s] Level 1:colcon.colcon_core.shell:create_environment_hook('pad_msg', 'ld_library_path_lib')
[5.588s] INFO:colcon.colcon_core.shell:Creating environment hook '/home/tatenami/ros2/ws/pad/install/pad_msg/share/pad_msg/hook/ld_library_path_lib.ps1'
[5.589s] INFO:colcon.colcon_core.shell:Creating environment descriptor '/home/tatenami/ros2/ws/pad/install/pad_msg/share/pad_msg/hook/ld_library_path_lib.dsv'
[5.589s] INFO:colcon.colcon_core.shell:Creating environment hook '/home/tatenami/ros2/ws/pad/install/pad_msg/share/pad_msg/hook/ld_library_path_lib.sh'
[5.589s] Level 1:colcon.colcon_core.environment:checking '/home/tatenami/ros2/ws/pad/install/pad_msg/bin'
[5.589s] Level 1:colcon.colcon_core.environment:checking '/home/tatenami/ros2/ws/pad/install/pad_msg/lib/pkgconfig/pad_msg.pc'
[5.590s] Level 1:colcon.colcon_core.environment:checking '/home/tatenami/ros2/ws/pad/install/pad_msg/lib/python3.12/site-packages'
[5.590s] Level 1:colcon.colcon_core.shell:create_environment_hook('pad_msg', 'pythonpath')
[5.590s] INFO:colcon.colcon_core.shell:Creating environment hook '/home/tatenami/ros2/ws/pad/install/pad_msg/share/pad_msg/hook/pythonpath.ps1'
[5.590s] INFO:colcon.colcon_core.shell:Creating environment descriptor '/home/tatenami/ros2/ws/pad/install/pad_msg/share/pad_msg/hook/pythonpath.dsv'
[5.591s] INFO:colcon.colcon_core.shell:Creating environment hook '/home/tatenami/ros2/ws/pad/install/pad_msg/share/pad_msg/hook/pythonpath.sh'
[5.591s] Level 1:colcon.colcon_core.environment:checking '/home/tatenami/ros2/ws/pad/install/pad_msg/bin'
[5.591s] INFO:colcon.colcon_core.shell:Creating package script '/home/tatenami/ros2/ws/pad/install/pad_msg/share/pad_msg/package.ps1'
[5.592s] INFO:colcon.colcon_core.shell:Creating package descriptor '/home/tatenami/ros2/ws/pad/install/pad_msg/share/pad_msg/package.dsv'
[5.593s] INFO:colcon.colcon_core.shell:Creating package script '/home/tatenami/ros2/ws/pad/install/pad_msg/share/pad_msg/package.sh'
[5.594s] INFO:colcon.colcon_core.shell:Creating package script '/home/tatenami/ros2/ws/pad/install/pad_msg/share/pad_msg/package.bash'
[5.594s] INFO:colcon.colcon_core.shell:Creating package script '/home/tatenami/ros2/ws/pad/install/pad_msg/share/pad_msg/package.zsh'
[5.595s] Level 1:colcon.colcon_core.environment:create_file_with_runtime_dependencies(/home/tatenami/ros2/ws/pad/install/pad_msg/share/colcon-core/packages/pad_msg)
[5.595s] Level 1:colcon.colcon_core.environment:create_environment_scripts_only(pad_msg)
[5.595s] Level 1:colcon.colcon_core.environment:checking '/home/tatenami/ros2/ws/pad/install/pad_msg' for CMake module files
[5.596s] Level 1:colcon.colcon_core.environment:checking '/home/tatenami/ros2/ws/pad/install/pad_msg' for CMake config files
[5.596s] Level 1:colcon.colcon_core.shell:create_environment_hook('pad_msg', 'cmake_prefix_path')
[5.596s] INFO:colcon.colcon_core.shell:Creating environment hook '/home/tatenami/ros2/ws/pad/install/pad_msg/share/pad_msg/hook/cmake_prefix_path.ps1'
[5.597s] INFO:colcon.colcon_core.shell:Creating environment descriptor '/home/tatenami/ros2/ws/pad/install/pad_msg/share/pad_msg/hook/cmake_prefix_path.dsv'
[5.597s] INFO:colcon.colcon_core.shell:Creating environment hook '/home/tatenami/ros2/ws/pad/install/pad_msg/share/pad_msg/hook/cmake_prefix_path.sh'
[5.598s] Level 1:colcon.colcon_core.environment:checking '/home/tatenami/ros2/ws/pad/install/pad_msg/lib'
[5.598s] Level 1:colcon.colcon_core.shell:create_environment_hook('pad_msg', 'ld_library_path_lib')
[5.598s] INFO:colcon.colcon_core.shell:Creating environment hook '/home/tatenami/ros2/ws/pad/install/pad_msg/share/pad_msg/hook/ld_library_path_lib.ps1'
[5.598s] INFO:colcon.colcon_core.shell:Creating environment descriptor '/home/tatenami/ros2/ws/pad/install/pad_msg/share/pad_msg/hook/ld_library_path_lib.dsv'
[5.599s] INFO:colcon.colcon_core.shell:Creating environment hook '/home/tatenami/ros2/ws/pad/install/pad_msg/share/pad_msg/hook/ld_library_path_lib.sh'
[5.599s] Level 1:colcon.colcon_core.environment:checking '/home/tatenami/ros2/ws/pad/install/pad_msg/bin'
[5.599s] Level 1:colcon.colcon_core.environment:checking '/home/tatenami/ros2/ws/pad/install/pad_msg/lib/pkgconfig/pad_msg.pc'
[5.599s] Level 1:colcon.colcon_core.environment:checking '/home/tatenami/ros2/ws/pad/install/pad_msg/lib/python3.12/site-packages'
[5.599s] Level 1:colcon.colcon_core.shell:create_environment_hook('pad_msg', 'pythonpath')
[5.600s] INFO:colcon.colcon_core.shell:Creating environment hook '/home/tatenami/ros2/ws/pad/install/pad_msg/share/pad_msg/hook/pythonpath.ps1'
[5.600s] INFO:colcon.colcon_core.shell:Creating environment descriptor '/home/tatenami/ros2/ws/pad/install/pad_msg/share/pad_msg/hook/pythonpath.dsv'
[5.600s] INFO:colcon.colcon_core.shell:Creating environment hook '/home/tatenami/ros2/ws/pad/install/pad_msg/share/pad_msg/hook/pythonpath.sh'
[5.601s] Level 1:colcon.colcon_core.environment:checking '/home/tatenami/ros2/ws/pad/install/pad_msg/bin'
[5.601s] INFO:colcon.colcon_core.shell:Creating package script '/home/tatenami/ros2/ws/pad/install/pad_msg/share/pad_msg/package.ps1'
[5.601s] INFO:colcon.colcon_core.shell:Creating package descriptor '/home/tatenami/ros2/ws/pad/install/pad_msg/share/pad_msg/package.dsv'
[5.602s] INFO:colcon.colcon_core.shell:Creating package script '/home/tatenami/ros2/ws/pad/install/pad_msg/share/pad_msg/package.sh'
[5.602s] INFO:colcon.colcon_core.shell:Creating package script '/home/tatenami/ros2/ws/pad/install/pad_msg/share/pad_msg/package.bash'
[5.603s] INFO:colcon.colcon_core.shell:Creating package script '/home/tatenami/ros2/ws/pad/install/pad_msg/share/pad_msg/package.zsh'
[5.603s] Level 1:colcon.colcon_core.environment:create_file_with_runtime_dependencies(/home/tatenami/ros2/ws/pad/install/pad_msg/share/colcon-core/packages/pad_msg)
[5.603s] DEBUG:colcon.colcon_parallel_executor.executor.parallel:closing loop
[5.604s] DEBUG:colcon.colcon_parallel_executor.executor.parallel:loop closed
[5.604s] DEBUG:colcon.colcon_parallel_executor.executor.parallel:run_until_complete finished with '0'
[5.604s] DEBUG:colcon.colcon_core.event_reactor:joining thread
[5.612s] INFO:colcon.colcon_core.plugin_system:Skipping extension 'colcon_notification.desktop_notification.terminal_notifier': Not used on non-Darwin systems
[5.612s] INFO:colcon.colcon_core.plugin_system:Skipping extension 'colcon_notification.desktop_notification.win32': Not used on non-Windows systems
[5.613s] INFO:colcon.colcon_notification.desktop_notification:Sending desktop notification using 'notify2'
[5.640s] DEBUG:colcon.colcon_core.event_reactor:joined thread
[5.640s] INFO:colcon.colcon_core.shell:Creating prefix script '/home/tatenami/ros2/ws/pad/install/local_setup.ps1'
[5.641s] INFO:colcon.colcon_core.shell:Creating prefix util module '/home/tatenami/ros2/ws/pad/install/_local_setup_util_ps1.py'
[5.643s] INFO:colcon.colcon_core.shell:Creating prefix chain script '/home/tatenami/ros2/ws/pad/install/setup.ps1'
[5.644s] INFO:colcon.colcon_core.shell:Creating prefix script '/home/tatenami/ros2/ws/pad/install/local_setup.sh'
[5.645s] INFO:colcon.colcon_core.shell:Creating prefix util module '/home/tatenami/ros2/ws/pad/install/_local_setup_util_sh.py'
[5.645s] INFO:colcon.colcon_core.shell:Creating prefix chain script '/home/tatenami/ros2/ws/pad/install/setup.sh'
[5.647s] INFO:colcon.colcon_core.shell:Creating prefix script '/home/tatenami/ros2/ws/pad/install/local_setup.bash'
[5.647s] INFO:colcon.colcon_core.shell:Creating prefix chain script '/home/tatenami/ros2/ws/pad/install/setup.bash'
[5.649s] INFO:colcon.colcon_core.shell:Creating prefix script '/home/tatenami/ros2/ws/pad/install/local_setup.zsh'
[5.649s] INFO:colcon.colcon_core.shell:Creating prefix chain script '/home/tatenami/ros2/ws/pad/install/setup.zsh'
