[0.014s] Invoking command in '/home/tatenami/ros2/ws/pad/build/gamepad': CMAKE_PREFIX_PATH=/home/tatenami/ros2/ws/pad/install/pad_msg:/home/tatenami/ros2/ws/pad/install/gamepad:/home/tatenami/ros2/ws/pad/src/pad_msg/install/pad_msg:/opt/ros/jazzy/opt/gz_math_vendor:/opt/ros/jazzy/opt/gz_utils_vendor:/opt/ros/jazzy/opt/gz_cmake_vendor:/opt/ros/jazzy DEBUGINFOD_URLS=https://debuginfod.ubuntu.com /opt/st/stm32cubeclt_1.16.0/CMake/bin/cmake --build /home/tatenami/ros2/ws/pad/build/gamepad -- -j4 -l4
[0.054s] [ 50%] Built target publisher
[0.057s] [100%] Built target subscriber
[0.061s] Invoked command in '/home/tatenami/ros2/ws/pad/build/gamepad' returned '0': CMAKE_PREFIX_PATH=/home/tatenami/ros2/ws/pad/install/pad_msg:/home/tatenami/ros2/ws/pad/install/gamepad:/home/tatenami/ros2/ws/pad/src/pad_msg/install/pad_msg:/opt/ros/jazzy/opt/gz_math_vendor:/opt/ros/jazzy/opt/gz_utils_vendor:/opt/ros/jazzy/opt/gz_cmake_vendor:/opt/ros/jazzy DEBUGINFOD_URLS=https://debuginfod.ubuntu.com /opt/st/stm32cubeclt_1.16.0/CMake/bin/cmake --build /home/tatenami/ros2/ws/pad/build/gamepad -- -j4 -l4
[0.062s] Invoking command in '/home/tatenami/ros2/ws/pad/build/gamepad': CMAKE_PREFIX_PATH=/home/tatenami/ros2/ws/pad/install/pad_msg:/home/tatenami/ros2/ws/pad/install/gamepad:/home/tatenami/ros2/ws/pad/src/pad_msg/install/pad_msg:/opt/ros/jazzy/opt/gz_math_vendor:/opt/ros/jazzy/opt/gz_utils_vendor:/opt/ros/jazzy/opt/gz_cmake_vendor:/opt/ros/jazzy DEBUGINFOD_URLS=https://debuginfod.ubuntu.com /opt/st/stm32cubeclt_1.16.0/CMake/bin/cmake --install /home/tatenami/ros2/ws/pad/build/gamepad
[0.065s] -- Install configuration: ""
[0.065s] -- Up-to-date: /home/tatenami/ros2/ws/pad/install/gamepad/share/ament_index/resource_index/package_run_dependencies/gamepad
[0.065s] -- Up-to-date: /home/tatenami/ros2/ws/pad/install/gamepad/share/ament_index/resource_index/parent_prefix_path/gamepad
[0.065s] -- Up-to-date: /home/tatenami/ros2/ws/pad/install/gamepad/share/gamepad/environment/ament_prefix_path.sh
[0.065s] -- Up-to-date: /home/tatenami/ros2/ws/pad/install/gamepad/share/gamepad/environment/ament_prefix_path.dsv
[0.065s] -- Up-to-date: /home/tatenami/ros2/ws/pad/install/gamepad/share/gamepad/environment/path.sh
[0.066s] -- Up-to-date: /home/tatenami/ros2/ws/pad/install/gamepad/share/gamepad/environment/path.dsv
[0.066s] -- Up-to-date: /home/tatenami/ros2/ws/pad/install/gamepad/share/gamepad/local_setup.bash
[0.066s] -- Up-to-date: /home/tatenami/ros2/ws/pad/install/gamepad/share/gamepad/local_setup.sh
[0.066s] -- Up-to-date: /home/tatenami/ros2/ws/pad/install/gamepad/share/gamepad/local_setup.zsh
[0.066s] -- Up-to-date: /home/tatenami/ros2/ws/pad/install/gamepad/share/gamepad/local_setup.dsv
[0.066s] -- Installing: /home/tatenami/ros2/ws/pad/install/gamepad/share/gamepad/package.dsv
[0.066s] -- Up-to-date: /home/tatenami/ros2/ws/pad/install/gamepad/share/ament_index/resource_index/packages/gamepad
[0.066s] -- Up-to-date: /home/tatenami/ros2/ws/pad/install/gamepad/share/gamepad/cmake/gamepadConfig.cmake
[0.066s] -- Up-to-date: /home/tatenami/ros2/ws/pad/install/gamepad/share/gamepad/cmake/gamepadConfig-version.cmake
[0.066s] -- Up-to-date: /home/tatenami/ros2/ws/pad/install/gamepad/share/gamepad/package.xml
[0.067s] -- Up-to-date: /home/tatenami/ros2/ws/pad/install/gamepad/lib/gamepad/publisher
[0.067s] -- Up-to-date: /home/tatenami/ros2/ws/pad/install/gamepad/lib/gamepad/subscriber
[0.070s] Invoked command in '/home/tatenami/ros2/ws/pad/build/gamepad' returned '0': CMAKE_PREFIX_PATH=/home/tatenami/ros2/ws/pad/install/pad_msg:/home/tatenami/ros2/ws/pad/install/gamepad:/home/tatenami/ros2/ws/pad/src/pad_msg/install/pad_msg:/opt/ros/jazzy/opt/gz_math_vendor:/opt/ros/jazzy/opt/gz_utils_vendor:/opt/ros/jazzy/opt/gz_cmake_vendor:/opt/ros/jazzy DEBUGINFOD_URLS=https://debuginfod.ubuntu.com /opt/st/stm32cubeclt_1.16.0/CMake/bin/cmake --install /home/tatenami/ros2/ws/pad/build/gamepad
