[0.112s] DEBUG:colcon:Command line arguments: ['/usr/bin/colcon', 'build']
[0.112s] DEBUG:colcon:Parsed command line arguments: Namespace(log_base=None, log_level=None, verb_name='build', build_base='build', install_base='install', merge_install=False, symlink_install=False, test_result_base=None, continue_on_error=False, executor='parallel', parallel_workers=4, event_handlers=None, ignore_user_meta=False, metas=['./colcon.meta'], base_paths=['.'], packages_ignore=None, packages_ignore_regex=None, paths=None, packages_up_to=None, packages_up_to_regex=None, packages_above=None, packages_above_and_dependencies=None, packages_above_depth=None, packages_select_by_dep=None, packages_skip_by_dep=None, packages_skip_up_to=None, packages_select_build_failed=False, packages_skip_build_finished=False, packages_select_test_failures=False, packages_skip_test_passed=False, packages_select=None, packages_skip=None, packages_select_regex=None, packages_skip_regex=None, packages_start=None, packages_end=None, allow_overriding=[], cmake_args=None, cmake_target=None, cmake_target_skip_unavailable=False, cmake_clean_cache=False, cmake_clean_first=False, cmake_force_configure=False, ament_cmake_args=None, catkin_cmake_args=None, catkin_skip_building_tests=False, mixin_files=None, mixin=None, verb_parser=<colcon_mixin.mixin.mixin_argument.MixinArgumentDecorator object at 0x727480376db0>, verb_extension=<colcon_core.verb.build.BuildVerb object at 0x727480376ab0>, main=<bound method BuildVerb.main of <colcon_core.verb.build.BuildVerb object at 0x727480376ab0>>, mixin_verb=('build',))
[0.150s] Level 1:colcon.colcon_core.package_discovery:discover_packages(colcon_meta) check parameters
[0.150s] Level 1:colcon.colcon_core.package_discovery:discover_packages(recursive) check parameters
[0.150s] Level 1:colcon.colcon_core.package_discovery:discover_packages(ignore) check parameters
[0.150s] Level 1:colcon.colcon_core.package_discovery:discover_packages(path) check parameters
[0.150s] Level 1:colcon.colcon_core.package_discovery:discover_packages(colcon_meta) discover
[0.151s] Level 1:colcon.colcon_core.package_discovery:discover_packages(recursive) discover
[0.151s] INFO:colcon.colcon_core.package_discovery:Crawling recursively for packages in '/home/tatenami/ros2/ws/pad/src/pad_msg'
[0.151s] Level 1:colcon.colcon_core.package_identification:_identify(.) by extensions ['ignore', 'ignore_ament_install']
[0.151s] Level 1:colcon.colcon_core.package_identification:_identify(.) by extension 'ignore'
[0.151s] Level 1:colcon.colcon_core.package_identification:_identify(.) by extension 'ignore_ament_install'
[0.151s] Level 1:colcon.colcon_core.package_identification:_identify(.) by extensions ['colcon_pkg']
[0.151s] Level 1:colcon.colcon_core.package_identification:_identify(.) by extension 'colcon_pkg'
[0.151s] Level 1:colcon.colcon_core.package_identification:_identify(.) by extensions ['colcon_meta']
[0.151s] Level 1:colcon.colcon_core.package_identification:_identify(.) by extension 'colcon_meta'
[0.151s] Level 1:colcon.colcon_core.package_identification:_identify(.) by extensions ['ros']
[0.151s] Level 1:colcon.colcon_core.package_identification:_identify(.) by extension 'ros'
[0.179s] DEBUG:colcon.colcon_core.package_identification:Package '.' with type 'ros.ament_cmake' and name 'pad_msg'
[0.179s] Level 1:colcon.colcon_core.package_discovery:discover_packages(recursive) using defaults
[0.179s] Level 1:colcon.colcon_core.package_discovery:discover_packages(ignore) discover
[0.179s] Level 1:colcon.colcon_core.package_discovery:discover_packages(ignore) using defaults
[0.179s] Level 1:colcon.colcon_core.package_discovery:discover_packages(path) discover
[0.179s] Level 1:colcon.colcon_core.package_discovery:discover_packages(path) using defaults
[0.198s] Level 1:colcon.colcon_core.package_discovery:discover_packages(prefix_path) check parameters
[0.198s] Level 1:colcon.colcon_core.package_discovery:discover_packages(prefix_path) discover
[0.203s] DEBUG:colcon.colcon_installed_package_information.package_discovery:Found 286 installed packages in /opt/ros/jazzy
[0.204s] Level 1:colcon.colcon_core.package_discovery:discover_packages(prefix_path) using defaults
[0.258s] Level 5:colcon.colcon_core.verb:set package 'pad_msg' build argument 'cmake_args' from command line to 'None'
[0.258s] Level 5:colcon.colcon_core.verb:set package 'pad_msg' build argument 'cmake_target' from command line to 'None'
[0.258s] Level 5:colcon.colcon_core.verb:set package 'pad_msg' build argument 'cmake_target_skip_unavailable' from command line to 'False'
[0.258s] Level 5:colcon.colcon_core.verb:set package 'pad_msg' build argument 'cmake_clean_cache' from command line to 'False'
[0.258s] Level 5:colcon.colcon_core.verb:set package 'pad_msg' build argument 'cmake_clean_first' from command line to 'False'
[0.258s] Level 5:colcon.colcon_core.verb:set package 'pad_msg' build argument 'cmake_force_configure' from command line to 'False'
[0.258s] Level 5:colcon.colcon_core.verb:set package 'pad_msg' build argument 'ament_cmake_args' from command line to 'None'
[0.258s] Level 5:colcon.colcon_core.verb:set package 'pad_msg' build argument 'catkin_cmake_args' from command line to 'None'
[0.258s] Level 5:colcon.colcon_core.verb:set package 'pad_msg' build argument 'catkin_skip_building_tests' from command line to 'False'
[0.258s] DEBUG:colcon.colcon_core.verb:Building package 'pad_msg' with the following arguments: {'ament_cmake_args': None, 'build_base': '/home/tatenami/ros2/ws/pad/src/pad_msg/build/pad_msg', 'catkin_cmake_args': None, 'catkin_skip_building_tests': False, 'cmake_args': None, 'cmake_clean_cache': False, 'cmake_clean_first': False, 'cmake_force_configure': False, 'cmake_target': None, 'cmake_target_skip_unavailable': False, 'install_base': '/home/tatenami/ros2/ws/pad/src/pad_msg/install/pad_msg', 'merge_install': False, 'path': '/home/tatenami/ros2/ws/pad/src/pad_msg', 'symlink_install': False, 'test_result_base': None}
[0.258s] INFO:colcon.colcon_core.executor:Executing jobs using 'parallel' executor
[0.259s] DEBUG:colcon.colcon_parallel_executor.executor.parallel:run_until_complete
[0.259s] INFO:colcon.colcon_ros.task.ament_cmake.build:Building ROS package in '/home/tatenami/ros2/ws/pad/src/pad_msg' with build type 'ament_cmake'
[0.259s] INFO:colcon.colcon_cmake.task.cmake.build:Building CMake package in '/home/tatenami/ros2/ws/pad/src/pad_msg'
[0.262s] INFO:colcon.colcon_core.plugin_system:Skipping extension 'colcon_core.shell.bat': Not used on non-Windows systems
[0.262s] INFO:colcon.colcon_core.shell:Skip shell extension 'powershell' for command environment: Not usable outside of PowerShell
[0.262s] DEBUG:colcon.colcon_core.shell:Skip shell extension 'dsv' for command environment
[0.271s] DEBUG:colcon.colcon_core.event_handler.log_command:Invoking command in '/home/tatenami/ros2/ws/pad/src/pad_msg/build/pad_msg': CMAKE_PREFIX_PATH=${CMAKE_PREFIX_PATH}:/opt/ros/jazzy DEBUGINFOD_URLS=https://debuginfod.ubuntu.com /opt/st/stm32cubeclt_1.16.0/CMake/bin/cmake /home/tatenami/ros2/ws/pad/src/pad_msg -DCMAKE_INSTALL_PREFIX=/home/tatenami/ros2/ws/pad/src/pad_msg/install/pad_msg
[3.861s] DEBUG:colcon.colcon_core.event_handler.log_command:Invoked command in '/home/tatenami/ros2/ws/pad/src/pad_msg/build/pad_msg' returned '0': CMAKE_PREFIX_PATH=${CMAKE_PREFIX_PATH}:/opt/ros/jazzy DEBUGINFOD_URLS=https://debuginfod.ubuntu.com /opt/st/stm32cubeclt_1.16.0/CMake/bin/cmake /home/tatenami/ros2/ws/pad/src/pad_msg -DCMAKE_INSTALL_PREFIX=/home/tatenami/ros2/ws/pad/src/pad_msg/install/pad_msg
[3.862s] DEBUG:colcon.colcon_core.event_handler.log_command:Invoking command in '/home/tatenami/ros2/ws/pad/src/pad_msg/build/pad_msg': CMAKE_PREFIX_PATH=${CMAKE_PREFIX_PATH}:/opt/ros/jazzy DEBUGINFOD_URLS=https://debuginfod.ubuntu.com /opt/st/stm32cubeclt_1.16.0/CMake/bin/cmake --build /home/tatenami/ros2/ws/pad/src/pad_msg/build/pad_msg -- -j4 -l4
[6.881s] DEBUG:colcon.colcon_core.event_handler.log_command:Invoked command in '/home/tatenami/ros2/ws/pad/src/pad_msg/build/pad_msg' returned '0': CMAKE_PREFIX_PATH=${CMAKE_PREFIX_PATH}:/opt/ros/jazzy DEBUGINFOD_URLS=https://debuginfod.ubuntu.com /opt/st/stm32cubeclt_1.16.0/CMake/bin/cmake --build /home/tatenami/ros2/ws/pad/src/pad_msg/build/pad_msg -- -j4 -l4
[6.885s] DEBUG:colcon.colcon_core.event_handler.log_command:Invoking command in '/home/tatenami/ros2/ws/pad/src/pad_msg/build/pad_msg': CMAKE_PREFIX_PATH=${CMAKE_PREFIX_PATH}:/opt/ros/jazzy DEBUGINFOD_URLS=https://debuginfod.ubuntu.com /opt/st/stm32cubeclt_1.16.0/CMake/bin/cmake --install /home/tatenami/ros2/ws/pad/src/pad_msg/build/pad_msg
[6.958s] Level 1:colcon.colcon_core.environment:create_environment_scripts_only(pad_msg)
[6.958s] DEBUG:colcon.colcon_core.event_handler.log_command:Invoked command in '/home/tatenami/ros2/ws/pad/src/pad_msg/build/pad_msg' returned '0': CMAKE_PREFIX_PATH=${CMAKE_PREFIX_PATH}:/opt/ros/jazzy DEBUGINFOD_URLS=https://debuginfod.ubuntu.com /opt/st/stm32cubeclt_1.16.0/CMake/bin/cmake --install /home/tatenami/ros2/ws/pad/src/pad_msg/build/pad_msg
[6.961s] Level 1:colcon.colcon_core.environment:checking '/home/tatenami/ros2/ws/pad/src/pad_msg/install/pad_msg' for CMake module files
[6.962s] Level 1:colcon.colcon_core.environment:checking '/home/tatenami/ros2/ws/pad/src/pad_msg/install/pad_msg' for CMake config files
[6.962s] Level 1:colcon.colcon_core.shell:create_environment_hook('pad_msg', 'cmake_prefix_path')
[6.963s] INFO:colcon.colcon_core.shell:Creating environment hook '/home/tatenami/ros2/ws/pad/src/pad_msg/install/pad_msg/share/pad_msg/hook/cmake_prefix_path.ps1'
[6.963s] INFO:colcon.colcon_core.shell:Creating environment descriptor '/home/tatenami/ros2/ws/pad/src/pad_msg/install/pad_msg/share/pad_msg/hook/cmake_prefix_path.dsv'
[6.964s] INFO:colcon.colcon_core.shell:Creating environment hook '/home/tatenami/ros2/ws/pad/src/pad_msg/install/pad_msg/share/pad_msg/hook/cmake_prefix_path.sh'
[6.966s] Level 1:colcon.colcon_core.environment:checking '/home/tatenami/ros2/ws/pad/src/pad_msg/install/pad_msg/lib'
[6.966s] Level 1:colcon.colcon_core.shell:create_environment_hook('pad_msg', 'ld_library_path_lib')
[6.966s] INFO:colcon.colcon_core.shell:Creating environment hook '/home/tatenami/ros2/ws/pad/src/pad_msg/install/pad_msg/share/pad_msg/hook/ld_library_path_lib.ps1'
[6.967s] INFO:colcon.colcon_core.shell:Creating environment descriptor '/home/tatenami/ros2/ws/pad/src/pad_msg/install/pad_msg/share/pad_msg/hook/ld_library_path_lib.dsv'
[6.967s] INFO:colcon.colcon_core.shell:Creating environment hook '/home/tatenami/ros2/ws/pad/src/pad_msg/install/pad_msg/share/pad_msg/hook/ld_library_path_lib.sh'
[6.968s] Level 1:colcon.colcon_core.environment:checking '/home/tatenami/ros2/ws/pad/src/pad_msg/install/pad_msg/bin'
[6.968s] Level 1:colcon.colcon_core.environment:checking '/home/tatenami/ros2/ws/pad/src/pad_msg/install/pad_msg/lib/pkgconfig/pad_msg.pc'
[6.968s] Level 1:colcon.colcon_core.environment:checking '/home/tatenami/ros2/ws/pad/src/pad_msg/install/pad_msg/lib/python3.12/site-packages'
[6.968s] Level 1:colcon.colcon_core.shell:create_environment_hook('pad_msg', 'pythonpath')
[6.969s] INFO:colcon.colcon_core.shell:Creating environment hook '/home/tatenami/ros2/ws/pad/src/pad_msg/install/pad_msg/share/pad_msg/hook/pythonpath.ps1'
[6.969s] INFO:colcon.colcon_core.shell:Creating environment descriptor '/home/tatenami/ros2/ws/pad/src/pad_msg/install/pad_msg/share/pad_msg/hook/pythonpath.dsv'
[6.969s] INFO:colcon.colcon_core.shell:Creating environment hook '/home/tatenami/ros2/ws/pad/src/pad_msg/install/pad_msg/share/pad_msg/hook/pythonpath.sh'
[6.970s] Level 1:colcon.colcon_core.environment:checking '/home/tatenami/ros2/ws/pad/src/pad_msg/install/pad_msg/bin'
[6.970s] INFO:colcon.colcon_core.shell:Creating package script '/home/tatenami/ros2/ws/pad/src/pad_msg/install/pad_msg/share/pad_msg/package.ps1'
[6.971s] INFO:colcon.colcon_core.shell:Creating package descriptor '/home/tatenami/ros2/ws/pad/src/pad_msg/install/pad_msg/share/pad_msg/package.dsv'
[6.972s] INFO:colcon.colcon_core.shell:Creating package script '/home/tatenami/ros2/ws/pad/src/pad_msg/install/pad_msg/share/pad_msg/package.sh'
[6.973s] INFO:colcon.colcon_core.shell:Creating package script '/home/tatenami/ros2/ws/pad/src/pad_msg/install/pad_msg/share/pad_msg/package.bash'
[6.973s] INFO:colcon.colcon_core.shell:Creating package script '/home/tatenami/ros2/ws/pad/src/pad_msg/install/pad_msg/share/pad_msg/package.zsh'
[6.974s] Level 1:colcon.colcon_core.environment:create_file_with_runtime_dependencies(/home/tatenami/ros2/ws/pad/src/pad_msg/install/pad_msg/share/colcon-core/packages/pad_msg)
[6.975s] Level 1:colcon.colcon_core.environment:create_environment_scripts_only(pad_msg)
[6.975s] Level 1:colcon.colcon_core.environment:checking '/home/tatenami/ros2/ws/pad/src/pad_msg/install/pad_msg' for CMake module files
[6.975s] Level 1:colcon.colcon_core.environment:checking '/home/tatenami/ros2/ws/pad/src/pad_msg/install/pad_msg' for CMake config files
[6.976s] Level 1:colcon.colcon_core.shell:create_environment_hook('pad_msg', 'cmake_prefix_path')
[6.976s] INFO:colcon.colcon_core.shell:Creating environment hook '/home/tatenami/ros2/ws/pad/src/pad_msg/install/pad_msg/share/pad_msg/hook/cmake_prefix_path.ps1'
[6.976s] INFO:colcon.colcon_core.shell:Creating environment descriptor '/home/tatenami/ros2/ws/pad/src/pad_msg/install/pad_msg/share/pad_msg/hook/cmake_prefix_path.dsv'
[6.977s] INFO:colcon.colcon_core.shell:Creating environment hook '/home/tatenami/ros2/ws/pad/src/pad_msg/install/pad_msg/share/pad_msg/hook/cmake_prefix_path.sh'
[6.977s] Level 1:colcon.colcon_core.environment:checking '/home/tatenami/ros2/ws/pad/src/pad_msg/install/pad_msg/lib'
[6.977s] Level 1:colcon.colcon_core.shell:create_environment_hook('pad_msg', 'ld_library_path_lib')
[6.977s] INFO:colcon.colcon_core.shell:Creating environment hook '/home/tatenami/ros2/ws/pad/src/pad_msg/install/pad_msg/share/pad_msg/hook/ld_library_path_lib.ps1'
[6.978s] INFO:colcon.colcon_core.shell:Creating environment descriptor '/home/tatenami/ros2/ws/pad/src/pad_msg/install/pad_msg/share/pad_msg/hook/ld_library_path_lib.dsv'
[6.978s] INFO:colcon.colcon_core.shell:Creating environment hook '/home/tatenami/ros2/ws/pad/src/pad_msg/install/pad_msg/share/pad_msg/hook/ld_library_path_lib.sh'
[6.979s] Level 1:colcon.colcon_core.environment:checking '/home/tatenami/ros2/ws/pad/src/pad_msg/install/pad_msg/bin'
[6.979s] Level 1:colcon.colcon_core.environment:checking '/home/tatenami/ros2/ws/pad/src/pad_msg/install/pad_msg/lib/pkgconfig/pad_msg.pc'
[6.979s] Level 1:colcon.colcon_core.environment:checking '/home/tatenami/ros2/ws/pad/src/pad_msg/install/pad_msg/lib/python3.12/site-packages'
[6.979s] Level 1:colcon.colcon_core.shell:create_environment_hook('pad_msg', 'pythonpath')
[6.979s] INFO:colcon.colcon_core.shell:Creating environment hook '/home/tatenami/ros2/ws/pad/src/pad_msg/install/pad_msg/share/pad_msg/hook/pythonpath.ps1'
[6.980s] INFO:colcon.colcon_core.shell:Creating environment descriptor '/home/tatenami/ros2/ws/pad/src/pad_msg/install/pad_msg/share/pad_msg/hook/pythonpath.dsv'
[6.980s] INFO:colcon.colcon_core.shell:Creating environment hook '/home/tatenami/ros2/ws/pad/src/pad_msg/install/pad_msg/share/pad_msg/hook/pythonpath.sh'
[6.981s] Level 1:colcon.colcon_core.environment:checking '/home/tatenami/ros2/ws/pad/src/pad_msg/install/pad_msg/bin'
[6.981s] INFO:colcon.colcon_core.shell:Creating package script '/home/tatenami/ros2/ws/pad/src/pad_msg/install/pad_msg/share/pad_msg/package.ps1'
[6.982s] INFO:colcon.colcon_core.shell:Creating package descriptor '/home/tatenami/ros2/ws/pad/src/pad_msg/install/pad_msg/share/pad_msg/package.dsv'
[6.982s] INFO:colcon.colcon_core.shell:Creating package script '/home/tatenami/ros2/ws/pad/src/pad_msg/install/pad_msg/share/pad_msg/package.sh'
[6.983s] INFO:colcon.colcon_core.shell:Creating package script '/home/tatenami/ros2/ws/pad/src/pad_msg/install/pad_msg/share/pad_msg/package.bash'
[6.983s] INFO:colcon.colcon_core.shell:Creating package script '/home/tatenami/ros2/ws/pad/src/pad_msg/install/pad_msg/share/pad_msg/package.zsh'
[6.984s] Level 1:colcon.colcon_core.environment:create_file_with_runtime_dependencies(/home/tatenami/ros2/ws/pad/src/pad_msg/install/pad_msg/share/colcon-core/packages/pad_msg)
[6.984s] DEBUG:colcon.colcon_parallel_executor.executor.parallel:closing loop
[6.984s] DEBUG:colcon.colcon_parallel_executor.executor.parallel:loop closed
[6.984s] DEBUG:colcon.colcon_parallel_executor.executor.parallel:run_until_complete finished with '0'
[6.984s] DEBUG:colcon.colcon_core.event_reactor:joining thread
[6.991s] INFO:colcon.colcon_core.plugin_system:Skipping extension 'colcon_notification.desktop_notification.terminal_notifier': Not used on non-Darwin systems
[6.991s] INFO:colcon.colcon_core.plugin_system:Skipping extension 'colcon_notification.desktop_notification.win32': Not used on non-Windows systems
[6.991s] INFO:colcon.colcon_notification.desktop_notification:Sending desktop notification using 'notify2'
[7.017s] DEBUG:colcon.colcon_core.event_reactor:joined thread
[7.018s] INFO:colcon.colcon_core.shell:Creating prefix script '/home/tatenami/ros2/ws/pad/src/pad_msg/install/local_setup.ps1'
[7.019s] INFO:colcon.colcon_core.shell:Creating prefix util module '/home/tatenami/ros2/ws/pad/src/pad_msg/install/_local_setup_util_ps1.py'
[7.020s] INFO:colcon.colcon_core.shell:Creating prefix chain script '/home/tatenami/ros2/ws/pad/src/pad_msg/install/setup.ps1'
[7.021s] INFO:colcon.colcon_core.shell:Creating prefix script '/home/tatenami/ros2/ws/pad/src/pad_msg/install/local_setup.sh'
[7.022s] INFO:colcon.colcon_core.shell:Creating prefix util module '/home/tatenami/ros2/ws/pad/src/pad_msg/install/_local_setup_util_sh.py'
[7.023s] INFO:colcon.colcon_core.shell:Creating prefix chain script '/home/tatenami/ros2/ws/pad/src/pad_msg/install/setup.sh'
[7.024s] INFO:colcon.colcon_core.shell:Creating prefix script '/home/tatenami/ros2/ws/pad/src/pad_msg/install/local_setup.bash'
[7.025s] INFO:colcon.colcon_core.shell:Creating prefix chain script '/home/tatenami/ros2/ws/pad/src/pad_msg/install/setup.bash'
[7.027s] INFO:colcon.colcon_core.shell:Creating prefix script '/home/tatenami/ros2/ws/pad/src/pad_msg/install/local_setup.zsh'
[7.028s] INFO:colcon.colcon_core.shell:Creating prefix chain script '/home/tatenami/ros2/ws/pad/src/pad_msg/install/setup.zsh'
