[0.013s] Invoking command in '/home/tatenami/ros2/ws/pad/build/gamepad': CMAKE_PREFIX_PATH=/home/tatenami/ros2/ws/pad/install/pad_msg:/home/tatenami/ros2/ws/pad/install/test_launch:/home/tatenami/ros2/ws/pad/install/gamepad:/opt/ros/jazzy/opt/gz_math_vendor:/opt/ros/jazzy/opt/gz_utils_vendor:/opt/ros/jazzy/opt/gz_cmake_vendor:/opt/ros/jazzy DEBUGINFOD_URLS=https://debuginfod.ubuntu.com /opt/st/stm32cubeclt_1.16.0/CMake/bin/cmake --build /home/tatenami/ros2/ws/pad/build/gamepad -- -j4 -l4
[0.045s] [ 33%] Built target subscriber2
[0.048s] [100%] Built target publisher
[0.048s] [100%] Built target subscriber
[0.052s] Invoked command in '/home/tatenami/ros2/ws/pad/build/gamepad' returned '0': CMAKE_PREFIX_PATH=/home/tatenami/ros2/ws/pad/install/pad_msg:/home/tatenami/ros2/ws/pad/install/test_launch:/home/tatenami/ros2/ws/pad/install/gamepad:/opt/ros/jazzy/opt/gz_math_vendor:/opt/ros/jazzy/opt/gz_utils_vendor:/opt/ros/jazzy/opt/gz_cmake_vendor:/opt/ros/jazzy DEBUGINFOD_URLS=https://debuginfod.ubuntu.com /opt/st/stm32cubeclt_1.16.0/CMake/bin/cmake --build /home/tatenami/ros2/ws/pad/build/gamepad -- -j4 -l4
[0.053s] Invoking command in '/home/tatenami/ros2/ws/pad/build/gamepad': CMAKE_PREFIX_PATH=/home/tatenami/ros2/ws/pad/install/pad_msg:/home/tatenami/ros2/ws/pad/install/test_launch:/home/tatenami/ros2/ws/pad/install/gamepad:/opt/ros/jazzy/opt/gz_math_vendor:/opt/ros/jazzy/opt/gz_utils_vendor:/opt/ros/jazzy/opt/gz_cmake_vendor:/opt/ros/jazzy DEBUGINFOD_URLS=https://debuginfod.ubuntu.com /opt/st/stm32cubeclt_1.16.0/CMake/bin/cmake --install /home/tatenami/ros2/ws/pad/build/gamepad
[0.055s] -- Install configuration: ""
[0.057s] -- Up-to-date: /home/tatenami/ros2/ws/pad/install/gamepad/share/ament_index/resource_index/package_run_dependencies/gamepad
[0.057s] -- Up-to-date: /home/tatenami/ros2/ws/pad/install/gamepad/share/ament_index/resource_index/parent_prefix_path/gamepad
[0.057s] -- Up-to-date: /home/tatenami/ros2/ws/pad/install/gamepad/share/gamepad/environment/ament_prefix_path.sh
[0.057s] -- Up-to-date: /home/tatenami/ros2/ws/pad/install/gamepad/share/gamepad/environment/ament_prefix_path.dsv
[0.057s] -- Up-to-date: /home/tatenami/ros2/ws/pad/install/gamepad/share/gamepad/environment/path.sh
[0.057s] -- Up-to-date: /home/tatenami/ros2/ws/pad/install/gamepad/share/gamepad/environment/path.dsv
[0.059s] -- Up-to-date: /home/tatenami/ros2/ws/pad/install/gamepad/share/gamepad/local_setup.bash
[0.059s] -- Up-to-date: /home/tatenami/ros2/ws/pad/install/gamepad/share/gamepad/local_setup.sh
[0.059s] -- Up-to-date: /home/tatenami/ros2/ws/pad/install/gamepad/share/gamepad/local_setup.zsh
[0.059s] -- Up-to-date: /home/tatenami/ros2/ws/pad/install/gamepad/share/gamepad/local_setup.dsv
[0.059s] -- Installing: /home/tatenami/ros2/ws/pad/install/gamepad/share/gamepad/package.dsv
[0.059s] -- Up-to-date: /home/tatenami/ros2/ws/pad/install/gamepad/share/ament_index/resource_index/packages/gamepad
[0.060s] -- Up-to-date: /home/tatenami/ros2/ws/pad/install/gamepad/share/gamepad/cmake/gamepadConfig.cmake
[0.060s] -- Up-to-date: /home/tatenami/ros2/ws/pad/install/gamepad/share/gamepad/cmake/gamepadConfig-version.cmake
[0.060s] -- Up-to-date: /home/tatenami/ros2/ws/pad/install/gamepad/share/gamepad/package.xml
[0.060s] -- Up-to-date: /home/tatenami/ros2/ws/pad/install/gamepad/lib/gamepad/publisher
[0.060s] -- Up-to-date: /home/tatenami/ros2/ws/pad/install/gamepad/lib/gamepad/subscriber
[0.060s] Invoked command in '/home/tatenami/ros2/ws/pad/build/gamepad' returned '0': CMAKE_PREFIX_PATH=/home/tatenami/ros2/ws/pad/install/pad_msg:/home/tatenami/ros2/ws/pad/install/test_launch:/home/tatenami/ros2/ws/pad/install/gamepad:/opt/ros/jazzy/opt/gz_math_vendor:/opt/ros/jazzy/opt/gz_utils_vendor:/opt/ros/jazzy/opt/gz_cmake_vendor:/opt/ros/jazzy DEBUGINFOD_URLS=https://debuginfod.ubuntu.com /opt/st/stm32cubeclt_1.16.0/CMake/bin/cmake --install /home/tatenami/ros2/ws/pad/build/gamepad
