[0.011s] Invoking command in '/home/tatenami/ros2/ws/pad/build/gamepad': AMENT_PREFIX_PATH=/home/tatenami/ros2/ws/pad/install/pad_msg:${AMENT_PREFIX_PATH} CMAKE_PREFIX_PATH=/home/tatenami/ros2/ws/pad/install/pad_msg:/opt/ros/jazzy/opt/gz_math_vendor:/opt/ros/jazzy/opt/gz_utils_vendor:/opt/ros/jazzy/opt/gz_cmake_vendor:/opt/ros/jazzy DEBUGINFOD_URLS=https://debuginfod.ubuntu.com LD_LIBRARY_PATH=/home/tatenami/ros2/ws/pad/install/pad_msg/lib:${LD_LIBRARY_PATH} PYTHONPATH=/home/tatenami/ros2/ws/pad/install/pad_msg/lib/python3.12/site-packages:${PYTHONPATH} /opt/st/stm32cubeclt_1.16.0/CMake/bin/cmake --build /home/tatenami/ros2/ws/pad/build/gamepad -- -j4 -l4
[0.029s] -- Found ament_cmake: 2.5.2 (/opt/ros/jazzy/share/ament_cmake/cmake)
[0.285s] -- Found ament_lint_auto: 0.17.1 (/opt/ros/jazzy/share/ament_lint_auto/cmake)
[0.392s] -- Added test 'cppcheck' to perform static code analysis on C / C++ code
[0.392s] -- Configured cppcheck include dirs: 
[0.392s] -- Configured cppcheck exclude dirs and/or files: 
[0.392s] -- Added test 'lint_cmake' to check CMake code style
[0.392s] -- Added test 'uncrustify' to check C / C++ code style
[0.392s] -- Configured uncrustify additional arguments: 
[0.393s] -- Added test 'xmllint' to check XML markup files
[0.394s] -- Found rclcpp: 28.1.5 (/opt/ros/jazzy/share/rclcpp/cmake)
[0.427s] -- Found rosidl_generator_c: 4.6.4 (/opt/ros/jazzy/share/rosidl_generator_c/cmake)
[0.439s] -- Found rosidl_generator_cpp: 4.6.4 (/opt/ros/jazzy/share/rosidl_generator_cpp/cmake)
[0.453s] -- Using all available rosidl_typesupport_c: rosidl_typesupport_fastrtps_c;rosidl_typesupport_introspection_c
[0.471s] -- Using all available rosidl_typesupport_cpp: rosidl_typesupport_fastrtps_cpp;rosidl_typesupport_introspection_cpp
[0.551s] -- Found rmw_implementation_cmake: 7.3.1 (/opt/ros/jazzy/share/rmw_implementation_cmake/cmake)
[0.552s] -- Found rmw_fastrtps_cpp: 8.4.1 (/opt/ros/jazzy/share/rmw_fastrtps_cpp/cmake)
[0.626s] -- Using RMW implementation 'rmw_fastrtps_cpp' as default
[0.719s] -- Found pad_msg: 0.0.0 (/home/tatenami/ros2/ws/pad/install/pad_msg/share/pad_msg/cmake)
[0.734s] -- Configuring done (0.7s)
[0.751s] -- Generating done (0.0s)
[0.757s] -- Build files have been written to: /home/tatenami/ros2/ws/pad/build/gamepad
[0.784s] [ 50%] Built target subscriber
[0.786s] [ 75%] [32m[1mLinking CXX executable publisher[0m
[0.978s] /usr/bin/ld: CMakeFiles/publisher.dir/src/padpub.cpp.o: in function `pad::ros::RosPad<pad::ps5::PS5Handler>::copyRawData(std::vector<bool, std::allocator<bool> >&, std::vector<float, std::allocator<float> >&)':
[0.979s] padpub.cpp:(.text._ZN3pad3ros6RosPadINS_3ps510PS5HandlerEE11copyRawDataERSt6vectorIbSaIbEERS5_IfSaIfEE[_ZN3pad3ros6RosPadINS_3ps510PS5HandlerEE11copyRawDataERSt6vectorIbSaIbEERS5_IfSaIfEE]+0x3b): undefined reference to `pad::InputData<bool>::getVector()'
[0.979s] /usr/bin/ld: padpub.cpp:(.text._ZN3pad3ros6RosPadINS_3ps510PS5HandlerEE11copyRawDataERSt6vectorIbSaIbEERS5_IfSaIfEE[_ZN3pad3ros6RosPadINS_3ps510PS5HandlerEE11copyRawDataERSt6vectorIbSaIbEERS5_IfSaIfEE]+0x74): undefined reference to `pad::InputData<float>::getVector()'
[0.996s] collect2: error: ld returned 1 exit status
[0.997s] gmake[2]: *** [CMakeFiles/publisher.dir/build.make:171: publisher] エラー 1
[0.997s] gmake[1]: *** [CMakeFiles/Makefile2:139: CMakeFiles/publisher.dir/all] エラー 2
[0.997s] gmake: *** [Makefile:146: all] エラー 2
[0.999s] Invoked command in '/home/tatenami/ros2/ws/pad/build/gamepad' returned '2': AMENT_PREFIX_PATH=/home/tatenami/ros2/ws/pad/install/pad_msg:${AMENT_PREFIX_PATH} CMAKE_PREFIX_PATH=/home/tatenami/ros2/ws/pad/install/pad_msg:/opt/ros/jazzy/opt/gz_math_vendor:/opt/ros/jazzy/opt/gz_utils_vendor:/opt/ros/jazzy/opt/gz_cmake_vendor:/opt/ros/jazzy DEBUGINFOD_URLS=https://debuginfod.ubuntu.com LD_LIBRARY_PATH=/home/tatenami/ros2/ws/pad/install/pad_msg/lib:${LD_LIBRARY_PATH} PYTHONPATH=/home/tatenami/ros2/ws/pad/install/pad_msg/lib/python3.12/site-packages:${PYTHONPATH} /opt/st/stm32cubeclt_1.16.0/CMake/bin/cmake --build /home/tatenami/ros2/ws/pad/build/gamepad -- -j4 -l4
