[0.179s] DEBUG:colcon:Command line arguments: ['/usr/bin/colcon', 'list', '-p', '--base-paths', '/home/tatenami/ros2/ws/rospad']
[0.179s] DEBUG:colcon:Parsed command line arguments: Namespace(log_base=None, log_level=None, verb_name='list', build_base='build', ignore_user_meta=False, metas=['./colcon.meta'], base_paths=['/home/tatenami/ros2/ws/rospad'], packages_ignore=None, packages_ignore_regex=None, paths=None, packages_up_to=None, packages_up_to_regex=None, packages_above=None, packages_above_and_dependencies=None, packages_above_depth=None, packages_select_by_dep=None, packages_skip_by_dep=None, packages_skip_up_to=None, packages_select_build_failed=False, packages_skip_build_finished=False, packages_select_test_failures=False, packages_skip_test_passed=False, packages_select=None, packages_skip=None, packages_select_regex=None, packages_skip_regex=None, packages_start=None, packages_end=None, allow_overriding=[], topological_order=False, names_only=False, paths_only=True, topological_graph=False, topological_graph_dot=False, topological_graph_density=False, topological_graph_legend=False, topological_graph_dot_cluster=False, topological_graph_dot_include_skipped=False, mixin_files=None, mixin=None, verb_parser=<colcon_mixin.mixin.mixin_argument.MixinArgumentDecorator object at 0x7c36a7577fb0>, verb_extension=<colcon_package_information.verb.list.ListVerb object at 0x7c36a7576180>, main=<bound method ListVerb.main of <colcon_package_information.verb.list.ListVerb object at 0x7c36a7576180>>, mixin_verb=('list',))
[0.237s] Level 1:colcon.colcon_core.package_discovery:discover_packages(colcon_meta) check parameters
[0.237s] Level 1:colcon.colcon_core.package_discovery:discover_packages(recursive) check parameters
[0.237s] Level 1:colcon.colcon_core.package_discovery:discover_packages(ignore) check parameters
[0.237s] Level 1:colcon.colcon_core.package_discovery:discover_packages(path) check parameters
[0.237s] Level 1:colcon.colcon_core.package_discovery:discover_packages(recursive) discover
[0.237s] INFO:colcon.colcon_core.package_discovery:Crawling recursively for packages in '/home/tatenami/ros2/ws/rospad'
[0.237s] Level 1:colcon.colcon_core.package_identification:_identify(/home/tatenami/ros2/ws/rospad) by extensions ['ignore', 'ignore_ament_install']
[0.238s] Level 1:colcon.colcon_core.package_identification:_identify(/home/tatenami/ros2/ws/rospad) by extension 'ignore'
[0.238s] Level 1:colcon.colcon_core.package_identification:_identify(/home/tatenami/ros2/ws/rospad) by extension 'ignore_ament_install'
[0.238s] Level 1:colcon.colcon_core.package_identification:_identify(/home/tatenami/ros2/ws/rospad) by extensions ['colcon_pkg']
[0.238s] Level 1:colcon.colcon_core.package_identification:_identify(/home/tatenami/ros2/ws/rospad) by extension 'colcon_pkg'
[0.238s] Level 1:colcon.colcon_core.package_identification:_identify(/home/tatenami/ros2/ws/rospad) by extensions ['colcon_meta']
[0.238s] Level 1:colcon.colcon_core.package_identification:_identify(/home/tatenami/ros2/ws/rospad) by extension 'colcon_meta'
[0.238s] Level 1:colcon.colcon_core.package_identification:_identify(/home/tatenami/ros2/ws/rospad) by extensions ['ros']
[0.238s] Level 1:colcon.colcon_core.package_identification:_identify(/home/tatenami/ros2/ws/rospad) by extension 'ros'
[0.275s] Level 1:colcon.colcon_core.package_identification:_identify(/home/tatenami/ros2/ws/rospad) by extensions ['cmake', 'python']
[0.275s] Level 1:colcon.colcon_core.package_identification:_identify(/home/tatenami/ros2/ws/rospad) by extension 'cmake'
[0.275s] Level 1:colcon.colcon_core.package_identification:_identify(/home/tatenami/ros2/ws/rospad) by extension 'python'
[0.275s] Level 1:colcon.colcon_core.package_identification:_identify(/home/tatenami/ros2/ws/rospad) by extensions ['python_setup_py']
[0.275s] Level 1:colcon.colcon_core.package_identification:_identify(/home/tatenami/ros2/ws/rospad) by extension 'python_setup_py'
[0.275s] Level 1:colcon.colcon_core.package_identification:_identify(/home/tatenami/ros2/ws/rospad/build) by extensions ['ignore', 'ignore_ament_install']
[0.275s] Level 1:colcon.colcon_core.package_identification:_identify(/home/tatenami/ros2/ws/rospad/build) by extension 'ignore'
[0.275s] Level 1:colcon.colcon_core.package_identification:_identify(/home/tatenami/ros2/ws/rospad/build) ignored
[0.276s] Level 1:colcon.colcon_core.package_identification:_identify(/home/tatenami/ros2/ws/rospad/install) by extensions ['ignore', 'ignore_ament_install']
[0.276s] Level 1:colcon.colcon_core.package_identification:_identify(/home/tatenami/ros2/ws/rospad/install) by extension 'ignore'
[0.276s] Level 1:colcon.colcon_core.package_identification:_identify(/home/tatenami/ros2/ws/rospad/install) ignored
[0.276s] Level 1:colcon.colcon_core.package_identification:_identify(/home/tatenami/ros2/ws/rospad/log) by extensions ['ignore', 'ignore_ament_install']
[0.276s] Level 1:colcon.colcon_core.package_identification:_identify(/home/tatenami/ros2/ws/rospad/log) by extension 'ignore'
[0.276s] Level 1:colcon.colcon_core.package_identification:_identify(/home/tatenami/ros2/ws/rospad/log) ignored
[0.276s] Level 1:colcon.colcon_core.package_identification:_identify(/home/tatenami/ros2/ws/rospad/src) by extensions ['ignore', 'ignore_ament_install']
[0.276s] Level 1:colcon.colcon_core.package_identification:_identify(/home/tatenami/ros2/ws/rospad/src) by extension 'ignore'
[0.277s] Level 1:colcon.colcon_core.package_identification:_identify(/home/tatenami/ros2/ws/rospad/src) by extension 'ignore_ament_install'
[0.277s] Level 1:colcon.colcon_core.package_identification:_identify(/home/tatenami/ros2/ws/rospad/src) by extensions ['colcon_pkg']
[0.277s] Level 1:colcon.colcon_core.package_identification:_identify(/home/tatenami/ros2/ws/rospad/src) by extension 'colcon_pkg'
[0.277s] Level 1:colcon.colcon_core.package_identification:_identify(/home/tatenami/ros2/ws/rospad/src) by extensions ['colcon_meta']
[0.277s] Level 1:colcon.colcon_core.package_identification:_identify(/home/tatenami/ros2/ws/rospad/src) by extension 'colcon_meta'
[0.277s] Level 1:colcon.colcon_core.package_identification:_identify(/home/tatenami/ros2/ws/rospad/src) by extensions ['ros']
[0.277s] Level 1:colcon.colcon_core.package_identification:_identify(/home/tatenami/ros2/ws/rospad/src) by extension 'ros'
[0.277s] Level 1:colcon.colcon_core.package_identification:_identify(/home/tatenami/ros2/ws/rospad/src) by extensions ['cmake', 'python']
[0.277s] Level 1:colcon.colcon_core.package_identification:_identify(/home/tatenami/ros2/ws/rospad/src) by extension 'cmake'
[0.277s] Level 1:colcon.colcon_core.package_identification:_identify(/home/tatenami/ros2/ws/rospad/src) by extension 'python'
[0.277s] Level 1:colcon.colcon_core.package_identification:_identify(/home/tatenami/ros2/ws/rospad/src) by extensions ['python_setup_py']
[0.277s] Level 1:colcon.colcon_core.package_identification:_identify(/home/tatenami/ros2/ws/rospad/src) by extension 'python_setup_py'
[0.277s] Level 1:colcon.colcon_core.package_identification:_identify(/home/tatenami/ros2/ws/rospad/src/build) by extensions ['ignore', 'ignore_ament_install']
[0.278s] Level 1:colcon.colcon_core.package_identification:_identify(/home/tatenami/ros2/ws/rospad/src/build) by extension 'ignore'
[0.278s] Level 1:colcon.colcon_core.package_identification:_identify(/home/tatenami/ros2/ws/rospad/src/build) ignored
[0.278s] Level 1:colcon.colcon_core.package_identification:_identify(/home/tatenami/ros2/ws/rospad/src/gamepad) by extensions ['ignore', 'ignore_ament_install']
[0.278s] Level 1:colcon.colcon_core.package_identification:_identify(/home/tatenami/ros2/ws/rospad/src/gamepad) by extension 'ignore'
[0.278s] Level 1:colcon.colcon_core.package_identification:_identify(/home/tatenami/ros2/ws/rospad/src/gamepad) by extension 'ignore_ament_install'
[0.278s] Level 1:colcon.colcon_core.package_identification:_identify(/home/tatenami/ros2/ws/rospad/src/gamepad) by extensions ['colcon_pkg']
[0.278s] Level 1:colcon.colcon_core.package_identification:_identify(/home/tatenami/ros2/ws/rospad/src/gamepad) by extension 'colcon_pkg'
[0.278s] Level 1:colcon.colcon_core.package_identification:_identify(/home/tatenami/ros2/ws/rospad/src/gamepad) by extensions ['colcon_meta']
[0.278s] Level 1:colcon.colcon_core.package_identification:_identify(/home/tatenami/ros2/ws/rospad/src/gamepad) by extension 'colcon_meta'
[0.278s] Level 1:colcon.colcon_core.package_identification:_identify(/home/tatenami/ros2/ws/rospad/src/gamepad) by extensions ['ros']
[0.278s] Level 1:colcon.colcon_core.package_identification:_identify(/home/tatenami/ros2/ws/rospad/src/gamepad) by extension 'ros'
[0.282s] DEBUG:colcon.colcon_core.package_identification:Package '/home/tatenami/ros2/ws/rospad/src/gamepad' with type 'ros.ament_cmake' and name 'gamepad'
[0.282s] Level 1:colcon.colcon_core.package_identification:_identify(/home/tatenami/ros2/ws/rospad/src/install) by extensions ['ignore', 'ignore_ament_install']
[0.282s] Level 1:colcon.colcon_core.package_identification:_identify(/home/tatenami/ros2/ws/rospad/src/install) by extension 'ignore'
[0.282s] Level 1:colcon.colcon_core.package_identification:_identify(/home/tatenami/ros2/ws/rospad/src/install) ignored
[0.282s] Level 1:colcon.colcon_core.package_identification:_identify(/home/tatenami/ros2/ws/rospad/src/log) by extensions ['ignore', 'ignore_ament_install']
[0.282s] Level 1:colcon.colcon_core.package_identification:_identify(/home/tatenami/ros2/ws/rospad/src/log) by extension 'ignore'
[0.282s] Level 1:colcon.colcon_core.package_identification:_identify(/home/tatenami/ros2/ws/rospad/src/log) ignored
[0.283s] Level 1:colcon.colcon_core.package_identification:_identify(/home/tatenami/ros2/ws/rospad/src/pad_msg) by extensions ['ignore', 'ignore_ament_install']
[0.283s] Level 1:colcon.colcon_core.package_identification:_identify(/home/tatenami/ros2/ws/rospad/src/pad_msg) by extension 'ignore'
[0.283s] Level 1:colcon.colcon_core.package_identification:_identify(/home/tatenami/ros2/ws/rospad/src/pad_msg) by extension 'ignore_ament_install'
[0.283s] Level 1:colcon.colcon_core.package_identification:_identify(/home/tatenami/ros2/ws/rospad/src/pad_msg) by extensions ['colcon_pkg']
[0.283s] Level 1:colcon.colcon_core.package_identification:_identify(/home/tatenami/ros2/ws/rospad/src/pad_msg) by extension 'colcon_pkg'
[0.283s] Level 1:colcon.colcon_core.package_identification:_identify(/home/tatenami/ros2/ws/rospad/src/pad_msg) by extensions ['colcon_meta']
[0.283s] Level 1:colcon.colcon_core.package_identification:_identify(/home/tatenami/ros2/ws/rospad/src/pad_msg) by extension 'colcon_meta'
[0.283s] Level 1:colcon.colcon_core.package_identification:_identify(/home/tatenami/ros2/ws/rospad/src/pad_msg) by extensions ['ros']
[0.283s] Level 1:colcon.colcon_core.package_identification:_identify(/home/tatenami/ros2/ws/rospad/src/pad_msg) by extension 'ros'
[0.284s] DEBUG:colcon.colcon_core.package_identification:Package '/home/tatenami/ros2/ws/rospad/src/pad_msg' with type 'ros.ament_cmake' and name 'pad_msg'
[0.284s] Level 1:colcon.colcon_core.package_identification:_identify(/home/tatenami/ros2/ws/rospad/src/test_launch) by extensions ['ignore', 'ignore_ament_install']
[0.284s] Level 1:colcon.colcon_core.package_identification:_identify(/home/tatenami/ros2/ws/rospad/src/test_launch) by extension 'ignore'
[0.284s] Level 1:colcon.colcon_core.package_identification:_identify(/home/tatenami/ros2/ws/rospad/src/test_launch) by extension 'ignore_ament_install'
[0.284s] Level 1:colcon.colcon_core.package_identification:_identify(/home/tatenami/ros2/ws/rospad/src/test_launch) by extensions ['colcon_pkg']
[0.284s] Level 1:colcon.colcon_core.package_identification:_identify(/home/tatenami/ros2/ws/rospad/src/test_launch) by extension 'colcon_pkg'
[0.284s] Level 1:colcon.colcon_core.package_identification:_identify(/home/tatenami/ros2/ws/rospad/src/test_launch) by extensions ['colcon_meta']
[0.284s] Level 1:colcon.colcon_core.package_identification:_identify(/home/tatenami/ros2/ws/rospad/src/test_launch) by extension 'colcon_meta'
[0.284s] Level 1:colcon.colcon_core.package_identification:_identify(/home/tatenami/ros2/ws/rospad/src/test_launch) by extensions ['ros']
[0.285s] Level 1:colcon.colcon_core.package_identification:_identify(/home/tatenami/ros2/ws/rospad/src/test_launch) by extension 'ros'
[0.285s] DEBUG:colcon.colcon_core.package_identification:Package '/home/tatenami/ros2/ws/rospad/src/test_launch' with type 'ros.ament_cmake' and name 'test_launch'
[0.285s] Level 1:colcon.colcon_core.package_discovery:discover_packages(recursive) using defaults
