[0.012s] Invoking command in '/home/tatenami/ros2/ws/pad/build/gamepad': AMENT_PREFIX_PATH=/home/tatenami/ros2/ws/pad/install/pad_msg:${AMENT_PREFIX_PATH} CMAKE_PREFIX_PATH=/home/tatenami/ros2/ws/pad/install/pad_msg:/opt/ros/jazzy/opt/gz_math_vendor:/opt/ros/jazzy/opt/gz_utils_vendor:/opt/ros/jazzy/opt/gz_cmake_vendor:/opt/ros/jazzy DEBUGINFOD_URLS=https://debuginfod.ubuntu.com LD_LIBRARY_PATH=/home/tatenami/ros2/ws/pad/install/pad_msg/lib:${LD_LIBRARY_PATH} PYTHONPATH=/home/tatenami/ros2/ws/pad/install/pad_msg/lib/python3.12/site-packages:${PYTHONPATH} /opt/st/stm32cubeclt_1.16.0/CMake/bin/cmake --build /home/tatenami/ros2/ws/pad/build/gamepad -- -j4 -l4
[0.029s] -- Found ament_cmake: 2.5.2 (/opt/ros/jazzy/share/ament_cmake/cmake)
[0.272s] -- Found ament_lint_auto: 0.17.1 (/opt/ros/jazzy/share/ament_lint_auto/cmake)
[0.376s] -- Added test 'cppcheck' to perform static code analysis on C / C++ code
[0.376s] -- Configured cppcheck include dirs: 
[0.376s] -- Configured cppcheck exclude dirs and/or files: 
[0.377s] -- Added test 'lint_cmake' to check CMake code style
[0.378s] -- Added test 'uncrustify' to check C / C++ code style
[0.378s] -- Configured uncrustify additional arguments: 
[0.378s] -- Added test 'xmllint' to check XML markup files
[0.379s] -- Found rclcpp: 28.1.5 (/opt/ros/jazzy/share/rclcpp/cmake)
[0.413s] -- Found rosidl_generator_c: 4.6.4 (/opt/ros/jazzy/share/rosidl_generator_c/cmake)
[0.425s] -- Found rosidl_generator_cpp: 4.6.4 (/opt/ros/jazzy/share/rosidl_generator_cpp/cmake)
[0.439s] -- Using all available rosidl_typesupport_c: rosidl_typesupport_fastrtps_c;rosidl_typesupport_introspection_c
[0.456s] -- Using all available rosidl_typesupport_cpp: rosidl_typesupport_fastrtps_cpp;rosidl_typesupport_introspection_cpp
[0.549s] -- Found rmw_implementation_cmake: 7.3.1 (/opt/ros/jazzy/share/rmw_implementation_cmake/cmake)
[0.550s] -- Found rmw_fastrtps_cpp: 8.4.1 (/opt/ros/jazzy/share/rmw_fastrtps_cpp/cmake)
[0.629s] -- Using RMW implementation 'rmw_fastrtps_cpp' as default
[0.712s] -- Found pad_msg: 0.0.0 (/home/tatenami/ros2/ws/pad/install/pad_msg/share/pad_msg/cmake)
[0.727s] -- Configuring done (0.7s)
[0.746s] -- Generating done (0.0s)
[0.753s] -- Build files have been written to: /home/tatenami/ros2/ws/pad/build/gamepad
[0.775s] [ 16%] [32mBuilding CXX object CMakeFiles/subscriber2.dir/src/padsub2.cpp.o[0m
[0.782s] [ 50%] Built target subscriber
[0.790s] [ 83%] Built target publisher
[8.176s] [100%] [32m[1mLinking CXX executable subscriber2[0m
[8.439s] [100%] Built target subscriber2
[8.444s] Invoked command in '/home/tatenami/ros2/ws/pad/build/gamepad' returned '0': AMENT_PREFIX_PATH=/home/tatenami/ros2/ws/pad/install/pad_msg:${AMENT_PREFIX_PATH} CMAKE_PREFIX_PATH=/home/tatenami/ros2/ws/pad/install/pad_msg:/opt/ros/jazzy/opt/gz_math_vendor:/opt/ros/jazzy/opt/gz_utils_vendor:/opt/ros/jazzy/opt/gz_cmake_vendor:/opt/ros/jazzy DEBUGINFOD_URLS=https://debuginfod.ubuntu.com LD_LIBRARY_PATH=/home/tatenami/ros2/ws/pad/install/pad_msg/lib:${LD_LIBRARY_PATH} PYTHONPATH=/home/tatenami/ros2/ws/pad/install/pad_msg/lib/python3.12/site-packages:${PYTHONPATH} /opt/st/stm32cubeclt_1.16.0/CMake/bin/cmake --build /home/tatenami/ros2/ws/pad/build/gamepad -- -j4 -l4
[8.445s] Invoking command in '/home/tatenami/ros2/ws/pad/build/gamepad': AMENT_PREFIX_PATH=/home/tatenami/ros2/ws/pad/install/pad_msg:${AMENT_PREFIX_PATH} CMAKE_PREFIX_PATH=/home/tatenami/ros2/ws/pad/install/pad_msg:/opt/ros/jazzy/opt/gz_math_vendor:/opt/ros/jazzy/opt/gz_utils_vendor:/opt/ros/jazzy/opt/gz_cmake_vendor:/opt/ros/jazzy DEBUGINFOD_URLS=https://debuginfod.ubuntu.com LD_LIBRARY_PATH=/home/tatenami/ros2/ws/pad/install/pad_msg/lib:${LD_LIBRARY_PATH} PYTHONPATH=/home/tatenami/ros2/ws/pad/install/pad_msg/lib/python3.12/site-packages:${PYTHONPATH} /opt/st/stm32cubeclt_1.16.0/CMake/bin/cmake --install /home/tatenami/ros2/ws/pad/build/gamepad
[8.447s] -- Install configuration: ""
[8.447s] -- Up-to-date: /home/tatenami/ros2/ws/pad/install/gamepad/share/ament_index/resource_index/package_run_dependencies/gamepad
[8.448s] -- Installing: /home/tatenami/ros2/ws/pad/install/gamepad/share/ament_index/resource_index/parent_prefix_path/gamepad
[8.448s] -- Up-to-date: /home/tatenami/ros2/ws/pad/install/gamepad/share/gamepad/environment/ament_prefix_path.sh
[8.448s] -- Up-to-date: /home/tatenami/ros2/ws/pad/install/gamepad/share/gamepad/environment/ament_prefix_path.dsv
[8.448s] -- Up-to-date: /home/tatenami/ros2/ws/pad/install/gamepad/share/gamepad/environment/path.sh
[8.448s] -- Up-to-date: /home/tatenami/ros2/ws/pad/install/gamepad/share/gamepad/environment/path.dsv
[8.449s] -- Up-to-date: /home/tatenami/ros2/ws/pad/install/gamepad/share/gamepad/local_setup.bash
[8.449s] -- Up-to-date: /home/tatenami/ros2/ws/pad/install/gamepad/share/gamepad/local_setup.sh
[8.449s] -- Up-to-date: /home/tatenami/ros2/ws/pad/install/gamepad/share/gamepad/local_setup.zsh
[8.449s] -- Up-to-date: /home/tatenami/ros2/ws/pad/install/gamepad/share/gamepad/local_setup.dsv
[8.449s] -- Installing: /home/tatenami/ros2/ws/pad/install/gamepad/share/gamepad/package.dsv
[8.449s] -- Up-to-date: /home/tatenami/ros2/ws/pad/install/gamepad/share/ament_index/resource_index/packages/gamepad
[8.449s] -- Up-to-date: /home/tatenami/ros2/ws/pad/install/gamepad/share/gamepad/cmake/gamepadConfig.cmake
[8.450s] -- Up-to-date: /home/tatenami/ros2/ws/pad/install/gamepad/share/gamepad/cmake/gamepadConfig-version.cmake
[8.450s] -- Up-to-date: /home/tatenami/ros2/ws/pad/install/gamepad/share/gamepad/package.xml
[8.450s] -- Up-to-date: /home/tatenami/ros2/ws/pad/install/gamepad/lib/gamepad/publisher
[8.450s] -- Up-to-date: /home/tatenami/ros2/ws/pad/install/gamepad/lib/gamepad/subscriber
[8.451s] Invoked command in '/home/tatenami/ros2/ws/pad/build/gamepad' returned '0': AMENT_PREFIX_PATH=/home/tatenami/ros2/ws/pad/install/pad_msg:${AMENT_PREFIX_PATH} CMAKE_PREFIX_PATH=/home/tatenami/ros2/ws/pad/install/pad_msg:/opt/ros/jazzy/opt/gz_math_vendor:/opt/ros/jazzy/opt/gz_utils_vendor:/opt/ros/jazzy/opt/gz_cmake_vendor:/opt/ros/jazzy DEBUGINFOD_URLS=https://debuginfod.ubuntu.com LD_LIBRARY_PATH=/home/tatenami/ros2/ws/pad/install/pad_msg/lib:${LD_LIBRARY_PATH} PYTHONPATH=/home/tatenami/ros2/ws/pad/install/pad_msg/lib/python3.12/site-packages:${PYTHONPATH} /opt/st/stm32cubeclt_1.16.0/CMake/bin/cmake --install /home/tatenami/ros2/ws/pad/build/gamepad
