[0.132s] DEBUG:colcon:Command line arguments: ['/usr/bin/colcon', 'list', '-p', '--base-paths', '/home/tatenami/ros2/ws/pad']
[0.132s] DEBUG:colcon:Parsed command line arguments: Namespace(log_base=None, log_level=None, verb_name='list', build_base='build', ignore_user_meta=False, metas=['./colcon.meta'], base_paths=['/home/tatenami/ros2/ws/pad'], packages_ignore=None, packages_ignore_regex=None, paths=None, packages_up_to=None, packages_up_to_regex=None, packages_above=None, packages_above_and_dependencies=None, packages_above_depth=None, packages_select_by_dep=None, packages_skip_by_dep=None, packages_skip_up_to=None, packages_select_build_failed=False, packages_skip_build_finished=False, packages_select_test_failures=False, packages_skip_test_passed=False, packages_select=None, packages_skip=None, packages_select_regex=None, packages_skip_regex=None, packages_start=None, packages_end=None, allow_overriding=[], topological_order=False, names_only=False, paths_only=True, topological_graph=False, topological_graph_dot=False, topological_graph_density=False, topological_graph_legend=False, topological_graph_dot_cluster=False, topological_graph_dot_include_skipped=False, mixin_files=None, mixin=None, verb_parser=<colcon_mixin.mixin.mixin_argument.MixinArgumentDecorator object at 0x71b748e87ec0>, verb_extension=<colcon_package_information.verb.list.ListVerb object at 0x71b748e86db0>, main=<bound method ListVerb.main of <colcon_package_information.verb.list.ListVerb object at 0x71b748e86db0>>, mixin_verb=('list',))
[0.182s] Level 1:colcon.colcon_core.package_discovery:discover_packages(colcon_meta) check parameters
[0.182s] Level 1:colcon.colcon_core.package_discovery:discover_packages(recursive) check parameters
[0.182s] Level 1:colcon.colcon_core.package_discovery:discover_packages(ignore) check parameters
[0.182s] Level 1:colcon.colcon_core.package_discovery:discover_packages(path) check parameters
[0.182s] Level 1:colcon.colcon_core.package_discovery:discover_packages(recursive) discover
[0.182s] INFO:colcon.colcon_core.package_discovery:Crawling recursively for packages in '/home/tatenami/ros2/ws/pad'
[0.182s] Level 1:colcon.colcon_core.package_identification:_identify(/home/tatenami/ros2/ws/pad) by extensions ['ignore', 'ignore_ament_install']
[0.182s] Level 1:colcon.colcon_core.package_identification:_identify(/home/tatenami/ros2/ws/pad) by extension 'ignore'
[0.183s] Level 1:colcon.colcon_core.package_identification:_identify(/home/tatenami/ros2/ws/pad) by extension 'ignore_ament_install'
[0.183s] Level 1:colcon.colcon_core.package_identification:_identify(/home/tatenami/ros2/ws/pad) by extensions ['colcon_pkg']
[0.183s] Level 1:colcon.colcon_core.package_identification:_identify(/home/tatenami/ros2/ws/pad) by extension 'colcon_pkg'
[0.183s] Level 1:colcon.colcon_core.package_identification:_identify(/home/tatenami/ros2/ws/pad) by extensions ['colcon_meta']
[0.183s] Level 1:colcon.colcon_core.package_identification:_identify(/home/tatenami/ros2/ws/pad) by extension 'colcon_meta'
[0.183s] Level 1:colcon.colcon_core.package_identification:_identify(/home/tatenami/ros2/ws/pad) by extensions ['ros']
[0.183s] Level 1:colcon.colcon_core.package_identification:_identify(/home/tatenami/ros2/ws/pad) by extension 'ros'
[0.218s] Level 1:colcon.colcon_core.package_identification:_identify(/home/tatenami/ros2/ws/pad) by extensions ['cmake', 'python']
[0.218s] Level 1:colcon.colcon_core.package_identification:_identify(/home/tatenami/ros2/ws/pad) by extension 'cmake'
[0.218s] Level 1:colcon.colcon_core.package_identification:_identify(/home/tatenami/ros2/ws/pad) by extension 'python'
[0.218s] Level 1:colcon.colcon_core.package_identification:_identify(/home/tatenami/ros2/ws/pad) by extensions ['python_setup_py']
[0.218s] Level 1:colcon.colcon_core.package_identification:_identify(/home/tatenami/ros2/ws/pad) by extension 'python_setup_py'
[0.218s] Level 1:colcon.colcon_core.package_identification:_identify(/home/tatenami/ros2/ws/pad/build) by extensions ['ignore', 'ignore_ament_install']
[0.218s] Level 1:colcon.colcon_core.package_identification:_identify(/home/tatenami/ros2/ws/pad/build) by extension 'ignore'
[0.218s] Level 1:colcon.colcon_core.package_identification:_identify(/home/tatenami/ros2/ws/pad/build) ignored
[0.219s] Level 1:colcon.colcon_core.package_identification:_identify(/home/tatenami/ros2/ws/pad/install) by extensions ['ignore', 'ignore_ament_install']
[0.219s] Level 1:colcon.colcon_core.package_identification:_identify(/home/tatenami/ros2/ws/pad/install) by extension 'ignore'
[0.219s] Level 1:colcon.colcon_core.package_identification:_identify(/home/tatenami/ros2/ws/pad/install) ignored
[0.219s] Level 1:colcon.colcon_core.package_identification:_identify(/home/tatenami/ros2/ws/pad/log) by extensions ['ignore', 'ignore_ament_install']
[0.219s] Level 1:colcon.colcon_core.package_identification:_identify(/home/tatenami/ros2/ws/pad/log) by extension 'ignore'
[0.219s] Level 1:colcon.colcon_core.package_identification:_identify(/home/tatenami/ros2/ws/pad/log) ignored
[0.219s] Level 1:colcon.colcon_core.package_identification:_identify(/home/tatenami/ros2/ws/pad/src) by extensions ['ignore', 'ignore_ament_install']
[0.219s] Level 1:colcon.colcon_core.package_identification:_identify(/home/tatenami/ros2/ws/pad/src) by extension 'ignore'
[0.220s] Level 1:colcon.colcon_core.package_identification:_identify(/home/tatenami/ros2/ws/pad/src) by extension 'ignore_ament_install'
[0.220s] Level 1:colcon.colcon_core.package_identification:_identify(/home/tatenami/ros2/ws/pad/src) by extensions ['colcon_pkg']
[0.220s] Level 1:colcon.colcon_core.package_identification:_identify(/home/tatenami/ros2/ws/pad/src) by extension 'colcon_pkg'
[0.220s] Level 1:colcon.colcon_core.package_identification:_identify(/home/tatenami/ros2/ws/pad/src) by extensions ['colcon_meta']
[0.220s] Level 1:colcon.colcon_core.package_identification:_identify(/home/tatenami/ros2/ws/pad/src) by extension 'colcon_meta'
[0.220s] Level 1:colcon.colcon_core.package_identification:_identify(/home/tatenami/ros2/ws/pad/src) by extensions ['ros']
[0.220s] Level 1:colcon.colcon_core.package_identification:_identify(/home/tatenami/ros2/ws/pad/src) by extension 'ros'
[0.220s] Level 1:colcon.colcon_core.package_identification:_identify(/home/tatenami/ros2/ws/pad/src) by extensions ['cmake', 'python']
[0.220s] Level 1:colcon.colcon_core.package_identification:_identify(/home/tatenami/ros2/ws/pad/src) by extension 'cmake'
[0.220s] Level 1:colcon.colcon_core.package_identification:_identify(/home/tatenami/ros2/ws/pad/src) by extension 'python'
[0.220s] Level 1:colcon.colcon_core.package_identification:_identify(/home/tatenami/ros2/ws/pad/src) by extensions ['python_setup_py']
[0.220s] Level 1:colcon.colcon_core.package_identification:_identify(/home/tatenami/ros2/ws/pad/src) by extension 'python_setup_py'
[0.220s] Level 1:colcon.colcon_core.package_identification:_identify(/home/tatenami/ros2/ws/pad/src/pad_msg) by extensions ['ignore', 'ignore_ament_install']
[0.220s] Level 1:colcon.colcon_core.package_identification:_identify(/home/tatenami/ros2/ws/pad/src/pad_msg) by extension 'ignore'
[0.221s] Level 1:colcon.colcon_core.package_identification:_identify(/home/tatenami/ros2/ws/pad/src/pad_msg) by extension 'ignore_ament_install'
[0.221s] Level 1:colcon.colcon_core.package_identification:_identify(/home/tatenami/ros2/ws/pad/src/pad_msg) by extensions ['colcon_pkg']
[0.221s] Level 1:colcon.colcon_core.package_identification:_identify(/home/tatenami/ros2/ws/pad/src/pad_msg) by extension 'colcon_pkg'
[0.221s] Level 1:colcon.colcon_core.package_identification:_identify(/home/tatenami/ros2/ws/pad/src/pad_msg) by extensions ['colcon_meta']
[0.221s] Level 1:colcon.colcon_core.package_identification:_identify(/home/tatenami/ros2/ws/pad/src/pad_msg) by extension 'colcon_meta'
[0.221s] Level 1:colcon.colcon_core.package_identification:_identify(/home/tatenami/ros2/ws/pad/src/pad_msg) by extensions ['ros']
[0.221s] Level 1:colcon.colcon_core.package_identification:_identify(/home/tatenami/ros2/ws/pad/src/pad_msg) by extension 'ros'
[0.224s] DEBUG:colcon.colcon_core.package_identification:Package '/home/tatenami/ros2/ws/pad/src/pad_msg' with type 'ros.ament_cmake' and name 'pad_msg'
[0.224s] Level 1:colcon.colcon_core.package_discovery:discover_packages(recursive) using defaults
