[0.012s] Invoking command in '/home/tatenami/ros2/ws/pad/src/pad_msg/build/pad_msg': CMAKE_PREFIX_PATH=${CMAKE_PREFIX_PATH}:/opt/ros/jazzy DEBUGINFOD_URLS=https://debuginfod.ubuntu.com /opt/st/stm32cubeclt_1.16.0/CMake/bin/cmake /home/tatenami/ros2/ws/pad/src/pad_msg -DCMAKE_INSTALL_PREFIX=/home/tatenami/ros2/ws/pad/src/pad_msg/install/pad_msg
[0.139s] -- The C compiler identification is GNU 13.3.0
[0.251s] -- The CXX compiler identification is GNU 13.3.0
[0.272s] -- Detecting C compiler ABI info
[0.343s] -- Detecting C compiler ABI info - done
[0.356s] -- Check for working C compiler: /usr/bin/cc - skipped
[0.357s] -- Detecting C compile features
[0.358s] -- Detecting C compile features - done
[0.368s] -- Detecting CXX compiler ABI info
[0.456s] -- Detecting CXX compiler ABI info - done
[0.470s] -- Check for working CXX compiler: /usr/bin/c++ - skipped
[0.470s] -- Detecting CXX compile features
[0.471s] -- Detecting CXX compile features - done
[0.474s] -- Found ament_cmake: 2.5.2 (/opt/ros/jazzy/share/ament_cmake/cmake)
[0.634s] -- Found Python3: /usr/bin/python3 (found version "3.12.3") found components: Interpreter 
[0.764s] -- Found rosidl_default_generators: 1.6.0 (/opt/ros/jazzy/share/rosidl_default_generators/cmake)
[0.780s] -- Using all available rosidl_typesupport_c: rosidl_typesupport_fastrtps_c;rosidl_typesupport_introspection_c
[0.857s] -- Using all available rosidl_typesupport_cpp: rosidl_typesupport_fastrtps_cpp;rosidl_typesupport_introspection_cpp
[0.927s] -- Found rosidl_adapter: 4.6.4 (/opt/ros/jazzy/share/rosidl_adapter/cmake)
[1.599s] -- Found ament_cmake_ros: 0.12.0 (/opt/ros/jazzy/share/ament_cmake_ros/cmake)
[2.088s] -- Using all available rosidl_typesupport_c: rosidl_typesupport_fastrtps_c;rosidl_typesupport_introspection_c
[2.749s] -- Using all available rosidl_typesupport_cpp: rosidl_typesupport_fastrtps_cpp;rosidl_typesupport_introspection_cpp
[2.755s] -- Found python_cmake_module: 0.11.1 (/opt/ros/jazzy/share/python_cmake_module/cmake)
[2.913s] -- Found PythonExtra: /usr/bin/python3  
[3.473s] -- Found Python3: /usr/bin/python3 (found version "3.12.3") found components: Interpreter Development NumPy Development.Module Development.Embed 
[3.507s] -- Found ament_lint_auto: 0.17.1 (/opt/ros/jazzy/share/ament_lint_auto/cmake)
[3.538s] -- Added test 'cppcheck' to perform static code analysis on C / C++ code
[3.539s] -- Configured cppcheck include dirs: $<BUILD_INTERFACE:/home/tatenami/ros2/ws/pad/src/pad_msg/build/pad_msg/rosidl_generator_c>;$<BUILD_INTERFACE:/home/tatenami/ros2/ws/pad/src/pad_msg/build/pad_msg/rosidl_typesupport_fastrtps_c>;$<BUILD_INTERFACE:/home/tatenami/ros2/ws/pad/src/pad_msg/build/pad_msg/rosidl_typesupport_introspection_c>;$<BUILD_INTERFACE:/home/tatenami/ros2/ws/pad/src/pad_msg/build/pad_msg/rosidl_generator_cpp>;$<BUILD_INTERFACE:/home/tatenami/ros2/ws/pad/src/pad_msg/build/pad_msg/rosidl_typesupport_fastrtps_cpp>;$<BUILD_INTERFACE:/home/tatenami/ros2/ws/pad/src/pad_msg/build/pad_msg/rosidl_typesupport_introspection_cpp>;/home/tatenami/ros2/ws/pad/src/pad_msg/build/pad_msg/rosidl_generator_c;/home/tatenami/ros2/ws/pad/src/pad_msg/build/pad_msg/rosidl_generator_py
[3.539s] -- Configured cppcheck exclude dirs and/or files: 
[3.540s] -- Added test 'flake8' to check Python code syntax and style conventions
[3.541s] -- Configured 'flake8' exclude dirs and/or files: 
[3.543s] -- Added test 'lint_cmake' to check CMake code style
[3.545s] -- Added test 'pep257' to check Python code against some of the docstring style conventions in PEP 257
[3.552s] -- Added test 'uncrustify' to check C / C++ code style
[3.552s] -- Configured uncrustify additional arguments: 
[3.554s] -- Added test 'xmllint' to check XML markup files
[3.557s] -- Configuring done (3.5s)
[3.586s] -- Generating done (0.0s)
[3.596s] -- Build files have been written to: /home/tatenami/ros2/ws/pad/src/pad_msg/build/pad_msg
[3.601s] Invoked command in '/home/tatenami/ros2/ws/pad/src/pad_msg/build/pad_msg' returned '0': CMAKE_PREFIX_PATH=${CMAKE_PREFIX_PATH}:/opt/ros/jazzy DEBUGINFOD_URLS=https://debuginfod.ubuntu.com /opt/st/stm32cubeclt_1.16.0/CMake/bin/cmake /home/tatenami/ros2/ws/pad/src/pad_msg -DCMAKE_INSTALL_PREFIX=/home/tatenami/ros2/ws/pad/src/pad_msg/install/pad_msg
[3.602s] Invoking command in '/home/tatenami/ros2/ws/pad/src/pad_msg/build/pad_msg': CMAKE_PREFIX_PATH=${CMAKE_PREFIX_PATH}:/opt/ros/jazzy DEBUGINFOD_URLS=https://debuginfod.ubuntu.com /opt/st/stm32cubeclt_1.16.0/CMake/bin/cmake --build /home/tatenami/ros2/ws/pad/src/pad_msg/build/pad_msg -- -j4 -l4
[3.621s] [  2%] [34m[1mGenerating type hashes for ROS interfaces[0m
[3.623s] [  2%] Built target ament_cmake_python_copy_pad_msg
[3.853s] [  2%] Built target pad_msg__rosidl_generator_type_description
[3.861s] [  5%] [34m[1mGenerating C code for ROS interfaces[0m
[3.866s] [  8%] [34m[1mGenerating C++ code for ROS interfaces[0m
[3.892s] running egg_info
[3.892s] creating pad_msg.egg-info
[3.915s] writing pad_msg.egg-info/PKG-INFO
[3.915s] writing dependency_links to pad_msg.egg-info/dependency_links.txt
[3.916s] writing top-level names to pad_msg.egg-info/top_level.txt
[3.916s] writing manifest file 'pad_msg.egg-info/SOURCES.txt'
[3.992s] reading manifest file 'pad_msg.egg-info/SOURCES.txt'
[3.996s] writing manifest file 'pad_msg.egg-info/SOURCES.txt'
[4.033s] [  8%] Built target ament_cmake_python_build_pad_msg_egg
[4.160s] [  8%] Built target pad_msg__cpp
[4.162s] [ 14%] [32mBuilding C object CMakeFiles/pad_msg__rosidl_generator_c.dir/rosidl_generator_c/pad_msg/msg/detail/pad__functions.c.o[0m
[4.163s] [ 14%] [32mBuilding C object CMakeFiles/pad_msg__rosidl_generator_c.dir/rosidl_generator_c/pad_msg/msg/detail/pad__description.c.o[0m
[4.163s] [ 17%] [32mBuilding C object CMakeFiles/pad_msg__rosidl_generator_c.dir/rosidl_generator_c/pad_msg/msg/detail/pad__type_support.c.o[0m
[4.216s] [ 20%] [32m[1mLinking C shared library libpad_msg__rosidl_generator_c.so[0m
[4.241s] [ 20%] Built target pad_msg__rosidl_generator_c
[4.249s] [ 26%] [34m[1mGenerating C type support for eProsima Fast-RTPS[0m
[4.249s] [ 26%] [34m[1mGenerating C introspection for ROS interfaces[0m
[4.249s] [ 32%] [34m[1mGenerating C type support dispatch for ROS interfaces[0m
[4.250s] [ 32%] [34m[1mGenerating C++ type support for eProsima Fast-RTPS[0m
[4.571s] [ 35%] [32mBuilding CXX object CMakeFiles/pad_msg__rosidl_typesupport_c.dir/rosidl_typesupport_c/pad_msg/msg/pad__type_support.cpp.o[0m
[4.623s] [ 38%] [32mBuilding C object CMakeFiles/pad_msg__rosidl_typesupport_introspection_c.dir/rosidl_typesupport_introspection_c/pad_msg/msg/detail/pad__type_support.c.o[0m
[4.645s] [ 41%] [32m[1mLinking CXX shared library libpad_msg__rosidl_typesupport_c.so[0m
[4.679s] [ 41%] Built target pad_msg__rosidl_typesupport_c
[4.687s] [ 44%] [34m[1mGenerating C++ introspection for ROS interfaces[0m
[4.692s] [ 47%] [32mBuilding CXX object CMakeFiles/pad_msg__rosidl_typesupport_fastrtps_cpp.dir/rosidl_typesupport_fastrtps_cpp/pad_msg/msg/detail/dds_fastrtps/pad__type_support.cpp.o[0m
[4.698s] [ 50%] [32m[1mLinking C shared library libpad_msg__rosidl_typesupport_introspection_c.so[0m
[4.702s] [ 52%] [32mBuilding CXX object CMakeFiles/pad_msg__rosidl_typesupport_fastrtps_c.dir/rosidl_typesupport_fastrtps_c/pad_msg/msg/detail/pad__type_support_c.cpp.o[0m
[4.744s] [ 52%] Built target pad_msg__rosidl_typesupport_introspection_c
[4.753s] [ 55%] [34m[1mGenerating C++ type support dispatch for ROS interfaces[0m
[5.035s] [ 58%] [32mBuilding CXX object CMakeFiles/pad_msg__rosidl_typesupport_introspection_cpp.dir/rosidl_typesupport_introspection_cpp/pad_msg/msg/detail/pad__type_support.cpp.o[0m
[5.109s] [ 61%] [32mBuilding CXX object CMakeFiles/pad_msg__rosidl_typesupport_cpp.dir/rosidl_typesupport_cpp/pad_msg/msg/pad__type_support.cpp.o[0m
[5.704s] [ 64%] [32m[1mLinking CXX shared library libpad_msg__rosidl_typesupport_cpp.so[0m
[5.748s] [ 64%] Built target pad_msg__rosidl_typesupport_cpp
[5.807s] [ 67%] [32m[1mLinking CXX shared library libpad_msg__rosidl_typesupport_fastrtps_cpp.so[0m
[5.812s] [ 70%] [32m[1mLinking CXX shared library libpad_msg__rosidl_typesupport_fastrtps_c.so[0m
[5.880s] [ 70%] Built target pad_msg__rosidl_typesupport_fastrtps_c
[5.896s] [ 73%] [32m[1mLinking CXX shared library libpad_msg__rosidl_typesupport_introspection_cpp.so[0m
[5.904s] [ 73%] Built target pad_msg__rosidl_typesupport_fastrtps_cpp
[5.970s] [ 73%] Built target pad_msg__rosidl_typesupport_introspection_cpp
[5.978s] [ 73%] Built target pad_msg
[5.985s] [ 76%] [34m[1mGenerating Python code for ROS interfaces[0m
[6.279s] [ 76%] Built target pad_msg__py
[6.288s] [ 79%] [32mBuilding C object CMakeFiles/pad_msg__rosidl_generator_py.dir/rosidl_generator_py/pad_msg/msg/_pad_s.c.o[0m
[6.446s] [ 82%] [32m[1mLinking C shared library libpad_msg__rosidl_generator_py.so[0m
[6.474s] [ 82%] Built target pad_msg__rosidl_generator_py
[6.482s] [ 91%] [32mBuilding C object CMakeFiles/pad_msg_s__rosidl_typesupport_fastrtps_c.dir/rosidl_generator_py/pad_msg/_pad_msg_s.ep.rosidl_typesupport_fastrtps_c.c.o[0m
[6.483s] [ 91%] [32mBuilding C object CMakeFiles/pad_msg_s__rosidl_typesupport_introspection_c.dir/rosidl_generator_py/pad_msg/_pad_msg_s.ep.rosidl_typesupport_introspection_c.c.o[0m
[6.483s] [ 91%] [32mBuilding C object CMakeFiles/pad_msg_s__rosidl_typesupport_c.dir/rosidl_generator_py/pad_msg/_pad_msg_s.ep.rosidl_typesupport_c.c.o[0m
[6.591s] [ 94%] [32m[1mLinking C shared module rosidl_generator_py/pad_msg/pad_msg_s__rosidl_typesupport_c.so[0m
[6.594s] [ 97%] [32m[1mLinking C shared module rosidl_generator_py/pad_msg/pad_msg_s__rosidl_typesupport_fastrtps_c.so[0m
[6.598s] [100%] [32m[1mLinking C shared module rosidl_generator_py/pad_msg/pad_msg_s__rosidl_typesupport_introspection_c.so[0m
[6.609s] [100%] Built target pad_msg_s__rosidl_typesupport_c
[6.617s] [100%] Built target pad_msg_s__rosidl_typesupport_introspection_c
[6.618s] [100%] Built target pad_msg_s__rosidl_typesupport_fastrtps_c
[6.622s] Invoked command in '/home/tatenami/ros2/ws/pad/src/pad_msg/build/pad_msg' returned '0': CMAKE_PREFIX_PATH=${CMAKE_PREFIX_PATH}:/opt/ros/jazzy DEBUGINFOD_URLS=https://debuginfod.ubuntu.com /opt/st/stm32cubeclt_1.16.0/CMake/bin/cmake --build /home/tatenami/ros2/ws/pad/src/pad_msg/build/pad_msg -- -j4 -l4
[6.626s] Invoking command in '/home/tatenami/ros2/ws/pad/src/pad_msg/build/pad_msg': CMAKE_PREFIX_PATH=${CMAKE_PREFIX_PATH}:/opt/ros/jazzy DEBUGINFOD_URLS=https://debuginfod.ubuntu.com /opt/st/stm32cubeclt_1.16.0/CMake/bin/cmake --install /home/tatenami/ros2/ws/pad/src/pad_msg/build/pad_msg
[6.629s] -- Install configuration: ""
[6.629s] -- Installing: /home/tatenami/ros2/ws/pad/src/pad_msg/install/pad_msg/share/ament_index/resource_index/rosidl_interfaces/pad_msg
[6.629s] -- Installing: /home/tatenami/ros2/ws/pad/src/pad_msg/install/pad_msg/share/pad_msg/msg/Pad.json
[6.629s] -- Installing: /home/tatenami/ros2/ws/pad/src/pad_msg/install/pad_msg/include/pad_msg/pad_msg
[6.630s] -- Installing: /home/tatenami/ros2/ws/pad/src/pad_msg/install/pad_msg/include/pad_msg/pad_msg/msg
[6.630s] -- Installing: /home/tatenami/ros2/ws/pad/src/pad_msg/install/pad_msg/include/pad_msg/pad_msg/msg/pad.h
[6.630s] -- Installing: /home/tatenami/ros2/ws/pad/src/pad_msg/install/pad_msg/include/pad_msg/pad_msg/msg/rosidl_generator_c__visibility_control.h
[6.630s] -- Installing: /home/tatenami/ros2/ws/pad/src/pad_msg/install/pad_msg/include/pad_msg/pad_msg/msg/detail
[6.630s] -- Installing: /home/tatenami/ros2/ws/pad/src/pad_msg/install/pad_msg/include/pad_msg/pad_msg/msg/detail/pad__type_support.h
[6.630s] -- Installing: /home/tatenami/ros2/ws/pad/src/pad_msg/install/pad_msg/include/pad_msg/pad_msg/msg/detail/pad__functions.c
[6.630s] -- Installing: /home/tatenami/ros2/ws/pad/src/pad_msg/install/pad_msg/include/pad_msg/pad_msg/msg/detail/pad__functions.h
[6.630s] -- Installing: /home/tatenami/ros2/ws/pad/src/pad_msg/install/pad_msg/include/pad_msg/pad_msg/msg/detail/pad__type_support.c
[6.631s] -- Installing: /home/tatenami/ros2/ws/pad/src/pad_msg/install/pad_msg/include/pad_msg/pad_msg/msg/detail/pad__description.c
[6.631s] -- Installing: /home/tatenami/ros2/ws/pad/src/pad_msg/install/pad_msg/include/pad_msg/pad_msg/msg/detail/pad__struct.h
[6.631s] -- Installing: /home/tatenami/ros2/ws/pad/src/pad_msg/install/pad_msg/share/pad_msg/environment/library_path.sh
[6.631s] -- Installing: /home/tatenami/ros2/ws/pad/src/pad_msg/install/pad_msg/share/pad_msg/environment/library_path.dsv
[6.631s] -- Installing: /home/tatenami/ros2/ws/pad/src/pad_msg/install/pad_msg/lib/libpad_msg__rosidl_generator_c.so
[6.632s] -- Set non-toolchain portion of runtime path of "/home/tatenami/ros2/ws/pad/src/pad_msg/install/pad_msg/lib/libpad_msg__rosidl_generator_c.so" to ""
[6.632s] -- Up-to-date: /home/tatenami/ros2/ws/pad/src/pad_msg/install/pad_msg/include/pad_msg/pad_msg
[6.633s] -- Up-to-date: /home/tatenami/ros2/ws/pad/src/pad_msg/install/pad_msg/include/pad_msg/pad_msg/msg
[6.633s] -- Up-to-date: /home/tatenami/ros2/ws/pad/src/pad_msg/install/pad_msg/include/pad_msg/pad_msg/msg/detail
[6.633s] -- Installing: /home/tatenami/ros2/ws/pad/src/pad_msg/install/pad_msg/include/pad_msg/pad_msg/msg/detail/pad__rosidl_typesupport_fastrtps_c.h
[6.633s] -- Installing: /home/tatenami/ros2/ws/pad/src/pad_msg/install/pad_msg/include/pad_msg/pad_msg/msg/rosidl_typesupport_fastrtps_c__visibility_control.h
[6.633s] -- Installing: /home/tatenami/ros2/ws/pad/src/pad_msg/install/pad_msg/lib/libpad_msg__rosidl_typesupport_fastrtps_c.so
[6.633s] -- Set non-toolchain portion of runtime path of "/home/tatenami/ros2/ws/pad/src/pad_msg/install/pad_msg/lib/libpad_msg__rosidl_typesupport_fastrtps_c.so" to ""
[6.633s] -- Up-to-date: /home/tatenami/ros2/ws/pad/src/pad_msg/install/pad_msg/include/pad_msg/pad_msg
[6.633s] -- Up-to-date: /home/tatenami/ros2/ws/pad/src/pad_msg/install/pad_msg/include/pad_msg/pad_msg/msg
[6.633s] -- Installing: /home/tatenami/ros2/ws/pad/src/pad_msg/install/pad_msg/include/pad_msg/pad_msg/msg/rosidl_typesupport_introspection_c__visibility_control.h
[6.634s] -- Up-to-date: /home/tatenami/ros2/ws/pad/src/pad_msg/install/pad_msg/include/pad_msg/pad_msg/msg/detail
[6.634s] -- Installing: /home/tatenami/ros2/ws/pad/src/pad_msg/install/pad_msg/include/pad_msg/pad_msg/msg/detail/pad__rosidl_typesupport_introspection_c.h
[6.634s] -- Installing: /home/tatenami/ros2/ws/pad/src/pad_msg/install/pad_msg/include/pad_msg/pad_msg/msg/detail/pad__type_support.c
[6.634s] -- Installing: /home/tatenami/ros2/ws/pad/src/pad_msg/install/pad_msg/lib/libpad_msg__rosidl_typesupport_introspection_c.so
[6.634s] -- Set non-toolchain portion of runtime path of "/home/tatenami/ros2/ws/pad/src/pad_msg/install/pad_msg/lib/libpad_msg__rosidl_typesupport_introspection_c.so" to ""
[6.634s] -- Installing: /home/tatenami/ros2/ws/pad/src/pad_msg/install/pad_msg/lib/libpad_msg__rosidl_typesupport_c.so
[6.634s] -- Set non-toolchain portion of runtime path of "/home/tatenami/ros2/ws/pad/src/pad_msg/install/pad_msg/lib/libpad_msg__rosidl_typesupport_c.so" to ""
[6.634s] -- Up-to-date: /home/tatenami/ros2/ws/pad/src/pad_msg/install/pad_msg/include/pad_msg/pad_msg
[6.634s] -- Up-to-date: /home/tatenami/ros2/ws/pad/src/pad_msg/install/pad_msg/include/pad_msg/pad_msg/msg
[6.635s] -- Installing: /home/tatenami/ros2/ws/pad/src/pad_msg/install/pad_msg/include/pad_msg/pad_msg/msg/pad.hpp
[6.635s] -- Installing: /home/tatenami/ros2/ws/pad/src/pad_msg/install/pad_msg/include/pad_msg/pad_msg/msg/rosidl_generator_cpp__visibility_control.hpp
[6.635s] -- Up-to-date: /home/tatenami/ros2/ws/pad/src/pad_msg/install/pad_msg/include/pad_msg/pad_msg/msg/detail
[6.635s] -- Installing: /home/tatenami/ros2/ws/pad/src/pad_msg/install/pad_msg/include/pad_msg/pad_msg/msg/detail/pad__type_support.hpp
[6.635s] -- Installing: /home/tatenami/ros2/ws/pad/src/pad_msg/install/pad_msg/include/pad_msg/pad_msg/msg/detail/pad__builder.hpp
[6.635s] -- Installing: /home/tatenami/ros2/ws/pad/src/pad_msg/install/pad_msg/include/pad_msg/pad_msg/msg/detail/pad__traits.hpp
[6.635s] -- Installing: /home/tatenami/ros2/ws/pad/src/pad_msg/install/pad_msg/include/pad_msg/pad_msg/msg/detail/pad__struct.hpp
[6.635s] -- Up-to-date: /home/tatenami/ros2/ws/pad/src/pad_msg/install/pad_msg/include/pad_msg/pad_msg
[6.635s] -- Up-to-date: /home/tatenami/ros2/ws/pad/src/pad_msg/install/pad_msg/include/pad_msg/pad_msg/msg
[6.635s] -- Installing: /home/tatenami/ros2/ws/pad/src/pad_msg/install/pad_msg/include/pad_msg/pad_msg/msg/rosidl_typesupport_fastrtps_cpp__visibility_control.h
[6.636s] -- Up-to-date: /home/tatenami/ros2/ws/pad/src/pad_msg/install/pad_msg/include/pad_msg/pad_msg/msg/detail
[6.636s] -- Installing: /home/tatenami/ros2/ws/pad/src/pad_msg/install/pad_msg/include/pad_msg/pad_msg/msg/detail/pad__rosidl_typesupport_fastrtps_cpp.hpp
[6.636s] -- Installing: /home/tatenami/ros2/ws/pad/src/pad_msg/install/pad_msg/include/pad_msg/pad_msg/msg/detail/dds_fastrtps
[6.636s] -- Installing: /home/tatenami/ros2/ws/pad/src/pad_msg/install/pad_msg/lib/libpad_msg__rosidl_typesupport_fastrtps_cpp.so
[6.636s] -- Set non-toolchain portion of runtime path of "/home/tatenami/ros2/ws/pad/src/pad_msg/install/pad_msg/lib/libpad_msg__rosidl_typesupport_fastrtps_cpp.so" to ""
[6.636s] -- Up-to-date: /home/tatenami/ros2/ws/pad/src/pad_msg/install/pad_msg/include/pad_msg/pad_msg
[6.636s] -- Up-to-date: /home/tatenami/ros2/ws/pad/src/pad_msg/install/pad_msg/include/pad_msg/pad_msg/msg
[6.636s] -- Up-to-date: /home/tatenami/ros2/ws/pad/src/pad_msg/install/pad_msg/include/pad_msg/pad_msg/msg/detail
[6.637s] -- Installing: /home/tatenami/ros2/ws/pad/src/pad_msg/install/pad_msg/include/pad_msg/pad_msg/msg/detail/pad__rosidl_typesupport_introspection_cpp.hpp
[6.637s] -- Installing: /home/tatenami/ros2/ws/pad/src/pad_msg/install/pad_msg/include/pad_msg/pad_msg/msg/detail/pad__type_support.cpp
[6.637s] -- Installing: /home/tatenami/ros2/ws/pad/src/pad_msg/install/pad_msg/lib/libpad_msg__rosidl_typesupport_introspection_cpp.so
[6.637s] -- Set non-toolchain portion of runtime path of "/home/tatenami/ros2/ws/pad/src/pad_msg/install/pad_msg/lib/libpad_msg__rosidl_typesupport_introspection_cpp.so" to ""
[6.637s] -- Installing: /home/tatenami/ros2/ws/pad/src/pad_msg/install/pad_msg/lib/libpad_msg__rosidl_typesupport_cpp.so
[6.638s] -- Set non-toolchain portion of runtime path of "/home/tatenami/ros2/ws/pad/src/pad_msg/install/pad_msg/lib/libpad_msg__rosidl_typesupport_cpp.so" to ""
[6.638s] -- Installing: /home/tatenami/ros2/ws/pad/src/pad_msg/install/pad_msg/share/pad_msg/environment/pythonpath.sh
[6.638s] -- Installing: /home/tatenami/ros2/ws/pad/src/pad_msg/install/pad_msg/share/pad_msg/environment/pythonpath.dsv
[6.638s] -- Installing: /home/tatenami/ros2/ws/pad/src/pad_msg/install/pad_msg/lib/python3.12/site-packages/pad_msg-0.0.0-py3.12.egg-info
[6.638s] -- Installing: /home/tatenami/ros2/ws/pad/src/pad_msg/install/pad_msg/lib/python3.12/site-packages/pad_msg-0.0.0-py3.12.egg-info/dependency_links.txt
[6.639s] -- Installing: /home/tatenami/ros2/ws/pad/src/pad_msg/install/pad_msg/lib/python3.12/site-packages/pad_msg-0.0.0-py3.12.egg-info/PKG-INFO
[6.639s] -- Installing: /home/tatenami/ros2/ws/pad/src/pad_msg/install/pad_msg/lib/python3.12/site-packages/pad_msg-0.0.0-py3.12.egg-info/top_level.txt
[6.639s] -- Installing: /home/tatenami/ros2/ws/pad/src/pad_msg/install/pad_msg/lib/python3.12/site-packages/pad_msg-0.0.0-py3.12.egg-info/SOURCES.txt
[6.639s] -- Installing: /home/tatenami/ros2/ws/pad/src/pad_msg/install/pad_msg/lib/python3.12/site-packages/pad_msg
[6.639s] -- Installing: /home/tatenami/ros2/ws/pad/src/pad_msg/install/pad_msg/lib/python3.12/site-packages/pad_msg/_pad_msg_s.ep.rosidl_typesupport_fastrtps_c.c
[6.639s] -- Installing: /home/tatenami/ros2/ws/pad/src/pad_msg/install/pad_msg/lib/python3.12/site-packages/pad_msg/pad_msg_s__rosidl_typesupport_introspection_c.so
[6.639s] -- Installing: /home/tatenami/ros2/ws/pad/src/pad_msg/install/pad_msg/lib/python3.12/site-packages/pad_msg/msg
[6.639s] -- Installing: /home/tatenami/ros2/ws/pad/src/pad_msg/install/pad_msg/lib/python3.12/site-packages/pad_msg/msg/_pad_s.c
[6.639s] -- Installing: /home/tatenami/ros2/ws/pad/src/pad_msg/install/pad_msg/lib/python3.12/site-packages/pad_msg/msg/_pad.py
[6.639s] -- Installing: /home/tatenami/ros2/ws/pad/src/pad_msg/install/pad_msg/lib/python3.12/site-packages/pad_msg/msg/__init__.py
[6.639s] -- Installing: /home/tatenami/ros2/ws/pad/src/pad_msg/install/pad_msg/lib/python3.12/site-packages/pad_msg/pad_msg_s__rosidl_typesupport_fastrtps_c.so
[6.640s] -- Installing: /home/tatenami/ros2/ws/pad/src/pad_msg/install/pad_msg/lib/python3.12/site-packages/pad_msg/pad_msg_s__rosidl_typesupport_c.so
[6.640s] -- Installing: /home/tatenami/ros2/ws/pad/src/pad_msg/install/pad_msg/lib/python3.12/site-packages/pad_msg/_pad_msg_s.ep.rosidl_typesupport_introspection_c.c
[6.640s] -- Installing: /home/tatenami/ros2/ws/pad/src/pad_msg/install/pad_msg/lib/python3.12/site-packages/pad_msg/_pad_msg_s.ep.rosidl_typesupport_c.c
[6.640s] -- Installing: /home/tatenami/ros2/ws/pad/src/pad_msg/install/pad_msg/lib/python3.12/site-packages/pad_msg/__init__.py
[6.683s] Listing '/home/tatenami/ros2/ws/pad/src/pad_msg/install/pad_msg/lib/python3.12/site-packages/pad_msg'...
[6.683s] Compiling '/home/tatenami/ros2/ws/pad/src/pad_msg/install/pad_msg/lib/python3.12/site-packages/pad_msg/__init__.py'...
[6.683s] Listing '/home/tatenami/ros2/ws/pad/src/pad_msg/install/pad_msg/lib/python3.12/site-packages/pad_msg/msg'...
[6.683s] Compiling '/home/tatenami/ros2/ws/pad/src/pad_msg/install/pad_msg/lib/python3.12/site-packages/pad_msg/msg/__init__.py'...
[6.684s] Compiling '/home/tatenami/ros2/ws/pad/src/pad_msg/install/pad_msg/lib/python3.12/site-packages/pad_msg/msg/_pad.py'...
[6.690s] -- Installing: /home/tatenami/ros2/ws/pad/src/pad_msg/install/pad_msg/lib/python3.12/site-packages/pad_msg/pad_msg_s__rosidl_typesupport_fastrtps_c.so
[6.690s] -- Set non-toolchain portion of runtime path of "/home/tatenami/ros2/ws/pad/src/pad_msg/install/pad_msg/lib/python3.12/site-packages/pad_msg/pad_msg_s__rosidl_typesupport_fastrtps_c.so" to ""
[6.691s] -- Installing: /home/tatenami/ros2/ws/pad/src/pad_msg/install/pad_msg/lib/python3.12/site-packages/pad_msg/pad_msg_s__rosidl_typesupport_introspection_c.so
[6.691s] -- Set non-toolchain portion of runtime path of "/home/tatenami/ros2/ws/pad/src/pad_msg/install/pad_msg/lib/python3.12/site-packages/pad_msg/pad_msg_s__rosidl_typesupport_introspection_c.so" to ""
[6.691s] -- Installing: /home/tatenami/ros2/ws/pad/src/pad_msg/install/pad_msg/lib/python3.12/site-packages/pad_msg/pad_msg_s__rosidl_typesupport_c.so
[6.691s] -- Set non-toolchain portion of runtime path of "/home/tatenami/ros2/ws/pad/src/pad_msg/install/pad_msg/lib/python3.12/site-packages/pad_msg/pad_msg_s__rosidl_typesupport_c.so" to ""
[6.691s] -- Installing: /home/tatenami/ros2/ws/pad/src/pad_msg/install/pad_msg/lib/libpad_msg__rosidl_generator_py.so
[6.692s] -- Set non-toolchain portion of runtime path of "/home/tatenami/ros2/ws/pad/src/pad_msg/install/pad_msg/lib/libpad_msg__rosidl_generator_py.so" to ""
[6.692s] -- Installing: /home/tatenami/ros2/ws/pad/src/pad_msg/install/pad_msg/share/pad_msg/msg/Pad.idl
[6.692s] -- Installing: /home/tatenami/ros2/ws/pad/src/pad_msg/install/pad_msg/share/pad_msg/msg/Pad.msg
[6.692s] -- Installing: /home/tatenami/ros2/ws/pad/src/pad_msg/install/pad_msg/share/ament_index/resource_index/package_run_dependencies/pad_msg
[6.692s] -- Installing: /home/tatenami/ros2/ws/pad/src/pad_msg/install/pad_msg/share/ament_index/resource_index/parent_prefix_path/pad_msg
[6.692s] -- Installing: /home/tatenami/ros2/ws/pad/src/pad_msg/install/pad_msg/share/pad_msg/environment/ament_prefix_path.sh
[6.693s] -- Installing: /home/tatenami/ros2/ws/pad/src/pad_msg/install/pad_msg/share/pad_msg/environment/ament_prefix_path.dsv
[6.693s] -- Installing: /home/tatenami/ros2/ws/pad/src/pad_msg/install/pad_msg/share/pad_msg/environment/path.sh
[6.693s] -- Installing: /home/tatenami/ros2/ws/pad/src/pad_msg/install/pad_msg/share/pad_msg/environment/path.dsv
[6.693s] -- Installing: /home/tatenami/ros2/ws/pad/src/pad_msg/install/pad_msg/share/pad_msg/local_setup.bash
[6.693s] -- Installing: /home/tatenami/ros2/ws/pad/src/pad_msg/install/pad_msg/share/pad_msg/local_setup.sh
[6.693s] -- Installing: /home/tatenami/ros2/ws/pad/src/pad_msg/install/pad_msg/share/pad_msg/local_setup.zsh
[6.693s] -- Installing: /home/tatenami/ros2/ws/pad/src/pad_msg/install/pad_msg/share/pad_msg/local_setup.dsv
[6.694s] -- Installing: /home/tatenami/ros2/ws/pad/src/pad_msg/install/pad_msg/share/pad_msg/package.dsv
[6.694s] -- Installing: /home/tatenami/ros2/ws/pad/src/pad_msg/install/pad_msg/share/ament_index/resource_index/packages/pad_msg
[6.694s] -- Installing: /home/tatenami/ros2/ws/pad/src/pad_msg/install/pad_msg/share/pad_msg/cmake/export_pad_msg__rosidl_generator_cExport.cmake
[6.694s] -- Installing: /home/tatenami/ros2/ws/pad/src/pad_msg/install/pad_msg/share/pad_msg/cmake/export_pad_msg__rosidl_generator_cExport-noconfig.cmake
[6.694s] -- Installing: /home/tatenami/ros2/ws/pad/src/pad_msg/install/pad_msg/share/pad_msg/cmake/export_pad_msg__rosidl_typesupport_fastrtps_cExport.cmake
[6.694s] -- Installing: /home/tatenami/ros2/ws/pad/src/pad_msg/install/pad_msg/share/pad_msg/cmake/export_pad_msg__rosidl_typesupport_fastrtps_cExport-noconfig.cmake
[6.694s] -- Installing: /home/tatenami/ros2/ws/pad/src/pad_msg/install/pad_msg/share/pad_msg/cmake/pad_msg__rosidl_typesupport_introspection_cExport.cmake
[6.695s] -- Installing: /home/tatenami/ros2/ws/pad/src/pad_msg/install/pad_msg/share/pad_msg/cmake/pad_msg__rosidl_typesupport_introspection_cExport-noconfig.cmake
[6.695s] -- Installing: /home/tatenami/ros2/ws/pad/src/pad_msg/install/pad_msg/share/pad_msg/cmake/pad_msg__rosidl_typesupport_cExport.cmake
[6.695s] -- Installing: /home/tatenami/ros2/ws/pad/src/pad_msg/install/pad_msg/share/pad_msg/cmake/pad_msg__rosidl_typesupport_cExport-noconfig.cmake
[6.695s] -- Installing: /home/tatenami/ros2/ws/pad/src/pad_msg/install/pad_msg/share/pad_msg/cmake/export_pad_msg__rosidl_generator_cppExport.cmake
[6.695s] -- Installing: /home/tatenami/ros2/ws/pad/src/pad_msg/install/pad_msg/share/pad_msg/cmake/export_pad_msg__rosidl_typesupport_fastrtps_cppExport.cmake
[6.695s] -- Installing: /home/tatenami/ros2/ws/pad/src/pad_msg/install/pad_msg/share/pad_msg/cmake/export_pad_msg__rosidl_typesupport_fastrtps_cppExport-noconfig.cmake
[6.695s] -- Installing: /home/tatenami/ros2/ws/pad/src/pad_msg/install/pad_msg/share/pad_msg/cmake/pad_msg__rosidl_typesupport_introspection_cppExport.cmake
[6.695s] -- Installing: /home/tatenami/ros2/ws/pad/src/pad_msg/install/pad_msg/share/pad_msg/cmake/pad_msg__rosidl_typesupport_introspection_cppExport-noconfig.cmake
[6.696s] -- Installing: /home/tatenami/ros2/ws/pad/src/pad_msg/install/pad_msg/share/pad_msg/cmake/pad_msg__rosidl_typesupport_cppExport.cmake
[6.696s] -- Installing: /home/tatenami/ros2/ws/pad/src/pad_msg/install/pad_msg/share/pad_msg/cmake/pad_msg__rosidl_typesupport_cppExport-noconfig.cmake
[6.696s] -- Installing: /home/tatenami/ros2/ws/pad/src/pad_msg/install/pad_msg/share/pad_msg/cmake/export_pad_msg__rosidl_generator_pyExport.cmake
[6.696s] -- Installing: /home/tatenami/ros2/ws/pad/src/pad_msg/install/pad_msg/share/pad_msg/cmake/export_pad_msg__rosidl_generator_pyExport-noconfig.cmake
[6.696s] -- Installing: /home/tatenami/ros2/ws/pad/src/pad_msg/install/pad_msg/share/pad_msg/cmake/rosidl_cmake-extras.cmake
[6.696s] -- Installing: /home/tatenami/ros2/ws/pad/src/pad_msg/install/pad_msg/share/pad_msg/cmake/ament_cmake_export_include_directories-extras.cmake
[6.696s] -- Installing: /home/tatenami/ros2/ws/pad/src/pad_msg/install/pad_msg/share/pad_msg/cmake/ament_cmake_export_libraries-extras.cmake
[6.696s] -- Installing: /home/tatenami/ros2/ws/pad/src/pad_msg/install/pad_msg/share/pad_msg/cmake/ament_cmake_export_targets-extras.cmake
[6.697s] -- Installing: /home/tatenami/ros2/ws/pad/src/pad_msg/install/pad_msg/share/pad_msg/cmake/rosidl_cmake_export_typesupport_targets-extras.cmake
[6.697s] -- Installing: /home/tatenami/ros2/ws/pad/src/pad_msg/install/pad_msg/share/pad_msg/cmake/ament_cmake_export_dependencies-extras.cmake
[6.697s] -- Installing: /home/tatenami/ros2/ws/pad/src/pad_msg/install/pad_msg/share/pad_msg/cmake/rosidl_cmake_export_typesupport_libraries-extras.cmake
[6.697s] -- Installing: /home/tatenami/ros2/ws/pad/src/pad_msg/install/pad_msg/share/pad_msg/cmake/pad_msgConfig.cmake
[6.697s] -- Installing: /home/tatenami/ros2/ws/pad/src/pad_msg/install/pad_msg/share/pad_msg/cmake/pad_msgConfig-version.cmake
[6.697s] -- Installing: /home/tatenami/ros2/ws/pad/src/pad_msg/install/pad_msg/share/pad_msg/package.xml
[6.699s] Invoked command in '/home/tatenami/ros2/ws/pad/src/pad_msg/build/pad_msg' returned '0': CMAKE_PREFIX_PATH=${CMAKE_PREFIX_PATH}:/opt/ros/jazzy DEBUGINFOD_URLS=https://debuginfod.ubuntu.com /opt/st/stm32cubeclt_1.16.0/CMake/bin/cmake --install /home/tatenami/ros2/ws/pad/src/pad_msg/build/pad_msg
