[0.016s] Invoking command in '/home/tatenami/ros2/ws/pad/build/gamepad': CMAKE_PREFIX_PATH=/home/tatenami/ros2/ws/pad/install/pad_msg:/home/tatenami/ros2/ws/pad/install/gamepad:/home/tatenami/ros2/ws/pad/src/pad_msg/install/pad_msg:/opt/ros/jazzy/opt/gz_math_vendor:/opt/ros/jazzy/opt/gz_utils_vendor:/opt/ros/jazzy/opt/gz_cmake_vendor:/opt/ros/jazzy DEBUGINFOD_URLS=https://debuginfod.ubuntu.com /opt/st/stm32cubeclt_1.16.0/CMake/bin/cmake --build /home/tatenami/ros2/ws/pad/build/gamepad -- -j4 -l4
[0.035s] -- Found ament_cmake: 2.5.2 (/opt/ros/jazzy/share/ament_cmake/cmake)
[0.285s] -- Found ament_lint_auto: 0.17.1 (/opt/ros/jazzy/share/ament_lint_auto/cmake)
[0.404s] -- Added test 'cppcheck' to perform static code analysis on C / C++ code
[0.404s] -- Configured cppcheck include dirs: 
[0.404s] -- Configured cppcheck exclude dirs and/or files: 
[0.404s] -- Added test 'lint_cmake' to check CMake code style
[0.405s] -- Added test 'uncrustify' to check C / C++ code style
[0.405s] -- Configured uncrustify additional arguments: 
[0.406s] -- Added test 'xmllint' to check XML markup files
[0.407s] -- Found rclcpp: 28.1.5 (/opt/ros/jazzy/share/rclcpp/cmake)
[0.448s] -- Found rosidl_generator_c: 4.6.4 (/opt/ros/jazzy/share/rosidl_generator_c/cmake)
[0.462s] -- Found rosidl_generator_cpp: 4.6.4 (/opt/ros/jazzy/share/rosidl_generator_cpp/cmake)
[0.477s] -- Using all available rosidl_typesupport_c: rosidl_typesupport_fastrtps_c;rosidl_typesupport_introspection_c
[0.496s] -- Using all available rosidl_typesupport_cpp: rosidl_typesupport_fastrtps_cpp;rosidl_typesupport_introspection_cpp
[0.592s] -- Found rmw_implementation_cmake: 7.3.1 (/opt/ros/jazzy/share/rmw_implementation_cmake/cmake)
[0.595s] -- Found rmw_fastrtps_cpp: 8.4.1 (/opt/ros/jazzy/share/rmw_fastrtps_cpp/cmake)
[0.682s] -- Using RMW implementation 'rmw_fastrtps_cpp' as default
[0.782s] -- Found pad_msg: 0.0.0 (/home/tatenami/ros2/ws/pad/install/pad_msg/share/pad_msg/cmake)
[0.800s] -- Configuring done (0.8s)
[0.817s] -- Generating done (0.0s)
[0.822s] -- Build files have been written to: /home/tatenami/ros2/ws/pad/build/gamepad
[0.859s] [ 50%] [32mBuilding CXX object CMakeFiles/subscriber.dir/src/padsub.cpp.o[0m
[0.859s] [ 50%] [32mBuilding CXX object CMakeFiles/publisher.dir/src/padpub.cpp.o[0m
[5.832s] [ 75%] [32m[1mLinking CXX executable publisher[0m
[6.059s] [ 75%] Built target publisher
[8.970s] [100%] [32m[1mLinking CXX executable subscriber[0m
[9.252s] [100%] Built target subscriber
[9.256s] Invoked command in '/home/tatenami/ros2/ws/pad/build/gamepad' returned '0': CMAKE_PREFIX_PATH=/home/tatenami/ros2/ws/pad/install/pad_msg:/home/tatenami/ros2/ws/pad/install/gamepad:/home/tatenami/ros2/ws/pad/src/pad_msg/install/pad_msg:/opt/ros/jazzy/opt/gz_math_vendor:/opt/ros/jazzy/opt/gz_utils_vendor:/opt/ros/jazzy/opt/gz_cmake_vendor:/opt/ros/jazzy DEBUGINFOD_URLS=https://debuginfod.ubuntu.com /opt/st/stm32cubeclt_1.16.0/CMake/bin/cmake --build /home/tatenami/ros2/ws/pad/build/gamepad -- -j4 -l4
[9.260s] Invoking command in '/home/tatenami/ros2/ws/pad/build/gamepad': CMAKE_PREFIX_PATH=/home/tatenami/ros2/ws/pad/install/pad_msg:/home/tatenami/ros2/ws/pad/install/gamepad:/home/tatenami/ros2/ws/pad/src/pad_msg/install/pad_msg:/opt/ros/jazzy/opt/gz_math_vendor:/opt/ros/jazzy/opt/gz_utils_vendor:/opt/ros/jazzy/opt/gz_cmake_vendor:/opt/ros/jazzy DEBUGINFOD_URLS=https://debuginfod.ubuntu.com /opt/st/stm32cubeclt_1.16.0/CMake/bin/cmake --install /home/tatenami/ros2/ws/pad/build/gamepad
[9.263s] -- Install configuration: ""
[9.263s] -- Installing: /home/tatenami/ros2/ws/pad/install/gamepad/share/ament_index/resource_index/package_run_dependencies/gamepad
[9.263s] -- Installing: /home/tatenami/ros2/ws/pad/install/gamepad/share/ament_index/resource_index/parent_prefix_path/gamepad
[9.263s] -- Up-to-date: /home/tatenami/ros2/ws/pad/install/gamepad/share/gamepad/environment/ament_prefix_path.sh
[9.263s] -- Up-to-date: /home/tatenami/ros2/ws/pad/install/gamepad/share/gamepad/environment/ament_prefix_path.dsv
[9.264s] -- Up-to-date: /home/tatenami/ros2/ws/pad/install/gamepad/share/gamepad/environment/path.sh
[9.264s] -- Up-to-date: /home/tatenami/ros2/ws/pad/install/gamepad/share/gamepad/environment/path.dsv
[9.264s] -- Up-to-date: /home/tatenami/ros2/ws/pad/install/gamepad/share/gamepad/local_setup.bash
[9.264s] -- Up-to-date: /home/tatenami/ros2/ws/pad/install/gamepad/share/gamepad/local_setup.sh
[9.264s] -- Up-to-date: /home/tatenami/ros2/ws/pad/install/gamepad/share/gamepad/local_setup.zsh
[9.264s] -- Up-to-date: /home/tatenami/ros2/ws/pad/install/gamepad/share/gamepad/local_setup.dsv
[9.264s] -- Installing: /home/tatenami/ros2/ws/pad/install/gamepad/share/gamepad/package.dsv
[9.264s] -- Up-to-date: /home/tatenami/ros2/ws/pad/install/gamepad/share/ament_index/resource_index/packages/gamepad
[9.264s] -- Up-to-date: /home/tatenami/ros2/ws/pad/install/gamepad/share/gamepad/cmake/gamepadConfig.cmake
[9.264s] -- Up-to-date: /home/tatenami/ros2/ws/pad/install/gamepad/share/gamepad/cmake/gamepadConfig-version.cmake
[9.265s] -- Installing: /home/tatenami/ros2/ws/pad/install/gamepad/share/gamepad/package.xml
[9.265s] -- Installing: /home/tatenami/ros2/ws/pad/install/gamepad/lib/gamepad/publisher
[9.266s] -- Set non-toolchain portion of runtime path of "/home/tatenami/ros2/ws/pad/install/gamepad/lib/gamepad/publisher" to ""
[9.267s] -- Installing: /home/tatenami/ros2/ws/pad/install/gamepad/lib/gamepad/subscriber
[9.274s] -- Set non-toolchain portion of runtime path of "/home/tatenami/ros2/ws/pad/install/gamepad/lib/gamepad/subscriber" to ""
[9.276s] Invoked command in '/home/tatenami/ros2/ws/pad/build/gamepad' returned '0': CMAKE_PREFIX_PATH=/home/tatenami/ros2/ws/pad/install/pad_msg:/home/tatenami/ros2/ws/pad/install/gamepad:/home/tatenami/ros2/ws/pad/src/pad_msg/install/pad_msg:/opt/ros/jazzy/opt/gz_math_vendor:/opt/ros/jazzy/opt/gz_utils_vendor:/opt/ros/jazzy/opt/gz_cmake_vendor:/opt/ros/jazzy DEBUGINFOD_URLS=https://debuginfod.ubuntu.com /opt/st/stm32cubeclt_1.16.0/CMake/bin/cmake --install /home/tatenami/ros2/ws/pad/build/gamepad
