[0.012s] Invoking command in '/home/tatenami/ros2/ws/pad/build/pad_msg': CMAKE_PREFIX_PATH=${CMAKE_PREFIX_PATH}:/opt/ros/jazzy DEBUGINFOD_URLS=https://debuginfod.ubuntu.com /opt/st/stm32cubeclt_1.16.0/CMake/bin/cmake /home/tatenami/ros2/ws/pad/src/pad_msg -DCMAKE_INSTALL_PREFIX=/home/tatenami/ros2/ws/pad/install/pad_msg
[0.098s] -- The C compiler identification is GNU 13.3.0
[0.159s] -- The CXX compiler identification is GNU 13.3.0
[0.180s] -- Detecting C compiler ABI info
[0.249s] -- Detecting C compiler ABI info - done
[0.260s] -- Check for working C compiler: /usr/bin/cc - skipped
[0.261s] -- Detecting C compile features
[0.261s] -- Detecting C compile features - done
[0.270s] -- Detecting CXX compiler ABI info
[0.347s] -- Detecting CXX compiler ABI info - done
[0.359s] -- Check for working CXX compiler: /usr/bin/c++ - skipped
[0.360s] -- Detecting CXX compile features
[0.360s] -- Detecting CXX compile features - done
[0.364s] -- Found ament_cmake: 2.5.2 (/opt/ros/jazzy/share/ament_cmake/cmake)
[0.508s] -- Found Python3: /usr/bin/python3 (found version "3.12.3") found components: Interpreter 
[0.624s] -- Found rosidl_default_generators: 1.6.0 (/opt/ros/jazzy/share/rosidl_default_generators/cmake)
[0.630s] -- Using all available rosidl_typesupport_c: rosidl_typesupport_fastrtps_c;rosidl_typesupport_introspection_c
[0.689s] -- Using all available rosidl_typesupport_cpp: rosidl_typesupport_fastrtps_cpp;rosidl_typesupport_introspection_cpp
[0.739s] -- Found rosidl_adapter: 4.6.4 (/opt/ros/jazzy/share/rosidl_adapter/cmake)
[1.300s] -- Found ament_cmake_ros: 0.12.0 (/opt/ros/jazzy/share/ament_cmake_ros/cmake)
[1.723s] -- Using all available rosidl_typesupport_c: rosidl_typesupport_fastrtps_c;rosidl_typesupport_introspection_c
[2.274s] -- Using all available rosidl_typesupport_cpp: rosidl_typesupport_fastrtps_cpp;rosidl_typesupport_introspection_cpp
[2.279s] -- Found python_cmake_module: 0.11.1 (/opt/ros/jazzy/share/python_cmake_module/cmake)
[2.413s] -- Found PythonExtra: /usr/bin/python3  
[2.882s] -- Found Python3: /usr/bin/python3 (found version "3.12.3") found components: Interpreter Development NumPy Development.Module Development.Embed 
[2.918s] -- Found ament_lint_auto: 0.17.1 (/opt/ros/jazzy/share/ament_lint_auto/cmake)
[2.941s] -- Added test 'lint_cmake' to check CMake code style
[2.942s] -- Added test 'xmllint' to check XML markup files
[2.945s] -- Configuring done (2.9s)
[2.973s] -- Generating done (0.0s)
[2.983s] -- Build files have been written to: /home/tatenami/ros2/ws/pad/build/pad_msg
[2.988s] Invoked command in '/home/tatenami/ros2/ws/pad/build/pad_msg' returned '0': CMAKE_PREFIX_PATH=${CMAKE_PREFIX_PATH}:/opt/ros/jazzy DEBUGINFOD_URLS=https://debuginfod.ubuntu.com /opt/st/stm32cubeclt_1.16.0/CMake/bin/cmake /home/tatenami/ros2/ws/pad/src/pad_msg -DCMAKE_INSTALL_PREFIX=/home/tatenami/ros2/ws/pad/install/pad_msg
[2.989s] Invoking command in '/home/tatenami/ros2/ws/pad/build/pad_msg': CMAKE_PREFIX_PATH=${CMAKE_PREFIX_PATH}:/opt/ros/jazzy DEBUGINFOD_URLS=https://debuginfod.ubuntu.com /opt/st/stm32cubeclt_1.16.0/CMake/bin/cmake --build /home/tatenami/ros2/ws/pad/build/pad_msg -- -j4 -l4
[3.008s] [  2%] [34m[1mGenerating type hashes for ROS interfaces[0m
[3.011s] [  2%] Built target ament_cmake_python_copy_pad_msg
[3.203s] [  2%] Built target pad_msg__rosidl_generator_type_description
[3.211s] [  5%] [34m[1mGenerating C code for ROS interfaces[0m
[3.212s] [  8%] [34m[1mGenerating C++ code for ROS interfaces[0m
[3.232s] running egg_info
[3.233s] creating pad_msg.egg-info
[3.255s] writing pad_msg.egg-info/PKG-INFO
[3.255s] writing dependency_links to pad_msg.egg-info/dependency_links.txt
[3.255s] writing top-level names to pad_msg.egg-info/top_level.txt
[3.255s] writing manifest file 'pad_msg.egg-info/SOURCES.txt'
[3.322s] reading manifest file 'pad_msg.egg-info/SOURCES.txt'
[3.323s] writing manifest file 'pad_msg.egg-info/SOURCES.txt'
[3.349s] [  8%] Built target ament_cmake_python_build_pad_msg_egg
[3.446s] [  8%] Built target pad_msg__cpp
[3.466s] [ 11%] [32mBuilding C object CMakeFiles/pad_msg__rosidl_generator_c.dir/rosidl_generator_c/pad_msg/msg/detail/pad__description.c.o[0m
[3.467s] [ 14%] [32mBuilding C object CMakeFiles/pad_msg__rosidl_generator_c.dir/rosidl_generator_c/pad_msg/msg/detail/pad__functions.c.o[0m
[3.467s] [ 17%] [32mBuilding C object CMakeFiles/pad_msg__rosidl_generator_c.dir/rosidl_generator_c/pad_msg/msg/detail/pad__type_support.c.o[0m
[3.516s] [ 20%] [32m[1mLinking C shared library libpad_msg__rosidl_generator_c.so[0m
[3.537s] [ 20%] Built target pad_msg__rosidl_generator_c
[3.544s] [ 29%] [34m[1mGenerating C++ type support for eProsima Fast-RTPS[0m
[3.544s] [ 29%] [34m[1mGenerating C type support for eProsima Fast-RTPS[0m
[3.544s] [ 29%] [34m[1mGenerating C introspection for ROS interfaces[0m
[3.544s] [ 32%] [34m[1mGenerating C type support dispatch for ROS interfaces[0m
[3.792s] [ 35%] [32mBuilding CXX object CMakeFiles/pad_msg__rosidl_typesupport_c.dir/rosidl_typesupport_c/pad_msg/msg/pad__type_support.cpp.o[0m
[3.815s] [ 38%] [32mBuilding C object CMakeFiles/pad_msg__rosidl_typesupport_introspection_c.dir/rosidl_typesupport_introspection_c/pad_msg/msg/detail/pad__type_support.c.o[0m
[3.838s] [ 41%] [32m[1mLinking CXX shared library libpad_msg__rosidl_typesupport_c.so[0m
[3.839s] [ 44%] [32mBuilding CXX object CMakeFiles/pad_msg__rosidl_typesupport_fastrtps_cpp.dir/rosidl_typesupport_fastrtps_cpp/pad_msg/msg/detail/dds_fastrtps/pad__type_support.cpp.o[0m
[3.841s] [ 47%] [32mBuilding CXX object CMakeFiles/pad_msg__rosidl_typesupport_fastrtps_c.dir/rosidl_typesupport_fastrtps_c/pad_msg/msg/detail/pad__type_support_c.cpp.o[0m
[3.858s] [ 50%] [32m[1mLinking C shared library libpad_msg__rosidl_typesupport_introspection_c.so[0m
[3.870s] [ 50%] Built target pad_msg__rosidl_typesupport_c
[3.874s] [ 52%] [34m[1mGenerating C++ introspection for ROS interfaces[0m
[3.875s] [ 52%] Built target pad_msg__rosidl_typesupport_introspection_c
[3.880s] [ 55%] [34m[1mGenerating C++ type support dispatch for ROS interfaces[0m
[4.161s] [ 58%] [32mBuilding CXX object CMakeFiles/pad_msg__rosidl_typesupport_cpp.dir/rosidl_typesupport_cpp/pad_msg/msg/pad__type_support.cpp.o[0m
[4.176s] [ 61%] [32mBuilding CXX object CMakeFiles/pad_msg__rosidl_typesupport_introspection_cpp.dir/rosidl_typesupport_introspection_cpp/pad_msg/msg/detail/pad__type_support.cpp.o[0m
[4.463s] [ 64%] [32m[1mLinking CXX shared library libpad_msg__rosidl_typesupport_fastrtps_c.so[0m
[4.475s] [ 67%] [32m[1mLinking CXX shared library libpad_msg__rosidl_typesupport_fastrtps_cpp.so[0m
[4.512s] [ 67%] Built target pad_msg__rosidl_typesupport_fastrtps_c
[4.529s] [ 67%] Built target pad_msg__rosidl_typesupport_fastrtps_cpp
[4.563s] [ 70%] [32m[1mLinking CXX shared library libpad_msg__rosidl_typesupport_cpp.so[0m
[4.591s] [ 70%] Built target pad_msg__rosidl_typesupport_cpp
[4.641s] [ 73%] [32m[1mLinking CXX shared library libpad_msg__rosidl_typesupport_introspection_cpp.so[0m
[4.702s] [ 73%] Built target pad_msg__rosidl_typesupport_introspection_cpp
[4.708s] [ 73%] Built target pad_msg
[4.714s] [ 76%] [34m[1mGenerating Python code for ROS interfaces[0m
[4.986s] [ 76%] Built target pad_msg__py
[4.992s] [ 79%] [32mBuilding C object CMakeFiles/pad_msg__rosidl_generator_py.dir/rosidl_generator_py/pad_msg/msg/_pad_s.c.o[0m
[5.103s] [ 82%] [32m[1mLinking C shared library libpad_msg__rosidl_generator_py.so[0m
[5.128s] [ 82%] Built target pad_msg__rosidl_generator_py
[5.141s] [ 91%] [32mBuilding C object CMakeFiles/pad_msg_s__rosidl_typesupport_fastrtps_c.dir/rosidl_generator_py/pad_msg/_pad_msg_s.ep.rosidl_typesupport_fastrtps_c.c.o[0m
[5.141s] [ 91%] [32mBuilding C object CMakeFiles/pad_msg_s__rosidl_typesupport_c.dir/rosidl_generator_py/pad_msg/_pad_msg_s.ep.rosidl_typesupport_c.c.o[0m
[5.141s] [ 91%] [32mBuilding C object CMakeFiles/pad_msg_s__rosidl_typesupport_introspection_c.dir/rosidl_generator_py/pad_msg/_pad_msg_s.ep.rosidl_typesupport_introspection_c.c.o[0m
[5.246s] [ 97%] [32m[1mLinking C shared module rosidl_generator_py/pad_msg/pad_msg_s__rosidl_typesupport_introspection_c.so[0m
[5.246s] [ 97%] [32m[1mLinking C shared module rosidl_generator_py/pad_msg/pad_msg_s__rosidl_typesupport_c.so[0m
[5.249s] [100%] [32m[1mLinking C shared module rosidl_generator_py/pad_msg/pad_msg_s__rosidl_typesupport_fastrtps_c.so[0m
[5.265s] [100%] Built target pad_msg_s__rosidl_typesupport_c
[5.265s] [100%] Built target pad_msg_s__rosidl_typesupport_introspection_c
[5.267s] [100%] Built target pad_msg_s__rosidl_typesupport_fastrtps_c
[5.271s] Invoked command in '/home/tatenami/ros2/ws/pad/build/pad_msg' returned '0': CMAKE_PREFIX_PATH=${CMAKE_PREFIX_PATH}:/opt/ros/jazzy DEBUGINFOD_URLS=https://debuginfod.ubuntu.com /opt/st/stm32cubeclt_1.16.0/CMake/bin/cmake --build /home/tatenami/ros2/ws/pad/build/pad_msg -- -j4 -l4
[5.274s] Invoking command in '/home/tatenami/ros2/ws/pad/build/pad_msg': CMAKE_PREFIX_PATH=${CMAKE_PREFIX_PATH}:/opt/ros/jazzy DEBUGINFOD_URLS=https://debuginfod.ubuntu.com /opt/st/stm32cubeclt_1.16.0/CMake/bin/cmake --install /home/tatenami/ros2/ws/pad/build/pad_msg
[5.277s] -- Install configuration: ""
[5.277s] -- Installing: /home/tatenami/ros2/ws/pad/install/pad_msg/share/ament_index/resource_index/rosidl_interfaces/pad_msg
[5.277s] -- Installing: /home/tatenami/ros2/ws/pad/install/pad_msg/share/pad_msg/msg/Pad.json
[5.277s] -- Installing: /home/tatenami/ros2/ws/pad/install/pad_msg/include/pad_msg/pad_msg
[5.278s] -- Installing: /home/tatenami/ros2/ws/pad/install/pad_msg/include/pad_msg/pad_msg/msg
[5.278s] -- Installing: /home/tatenami/ros2/ws/pad/install/pad_msg/include/pad_msg/pad_msg/msg/pad.h
[5.278s] -- Installing: /home/tatenami/ros2/ws/pad/install/pad_msg/include/pad_msg/pad_msg/msg/rosidl_generator_c__visibility_control.h
[5.278s] -- Installing: /home/tatenami/ros2/ws/pad/install/pad_msg/include/pad_msg/pad_msg/msg/detail
[5.278s] -- Installing: /home/tatenami/ros2/ws/pad/install/pad_msg/include/pad_msg/pad_msg/msg/detail/pad__type_support.h
[5.278s] -- Installing: /home/tatenami/ros2/ws/pad/install/pad_msg/include/pad_msg/pad_msg/msg/detail/pad__functions.c
[5.278s] -- Installing: /home/tatenami/ros2/ws/pad/install/pad_msg/include/pad_msg/pad_msg/msg/detail/pad__functions.h
[5.278s] -- Installing: /home/tatenami/ros2/ws/pad/install/pad_msg/include/pad_msg/pad_msg/msg/detail/pad__type_support.c
[5.278s] -- Installing: /home/tatenami/ros2/ws/pad/install/pad_msg/include/pad_msg/pad_msg/msg/detail/pad__description.c
[5.279s] -- Installing: /home/tatenami/ros2/ws/pad/install/pad_msg/include/pad_msg/pad_msg/msg/detail/pad__struct.h
[5.279s] -- Installing: /home/tatenami/ros2/ws/pad/install/pad_msg/share/pad_msg/environment/library_path.sh
[5.279s] -- Installing: /home/tatenami/ros2/ws/pad/install/pad_msg/share/pad_msg/environment/library_path.dsv
[5.279s] -- Installing: /home/tatenami/ros2/ws/pad/install/pad_msg/lib/libpad_msg__rosidl_generator_c.so
[5.279s] -- Set non-toolchain portion of runtime path of "/home/tatenami/ros2/ws/pad/install/pad_msg/lib/libpad_msg__rosidl_generator_c.so" to ""
[5.279s] -- Up-to-date: /home/tatenami/ros2/ws/pad/install/pad_msg/include/pad_msg/pad_msg
[5.279s] -- Up-to-date: /home/tatenami/ros2/ws/pad/install/pad_msg/include/pad_msg/pad_msg/msg
[5.279s] -- Up-to-date: /home/tatenami/ros2/ws/pad/install/pad_msg/include/pad_msg/pad_msg/msg/detail
[5.280s] -- Installing: /home/tatenami/ros2/ws/pad/install/pad_msg/include/pad_msg/pad_msg/msg/detail/pad__rosidl_typesupport_fastrtps_c.h
[5.280s] -- Installing: /home/tatenami/ros2/ws/pad/install/pad_msg/include/pad_msg/pad_msg/msg/rosidl_typesupport_fastrtps_c__visibility_control.h
[5.280s] -- Installing: /home/tatenami/ros2/ws/pad/install/pad_msg/lib/libpad_msg__rosidl_typesupport_fastrtps_c.so
[5.280s] -- Set non-toolchain portion of runtime path of "/home/tatenami/ros2/ws/pad/install/pad_msg/lib/libpad_msg__rosidl_typesupport_fastrtps_c.so" to ""
[5.280s] -- Up-to-date: /home/tatenami/ros2/ws/pad/install/pad_msg/include/pad_msg/pad_msg
[5.280s] -- Up-to-date: /home/tatenami/ros2/ws/pad/install/pad_msg/include/pad_msg/pad_msg/msg
[5.280s] -- Installing: /home/tatenami/ros2/ws/pad/install/pad_msg/include/pad_msg/pad_msg/msg/rosidl_typesupport_introspection_c__visibility_control.h
[5.280s] -- Up-to-date: /home/tatenami/ros2/ws/pad/install/pad_msg/include/pad_msg/pad_msg/msg/detail
[5.280s] -- Installing: /home/tatenami/ros2/ws/pad/install/pad_msg/include/pad_msg/pad_msg/msg/detail/pad__rosidl_typesupport_introspection_c.h
[5.280s] -- Up-to-date: /home/tatenami/ros2/ws/pad/install/pad_msg/include/pad_msg/pad_msg/msg/detail/pad__type_support.c
[5.281s] -- Installing: /home/tatenami/ros2/ws/pad/install/pad_msg/lib/libpad_msg__rosidl_typesupport_introspection_c.so
[5.281s] -- Set non-toolchain portion of runtime path of "/home/tatenami/ros2/ws/pad/install/pad_msg/lib/libpad_msg__rosidl_typesupport_introspection_c.so" to ""
[5.281s] -- Installing: /home/tatenami/ros2/ws/pad/install/pad_msg/lib/libpad_msg__rosidl_typesupport_c.so
[5.281s] -- Set non-toolchain portion of runtime path of "/home/tatenami/ros2/ws/pad/install/pad_msg/lib/libpad_msg__rosidl_typesupport_c.so" to ""
[5.281s] -- Up-to-date: /home/tatenami/ros2/ws/pad/install/pad_msg/include/pad_msg/pad_msg
[5.281s] -- Up-to-date: /home/tatenami/ros2/ws/pad/install/pad_msg/include/pad_msg/pad_msg/msg
[5.281s] -- Installing: /home/tatenami/ros2/ws/pad/install/pad_msg/include/pad_msg/pad_msg/msg/pad.hpp
[5.281s] -- Installing: /home/tatenami/ros2/ws/pad/install/pad_msg/include/pad_msg/pad_msg/msg/rosidl_generator_cpp__visibility_control.hpp
[5.281s] -- Up-to-date: /home/tatenami/ros2/ws/pad/install/pad_msg/include/pad_msg/pad_msg/msg/detail
[5.281s] -- Installing: /home/tatenami/ros2/ws/pad/install/pad_msg/include/pad_msg/pad_msg/msg/detail/pad__type_support.hpp
[5.282s] -- Installing: /home/tatenami/ros2/ws/pad/install/pad_msg/include/pad_msg/pad_msg/msg/detail/pad__builder.hpp
[5.282s] -- Installing: /home/tatenami/ros2/ws/pad/install/pad_msg/include/pad_msg/pad_msg/msg/detail/pad__traits.hpp
[5.282s] -- Installing: /home/tatenami/ros2/ws/pad/install/pad_msg/include/pad_msg/pad_msg/msg/detail/pad__struct.hpp
[5.282s] -- Up-to-date: /home/tatenami/ros2/ws/pad/install/pad_msg/include/pad_msg/pad_msg
[5.282s] -- Up-to-date: /home/tatenami/ros2/ws/pad/install/pad_msg/include/pad_msg/pad_msg/msg
[5.282s] -- Installing: /home/tatenami/ros2/ws/pad/install/pad_msg/include/pad_msg/pad_msg/msg/rosidl_typesupport_fastrtps_cpp__visibility_control.h
[5.282s] -- Up-to-date: /home/tatenami/ros2/ws/pad/install/pad_msg/include/pad_msg/pad_msg/msg/detail
[5.282s] -- Installing: /home/tatenami/ros2/ws/pad/install/pad_msg/include/pad_msg/pad_msg/msg/detail/pad__rosidl_typesupport_fastrtps_cpp.hpp
[5.282s] -- Installing: /home/tatenami/ros2/ws/pad/install/pad_msg/include/pad_msg/pad_msg/msg/detail/dds_fastrtps
[5.282s] -- Installing: /home/tatenami/ros2/ws/pad/install/pad_msg/lib/libpad_msg__rosidl_typesupport_fastrtps_cpp.so
[5.282s] -- Set non-toolchain portion of runtime path of "/home/tatenami/ros2/ws/pad/install/pad_msg/lib/libpad_msg__rosidl_typesupport_fastrtps_cpp.so" to ""
[5.283s] -- Up-to-date: /home/tatenami/ros2/ws/pad/install/pad_msg/include/pad_msg/pad_msg
[5.283s] -- Up-to-date: /home/tatenami/ros2/ws/pad/install/pad_msg/include/pad_msg/pad_msg/msg
[5.283s] -- Up-to-date: /home/tatenami/ros2/ws/pad/install/pad_msg/include/pad_msg/pad_msg/msg/detail
[5.283s] -- Installing: /home/tatenami/ros2/ws/pad/install/pad_msg/include/pad_msg/pad_msg/msg/detail/pad__rosidl_typesupport_introspection_cpp.hpp
[5.283s] -- Installing: /home/tatenami/ros2/ws/pad/install/pad_msg/include/pad_msg/pad_msg/msg/detail/pad__type_support.cpp
[5.283s] -- Installing: /home/tatenami/ros2/ws/pad/install/pad_msg/lib/libpad_msg__rosidl_typesupport_introspection_cpp.so
[5.283s] -- Set non-toolchain portion of runtime path of "/home/tatenami/ros2/ws/pad/install/pad_msg/lib/libpad_msg__rosidl_typesupport_introspection_cpp.so" to ""
[5.283s] -- Installing: /home/tatenami/ros2/ws/pad/install/pad_msg/lib/libpad_msg__rosidl_typesupport_cpp.so
[5.284s] -- Set non-toolchain portion of runtime path of "/home/tatenami/ros2/ws/pad/install/pad_msg/lib/libpad_msg__rosidl_typesupport_cpp.so" to ""
[5.284s] -- Installing: /home/tatenami/ros2/ws/pad/install/pad_msg/share/pad_msg/environment/pythonpath.sh
[5.284s] -- Installing: /home/tatenami/ros2/ws/pad/install/pad_msg/share/pad_msg/environment/pythonpath.dsv
[5.284s] -- Installing: /home/tatenami/ros2/ws/pad/install/pad_msg/lib/python3.12/site-packages/pad_msg-0.0.0-py3.12.egg-info
[5.284s] -- Installing: /home/tatenami/ros2/ws/pad/install/pad_msg/lib/python3.12/site-packages/pad_msg-0.0.0-py3.12.egg-info/dependency_links.txt
[5.284s] -- Installing: /home/tatenami/ros2/ws/pad/install/pad_msg/lib/python3.12/site-packages/pad_msg-0.0.0-py3.12.egg-info/PKG-INFO
[5.284s] -- Installing: /home/tatenami/ros2/ws/pad/install/pad_msg/lib/python3.12/site-packages/pad_msg-0.0.0-py3.12.egg-info/top_level.txt
[5.284s] -- Installing: /home/tatenami/ros2/ws/pad/install/pad_msg/lib/python3.12/site-packages/pad_msg-0.0.0-py3.12.egg-info/SOURCES.txt
[5.284s] -- Installing: /home/tatenami/ros2/ws/pad/install/pad_msg/lib/python3.12/site-packages/pad_msg
[5.284s] -- Installing: /home/tatenami/ros2/ws/pad/install/pad_msg/lib/python3.12/site-packages/pad_msg/_pad_msg_s.ep.rosidl_typesupport_fastrtps_c.c
[5.285s] -- Installing: /home/tatenami/ros2/ws/pad/install/pad_msg/lib/python3.12/site-packages/pad_msg/pad_msg_s__rosidl_typesupport_introspection_c.so
[5.285s] -- Installing: /home/tatenami/ros2/ws/pad/install/pad_msg/lib/python3.12/site-packages/pad_msg/msg
[5.285s] -- Installing: /home/tatenami/ros2/ws/pad/install/pad_msg/lib/python3.12/site-packages/pad_msg/msg/_pad_s.c
[5.285s] -- Installing: /home/tatenami/ros2/ws/pad/install/pad_msg/lib/python3.12/site-packages/pad_msg/msg/_pad.py
[5.285s] -- Installing: /home/tatenami/ros2/ws/pad/install/pad_msg/lib/python3.12/site-packages/pad_msg/msg/__init__.py
[5.285s] -- Installing: /home/tatenami/ros2/ws/pad/install/pad_msg/lib/python3.12/site-packages/pad_msg/pad_msg_s__rosidl_typesupport_fastrtps_c.so
[5.285s] -- Installing: /home/tatenami/ros2/ws/pad/install/pad_msg/lib/python3.12/site-packages/pad_msg/pad_msg_s__rosidl_typesupport_c.so
[5.285s] -- Installing: /home/tatenami/ros2/ws/pad/install/pad_msg/lib/python3.12/site-packages/pad_msg/_pad_msg_s.ep.rosidl_typesupport_introspection_c.c
[5.285s] -- Installing: /home/tatenami/ros2/ws/pad/install/pad_msg/lib/python3.12/site-packages/pad_msg/_pad_msg_s.ep.rosidl_typesupport_c.c
[5.285s] -- Installing: /home/tatenami/ros2/ws/pad/install/pad_msg/lib/python3.12/site-packages/pad_msg/__init__.py
[5.324s] Listing '/home/tatenami/ros2/ws/pad/install/pad_msg/lib/python3.12/site-packages/pad_msg'...
[5.324s] Compiling '/home/tatenami/ros2/ws/pad/install/pad_msg/lib/python3.12/site-packages/pad_msg/__init__.py'...
[5.324s] Listing '/home/tatenami/ros2/ws/pad/install/pad_msg/lib/python3.12/site-packages/pad_msg/msg'...
[5.325s] Compiling '/home/tatenami/ros2/ws/pad/install/pad_msg/lib/python3.12/site-packages/pad_msg/msg/__init__.py'...
[5.325s] Compiling '/home/tatenami/ros2/ws/pad/install/pad_msg/lib/python3.12/site-packages/pad_msg/msg/_pad.py'...
[5.331s] -- Installing: /home/tatenami/ros2/ws/pad/install/pad_msg/lib/python3.12/site-packages/pad_msg/pad_msg_s__rosidl_typesupport_fastrtps_c.so
[5.331s] -- Set non-toolchain portion of runtime path of "/home/tatenami/ros2/ws/pad/install/pad_msg/lib/python3.12/site-packages/pad_msg/pad_msg_s__rosidl_typesupport_fastrtps_c.so" to ""
[5.331s] -- Installing: /home/tatenami/ros2/ws/pad/install/pad_msg/lib/python3.12/site-packages/pad_msg/pad_msg_s__rosidl_typesupport_introspection_c.so
[5.331s] -- Set non-toolchain portion of runtime path of "/home/tatenami/ros2/ws/pad/install/pad_msg/lib/python3.12/site-packages/pad_msg/pad_msg_s__rosidl_typesupport_introspection_c.so" to ""
[5.332s] -- Installing: /home/tatenami/ros2/ws/pad/install/pad_msg/lib/python3.12/site-packages/pad_msg/pad_msg_s__rosidl_typesupport_c.so
[5.332s] -- Set non-toolchain portion of runtime path of "/home/tatenami/ros2/ws/pad/install/pad_msg/lib/python3.12/site-packages/pad_msg/pad_msg_s__rosidl_typesupport_c.so" to ""
[5.332s] -- Installing: /home/tatenami/ros2/ws/pad/install/pad_msg/lib/libpad_msg__rosidl_generator_py.so
[5.332s] -- Set non-toolchain portion of runtime path of "/home/tatenami/ros2/ws/pad/install/pad_msg/lib/libpad_msg__rosidl_generator_py.so" to ""
[5.332s] -- Installing: /home/tatenami/ros2/ws/pad/install/pad_msg/share/pad_msg/msg/Pad.idl
[5.332s] -- Installing: /home/tatenami/ros2/ws/pad/install/pad_msg/share/pad_msg/msg/Pad.msg
[5.332s] -- Installing: /home/tatenami/ros2/ws/pad/install/pad_msg/share/ament_index/resource_index/package_run_dependencies/pad_msg
[5.333s] -- Installing: /home/tatenami/ros2/ws/pad/install/pad_msg/share/ament_index/resource_index/parent_prefix_path/pad_msg
[5.333s] -- Installing: /home/tatenami/ros2/ws/pad/install/pad_msg/share/pad_msg/environment/ament_prefix_path.sh
[5.333s] -- Installing: /home/tatenami/ros2/ws/pad/install/pad_msg/share/pad_msg/environment/ament_prefix_path.dsv
[5.333s] -- Installing: /home/tatenami/ros2/ws/pad/install/pad_msg/share/pad_msg/environment/path.sh
[5.333s] -- Installing: /home/tatenami/ros2/ws/pad/install/pad_msg/share/pad_msg/environment/path.dsv
[5.333s] -- Installing: /home/tatenami/ros2/ws/pad/install/pad_msg/share/pad_msg/local_setup.bash
[5.333s] -- Installing: /home/tatenami/ros2/ws/pad/install/pad_msg/share/pad_msg/local_setup.sh
[5.333s] -- Installing: /home/tatenami/ros2/ws/pad/install/pad_msg/share/pad_msg/local_setup.zsh
[5.334s] -- Installing: /home/tatenami/ros2/ws/pad/install/pad_msg/share/pad_msg/local_setup.dsv
[5.334s] -- Installing: /home/tatenami/ros2/ws/pad/install/pad_msg/share/pad_msg/package.dsv
[5.334s] -- Installing: /home/tatenami/ros2/ws/pad/install/pad_msg/share/ament_index/resource_index/packages/pad_msg
[5.334s] -- Installing: /home/tatenami/ros2/ws/pad/install/pad_msg/share/pad_msg/cmake/export_pad_msg__rosidl_generator_cExport.cmake
[5.334s] -- Installing: /home/tatenami/ros2/ws/pad/install/pad_msg/share/pad_msg/cmake/export_pad_msg__rosidl_generator_cExport-noconfig.cmake
[5.334s] -- Installing: /home/tatenami/ros2/ws/pad/install/pad_msg/share/pad_msg/cmake/export_pad_msg__rosidl_typesupport_fastrtps_cExport.cmake
[5.335s] -- Installing: /home/tatenami/ros2/ws/pad/install/pad_msg/share/pad_msg/cmake/export_pad_msg__rosidl_typesupport_fastrtps_cExport-noconfig.cmake
[5.335s] -- Installing: /home/tatenami/ros2/ws/pad/install/pad_msg/share/pad_msg/cmake/pad_msg__rosidl_typesupport_introspection_cExport.cmake
[5.335s] -- Installing: /home/tatenami/ros2/ws/pad/install/pad_msg/share/pad_msg/cmake/pad_msg__rosidl_typesupport_introspection_cExport-noconfig.cmake
[5.335s] -- Installing: /home/tatenami/ros2/ws/pad/install/pad_msg/share/pad_msg/cmake/pad_msg__rosidl_typesupport_cExport.cmake
[5.335s] -- Installing: /home/tatenami/ros2/ws/pad/install/pad_msg/share/pad_msg/cmake/pad_msg__rosidl_typesupport_cExport-noconfig.cmake
[5.335s] -- Installing: /home/tatenami/ros2/ws/pad/install/pad_msg/share/pad_msg/cmake/export_pad_msg__rosidl_generator_cppExport.cmake
[5.335s] -- Installing: /home/tatenami/ros2/ws/pad/install/pad_msg/share/pad_msg/cmake/export_pad_msg__rosidl_typesupport_fastrtps_cppExport.cmake
[5.336s] -- Installing: /home/tatenami/ros2/ws/pad/install/pad_msg/share/pad_msg/cmake/export_pad_msg__rosidl_typesupport_fastrtps_cppExport-noconfig.cmake
[5.336s] -- Installing: /home/tatenami/ros2/ws/pad/install/pad_msg/share/pad_msg/cmake/pad_msg__rosidl_typesupport_introspection_cppExport.cmake
[5.336s] -- Installing: /home/tatenami/ros2/ws/pad/install/pad_msg/share/pad_msg/cmake/pad_msg__rosidl_typesupport_introspection_cppExport-noconfig.cmake
[5.336s] -- Installing: /home/tatenami/ros2/ws/pad/install/pad_msg/share/pad_msg/cmake/pad_msg__rosidl_typesupport_cppExport.cmake
[5.336s] -- Installing: /home/tatenami/ros2/ws/pad/install/pad_msg/share/pad_msg/cmake/pad_msg__rosidl_typesupport_cppExport-noconfig.cmake
[5.336s] -- Installing: /home/tatenami/ros2/ws/pad/install/pad_msg/share/pad_msg/cmake/export_pad_msg__rosidl_generator_pyExport.cmake
[5.336s] -- Installing: /home/tatenami/ros2/ws/pad/install/pad_msg/share/pad_msg/cmake/export_pad_msg__rosidl_generator_pyExport-noconfig.cmake
[5.336s] -- Installing: /home/tatenami/ros2/ws/pad/install/pad_msg/share/pad_msg/cmake/rosidl_cmake-extras.cmake
[5.337s] -- Installing: /home/tatenami/ros2/ws/pad/install/pad_msg/share/pad_msg/cmake/ament_cmake_export_include_directories-extras.cmake
[5.337s] -- Installing: /home/tatenami/ros2/ws/pad/install/pad_msg/share/pad_msg/cmake/ament_cmake_export_libraries-extras.cmake
[5.337s] -- Installing: /home/tatenami/ros2/ws/pad/install/pad_msg/share/pad_msg/cmake/ament_cmake_export_targets-extras.cmake
[5.337s] -- Installing: /home/tatenami/ros2/ws/pad/install/pad_msg/share/pad_msg/cmake/rosidl_cmake_export_typesupport_targets-extras.cmake
[5.337s] -- Installing: /home/tatenami/ros2/ws/pad/install/pad_msg/share/pad_msg/cmake/ament_cmake_export_dependencies-extras.cmake
[5.337s] -- Installing: /home/tatenami/ros2/ws/pad/install/pad_msg/share/pad_msg/cmake/rosidl_cmake_export_typesupport_libraries-extras.cmake
[5.337s] -- Installing: /home/tatenami/ros2/ws/pad/install/pad_msg/share/pad_msg/cmake/pad_msgConfig.cmake
[5.337s] -- Installing: /home/tatenami/ros2/ws/pad/install/pad_msg/share/pad_msg/cmake/pad_msgConfig-version.cmake
[5.337s] -- Installing: /home/tatenami/ros2/ws/pad/install/pad_msg/share/pad_msg/package.xml
[5.339s] Invoked command in '/home/tatenami/ros2/ws/pad/build/pad_msg' returned '0': CMAKE_PREFIX_PATH=${CMAKE_PREFIX_PATH}:/opt/ros/jazzy DEBUGINFOD_URLS=https://debuginfod.ubuntu.com /opt/st/stm32cubeclt_1.16.0/CMake/bin/cmake --install /home/tatenami/ros2/ws/pad/build/pad_msg
